{"D:\\Antigravity\\New folder\\IRIS-AI\\src\\main\\logic\\adb-manager.ts": {"path":"D:\\Antigravity\\New folder\\IRIS-AI\\src\\main\\logic\\adb-manager.ts","statementMap":{"0":{"start":{"line":11,"column":0},"end":{"line":11,"column":24}},"1":{"start":{"line":1,"column":0},"end":{"line":1,"column":39}},"2":{"start":{"line":2,"column":0},"end":{"line":2,"column":36}},"3":{"start":{"line":3,"column":0},"end":{"line":3,"column":23}},"4":{"start":{"line":4,"column":0},"end":{"line":4,"column":28}},"5":{"start":{"line":5,"column":0},"end":{"line":5,"column":23}},"6":{"start":{"line":7,"column":18},"end":{"line":7,"column":38}},"7":{"start":{"line":9,"column":62},"end":{"line":9,"column":66}},"8":{"start":{"line":12,"column":18},"end":{"line":12,"column":73}},"9":{"start":{"line":13,"column":22},"end":{"line":13,"column":63}},"10":{"start":{"line":15,"column":30},"end":{"line":36,"column":null}},"11":{"start":{"line":15,"column":80},"end":{"line":36,"column":null}},"12":{"start":{"line":16,"column":4},"end":{"line":35,"column":5}},"13":{"start":{"line":17,"column":6},"end":{"line":17,"column":null}},"14":{"start":{"line":19,"column":27},"end":{"line":19,"column":29}},"15":{"start":{"line":20,"column":6},"end":{"line":23,"column":20}},"16":{"start":{"line":21,"column":21},"end":{"line":21,"column":60}},"17":{"start":{"line":22,"column":8},"end":{"line":22,"column":null}},"18":{"start":{"line":25,"column":28},"end":{"line":25,"column":65}},"19":{"start":{"line":25,"column":53},"end":{"line":25,"column":64}},"20":{"start":{"line":26,"column":25},"end":{"line":26,"column":85}},"21":{"start":{"line":28,"column":6},"end":{"line":32,"column":7}},"22":{"start":{"line":29,"column":8},"end":{"line":29,"column":null}},"23":{"start":{"line":31,"column":8},"end":{"line":31,"column":null}},"24":{"start":{"line":33,"column":6},"end":{"line":33,"column":null}},"25":{"start":{"line":38,"column":2},"end":{"line":38,"column":null}},"26":{"start":{"line":39,"column":2},"end":{"line":46,"column":null}},"27":{"start":{"line":39,"column":47},"end":{"line":46,"column":4}},"28":{"start":{"line":40,"column":4},"end":{"line":45,"column":5}},"29":{"start":{"line":41,"column":19},"end":{"line":41,"column":58}},"30":{"start":{"line":42,"column":6},"end":{"line":42,"column":null}},"31":{"start":{"line":44,"column":6},"end":{"line":44,"column":null}},"32":{"start":{"line":48,"column":2},"end":{"line":48,"column":null}},"33":{"start":{"line":49,"column":2},"end":{"line":72,"column":null}},"34":{"start":{"line":49,"column":58},"end":{"line":72,"column":4}},"35":{"start":{"line":50,"column":4},"end":{"line":71,"column":5}},"36":{"start":{"line":51,"column":25},"end":{"line":51,"column":69}},"37":{"start":{"line":53,"column":6},"end":{"line":67,"column":7}},"38":{"start":{"line":57,"column":8},"end":{"line":57,"column":null}},"39":{"start":{"line":59,"column":8},"end":{"line":64,"column":22}},"40":{"start":{"line":60,"column":39},"end":{"line":61,"column":null}},"41":{"start":{"line":63,"column":10},"end":{"line":63,"column":null}},"42":{"start":{"line":66,"column":8},"end":{"line":66,"column":null}},"43":{"start":{"line":68,"column":6},"end":{"line":68,"column":null}},"44":{"start":{"line":70,"column":6},"end":{"line":70,"column":null}},"45":{"start":{"line":74,"column":2},"end":{"line":74,"column":null}},"46":{"start":{"line":75,"column":2},"end":{"line":84,"column":null}},"47":{"start":{"line":75,"column":46},"end":{"line":84,"column":4}},"48":{"start":{"line":76,"column":4},"end":{"line":76,"column":null}},"49":{"start":{"line":76,"column":23},"end":{"line":76,"column":null}},"50":{"start":{"line":77,"column":4},"end":{"line":83,"column":5}},"51":{"start":{"line":78,"column":6},"end":{"line":78,"column":null}},"52":{"start":{"line":79,"column":6},"end":{"line":79,"column":null}},"53":{"start":{"line":80,"column":6},"end":{"line":80,"column":null}},"54":{"start":{"line":82,"column":6},"end":{"line":82,"column":null}},"55":{"start":{"line":86,"column":2},"end":{"line":86,"column":null}},"56":{"start":{"line":87,"column":2},"end":{"line":103,"column":null}},"57":{"start":{"line":87,"column":46},"end":{"line":103,"column":4}},"58":{"start":{"line":88,"column":4},"end":{"line":88,"column":null}},"59":{"start":{"line":88,"column":23},"end":{"line":88,"column":null}},"60":{"start":{"line":89,"column":4},"end":{"line":102,"column":null}},"61":{"start":{"line":90,"column":6},"end":{"line":101,"column":null}},"62":{"start":{"line":94,"column":10},"end":{"line":99,"column":11}},"63":{"start":{"line":95,"column":12},"end":{"line":95,"column":null}},"64":{"start":{"line":97,"column":27},"end":{"line":97,"column":79}},"65":{"start":{"line":98,"column":12},"end":{"line":98,"column":null}},"66":{"start":{"line":105,"column":2},"end":{"line":105,"column":null}},"67":{"start":{"line":106,"column":2},"end":{"line":123,"column":null}},"68":{"start":{"line":106,"column":61},"end":{"line":123,"column":4}},"69":{"start":{"line":107,"column":4},"end":{"line":107,"column":null}},"70":{"start":{"line":107,"column":23},"end":{"line":107,"column":null}},"71":{"start":{"line":108,"column":19},"end":{"line":108,"column":63}},"72":{"start":{"line":109,"column":4},"end":{"line":122,"column":5}},"73":{"start":{"line":110,"column":6},"end":{"line":118,"column":7}},"74":{"start":{"line":111,"column":8},"end":{"line":111,"column":null}},"75":{"start":{"line":112,"column":13},"end":{"line":118,"column":7}},"76":{"start":{"line":113,"column":8},"end":{"line":113,"column":null}},"77":{"start":{"line":114,"column":13},"end":{"line":118,"column":7}},"78":{"start":{"line":115,"column":8},"end":{"line":115,"column":null}},"79":{"start":{"line":116,"column":13},"end":{"line":118,"column":7}},"80":{"start":{"line":117,"column":8},"end":{"line":117,"column":null}},"81":{"start":{"line":119,"column":6},"end":{"line":119,"column":null}},"82":{"start":{"line":121,"column":6},"end":{"line":121,"column":null}},"83":{"start":{"line":125,"column":2},"end":{"line":125,"column":null}},"84":{"start":{"line":126,"column":2},"end":{"line":169,"column":null}},"85":{"start":{"line":126,"column":45},"end":{"line":169,"column":4}},"86":{"start":{"line":127,"column":4},"end":{"line":127,"column":null}},"87":{"start":{"line":127,"column":23},"end":{"line":127,"column":null}},"88":{"start":{"line":128,"column":19},"end":{"line":128,"column":63}},"89":{"start":{"line":129,"column":4},"end":{"line":168,"column":5}},"90":{"start":{"line":130,"column":37},"end":{"line":130,"column":91}},"91":{"start":{"line":131,"column":25},"end":{"line":131,"column":57}},"92":{"start":{"line":132,"column":24},"end":{"line":132,"column":62}},"93":{"start":{"line":134,"column":8},"end":{"line":134,"column":91}},"94":{"start":{"line":136,"column":20},"end":{"line":136,"column":60}},"95":{"start":{"line":137,"column":19},"end":{"line":137,"column":75}},"96":{"start":{"line":139,"column":37},"end":{"line":139,"column":87}},"97":{"start":{"line":140,"column":27},"end":{"line":140,"column":56}},"98":{"start":{"line":141,"column":24},"end":{"line":141,"column":27}},"99":{"start":{"line":142,"column":23},"end":{"line":142,"column":26}},"100":{"start":{"line":143,"column":25},"end":{"line":143,"column":26}},"101":{"start":{"line":145,"column":6},"end":{"line":150,"column":7}},"102":{"start":{"line":146,"column":22},"end":{"line":146,"column":57}},"103":{"start":{"line":147,"column":8},"end":{"line":147,"column":null}},"104":{"start":{"line":148,"column":8},"end":{"line":148,"column":null}},"105":{"start":{"line":149,"column":8},"end":{"line":149,"column":null}},"106":{"start":{"line":152,"column":35},"end":{"line":152,"column":98}},"107":{"start":{"line":153,"column":32},"end":{"line":154,"column":null}},"108":{"start":{"line":157,"column":6},"end":{"line":165,"column":null}},"109":{"start":{"line":167,"column":6},"end":{"line":167,"column":null}},"110":{"start":{"line":171,"column":2},"end":{"line":171,"column":null}},"111":{"start":{"line":172,"column":2},"end":{"line":184,"column":null}},"112":{"start":{"line":172,"column":50},"end":{"line":184,"column":4}},"113":{"start":{"line":173,"column":4},"end":{"line":173,"column":null}},"114":{"start":{"line":173,"column":23},"end":{"line":173,"column":null}},"115":{"start":{"line":174,"column":4},"end":{"line":183,"column":5}},"116":{"start":{"line":175,"column":21},"end":{"line":175,"column":65}},"117":{"start":{"line":176,"column":33},"end":{"line":176,"column":87}},"118":{"start":{"line":177,"column":20},"end":{"line":177,"column":66}},"119":{"start":{"line":178,"column":35},"end":{"line":178,"column":98}},"120":{"start":{"line":180,"column":6},"end":{"line":180,"column":null}},"121":{"start":{"line":182,"column":6},"end":{"line":182,"column":null}},"122":{"start":{"line":186,"column":2},"end":{"line":186,"column":null}},"123":{"start":{"line":187,"column":2},"end":{"line":205,"column":null}},"124":{"start":{"line":187,"column":62},"end":{"line":205,"column":4}},"125":{"start":{"line":188,"column":4},"end":{"line":188,"column":null}},"126":{"start":{"line":188,"column":23},"end":{"line":188,"column":null}},"127":{"start":{"line":190,"column":4},"end":{"line":204,"column":5}},"128":{"start":{"line":191,"column":21},"end":{"line":191,"column":65}},"129":{"start":{"line":193,"column":6},"end":{"line":196,"column":7}},"130":{"start":{"line":194,"column":8},"end":{"line":194,"column":null}},"131":{"start":{"line":195,"column":8},"end":{"line":195,"column":null}},"132":{"start":{"line":198,"column":6},"end":{"line":200,"column":null}},"133":{"start":{"line":201,"column":6},"end":{"line":201,"column":null}},"134":{"start":{"line":203,"column":6},"end":{"line":203,"column":null}},"135":{"start":{"line":207,"column":2},"end":{"line":207,"column":null}},"136":{"start":{"line":208,"column":2},"end":{"line":224,"column":null}},"137":{"start":{"line":208,"column":63},"end":{"line":224,"column":4}},"138":{"start":{"line":209,"column":4},"end":{"line":209,"column":null}},"139":{"start":{"line":209,"column":23},"end":{"line":209,"column":null}},"140":{"start":{"line":211,"column":4},"end":{"line":223,"column":5}},"141":{"start":{"line":212,"column":21},"end":{"line":212,"column":65}},"142":{"start":{"line":214,"column":6},"end":{"line":217,"column":7}},"143":{"start":{"line":215,"column":8},"end":{"line":215,"column":null}},"144":{"start":{"line":216,"column":8},"end":{"line":216,"column":null}},"145":{"start":{"line":219,"column":6},"end":{"line":219,"column":null}},"146":{"start":{"line":220,"column":6},"end":{"line":220,"column":null}},"147":{"start":{"line":222,"column":6},"end":{"line":222,"column":null}},"148":{"start":{"line":226,"column":2},"end":{"line":226,"column":null}},"149":{"start":{"line":227,"column":2},"end":{"line":249,"column":null}},"150":{"start":{"line":227,"column":64},"end":{"line":249,"column":4}},"151":{"start":{"line":228,"column":4},"end":{"line":228,"column":null}},"152":{"start":{"line":228,"column":23},"end":{"line":228,"column":null}},"153":{"start":{"line":229,"column":19},"end":{"line":229,"column":63}},"154":{"start":{"line":231,"column":4},"end":{"line":248,"column":5}},"155":{"start":{"line":232,"column":25},"end":{"line":232,"column":71}},"156":{"start":{"line":233,"column":20},"end":{"line":233,"column":47}},"157":{"start":{"line":235,"column":6},"end":{"line":244,"column":7}},"158":{"start":{"line":236,"column":22},"end":{"line":236,"column":40}},"159":{"start":{"line":237,"column":23},"end":{"line":237,"column":41}},"160":{"start":{"line":239,"column":18},"end":{"line":239,"column":54}},"161":{"start":{"line":240,"column":18},"end":{"line":240,"column":55}},"162":{"start":{"line":242,"column":8},"end":{"line":242,"column":null}},"163":{"start":{"line":243,"column":8},"end":{"line":243,"column":null}},"164":{"start":{"line":245,"column":6},"end":{"line":245,"column":null}},"165":{"start":{"line":247,"column":6},"end":{"line":247,"column":null}},"166":{"start":{"line":251,"column":2},"end":{"line":251,"column":null}},"167":{"start":{"line":252,"column":2},"end":{"line":284,"column":null}},"168":{"start":{"line":252,"column":57},"end":{"line":284,"column":4}},"169":{"start":{"line":253,"column":4},"end":{"line":253,"column":null}},"170":{"start":{"line":253,"column":23},"end":{"line":253,"column":null}},"171":{"start":{"line":254,"column":19},"end":{"line":254,"column":63}},"172":{"start":{"line":256,"column":4},"end":{"line":283,"column":5}},"173":{"start":{"line":257,"column":25},"end":{"line":257,"column":71}},"174":{"start":{"line":258,"column":20},"end":{"line":258,"column":47}},"175":{"start":{"line":259,"column":6},"end":{"line":259,"column":null}},"176":{"start":{"line":259,"column":18},"end":{"line":259,"column":null}},"177":{"start":{"line":261,"column":16},"end":{"line":261,"column":34}},"178":{"start":{"line":262,"column":16},"end":{"line":262,"column":34}},"179":{"start":{"line":263,"column":17},"end":{"line":263,"column":34}},"180":{"start":{"line":264,"column":17},"end":{"line":264,"column":34}},"181":{"start":{"line":266,"column":16},"end":{"line":266,"column":18}},"182":{"start":{"line":267,"column":6},"end":{"line":268,"column":null}},"183":{"start":{"line":268,"column":8},"end":{"line":268,"column":null}},"184":{"start":{"line":269,"column":6},"end":{"line":270,"column":null}},"185":{"start":{"line":270,"column":8},"end":{"line":270,"column":null}},"186":{"start":{"line":271,"column":6},"end":{"line":272,"column":null}},"187":{"start":{"line":272,"column":8},"end":{"line":272,"column":null}},"188":{"start":{"line":273,"column":6},"end":{"line":274,"column":null}},"189":{"start":{"line":274,"column":8},"end":{"line":274,"column":null}},"190":{"start":{"line":276,"column":6},"end":{"line":279,"column":7}},"191":{"start":{"line":277,"column":8},"end":{"line":277,"column":null}},"192":{"start":{"line":278,"column":8},"end":{"line":278,"column":null}},"193":{"start":{"line":280,"column":6},"end":{"line":280,"column":null}},"194":{"start":{"line":282,"column":6},"end":{"line":282,"column":null}},"195":{"start":{"line":286,"column":2},"end":{"line":286,"column":null}},"196":{"start":{"line":287,"column":2},"end":{"line":327,"column":null}},"197":{"start":{"line":287,"column":53},"end":{"line":327,"column":4}},"198":{"start":{"line":288,"column":4},"end":{"line":288,"column":null}},"199":{"start":{"line":288,"column":23},"end":{"line":288,"column":null}},"200":{"start":{"line":289,"column":19},"end":{"line":289,"column":63}},"201":{"start":{"line":291,"column":4},"end":{"line":326,"column":5}},"202":{"start":{"line":292,"column":25},"end":{"line":292,"column":95}},"203":{"start":{"line":294,"column":38},"end":{"line":294,"column":40}},"204":{"start":{"line":295,"column":20},"end":{"line":295,"column":38}},"205":{"start":{"line":296,"column":25},"end":{"line":296,"column":27}},"206":{"start":{"line":298,"column":6},"end":{"line":321,"column":7}},"207":{"start":{"line":299,"column":8},"end":{"line":320,"column":9}},"208":{"start":{"line":300,"column":24},"end":{"line":300,"column":86}},"209":{"start":{"line":301,"column":10},"end":{"line":301,"column":null}},"210":{"start":{"line":301,"column":33},"end":{"line":301,"column":null}},"211":{"start":{"line":302,"column":15},"end":{"line":320,"column":9}},"212":{"start":{"line":303,"column":24},"end":{"line":303,"column":85}},"213":{"start":{"line":304,"column":10},"end":{"line":319,"column":11}},"214":{"start":{"line":305,"column":32},"end":{"line":305,"column":47}},"215":{"start":{"line":308,"column":14},"end":{"line":310,"column":59}},"216":{"start":{"line":312,"column":12},"end":{"line":318,"column":13}},"217":{"start":{"line":313,"column":30},"end":{"line":313,"column":105}},"218":{"start":{"line":314,"column":14},"end":{"line":316,"column":15}},"219":{"start":{"line":315,"column":16},"end":{"line":315,"column":null}},"220":{"start":{"line":317,"column":14},"end":{"line":317,"column":null}},"221":{"start":{"line":323,"column":6},"end":{"line":323,"column":null}},"222":{"start":{"line":325,"column":6},"end":{"line":325,"column":null}},"223":{"start":{"line":329,"column":2},"end":{"line":329,"column":null}},"224":{"start":{"line":330,"column":2},"end":{"line":339,"column":null}},"225":{"start":{"line":330,"column":94},"end":{"line":339,"column":4}},"226":{"start":{"line":331,"column":4},"end":{"line":331,"column":null}},"227":{"start":{"line":331,"column":23},"end":{"line":331,"column":null}},"228":{"start":{"line":332,"column":4},"end":{"line":338,"column":5}},"229":{"start":{"line":333,"column":21},"end":{"line":333,"column":65}},"230":{"start":{"line":334,"column":6},"end":{"line":334,"column":null}},"231":{"start":{"line":335,"column":6},"end":{"line":335,"column":null}},"232":{"start":{"line":337,"column":6},"end":{"line":337,"column":null}},"233":{"start":{"line":341,"column":2},"end":{"line":341,"column":null}},"234":{"start":{"line":342,"column":2},"end":{"line":354,"column":null}},"235":{"start":{"line":342,"column":72},"end":{"line":354,"column":4}},"236":{"start":{"line":343,"column":4},"end":{"line":343,"column":null}},"237":{"start":{"line":343,"column":23},"end":{"line":343,"column":null}},"238":{"start":{"line":344,"column":4},"end":{"line":353,"column":5}},"239":{"start":{"line":345,"column":21},"end":{"line":345,"column":65}},"240":{"start":{"line":347,"column":24},"end":{"line":347,"column":71}},"241":{"start":{"line":349,"column":6},"end":{"line":349,"column":null}},"242":{"start":{"line":350,"column":6},"end":{"line":350,"column":null}},"243":{"start":{"line":352,"column":6},"end":{"line":352,"column":null}},"244":{"start":{"line":356,"column":2},"end":{"line":356,"column":null}},"245":{"start":{"line":357,"column":2},"end":{"line":422,"column":null}},"246":{"start":{"line":357,"column":72},"end":{"line":422,"column":4}},"247":{"start":{"line":358,"column":4},"end":{"line":358,"column":null}},"248":{"start":{"line":358,"column":23},"end":{"line":358,"column":null}},"249":{"start":{"line":359,"column":19},"end":{"line":359,"column":63}},"250":{"start":{"line":361,"column":4},"end":{"line":421,"column":5}},"251":{"start":{"line":362,"column":27},"end":{"line":362,"column":55}},"252":{"start":{"line":363,"column":21},"end":{"line":363,"column":49}},"253":{"start":{"line":365,"column":6},"end":{"line":372,"column":7}},"254":{"start":{"line":366,"column":8},"end":{"line":370,"column":9}},"255":{"start":{"line":367,"column":10},"end":{"line":367,"column":null}},"256":{"start":{"line":369,"column":10},"end":{"line":369,"column":null}},"257":{"start":{"line":371,"column":8},"end":{"line":371,"column":null}},"258":{"start":{"line":374,"column":6},"end":{"line":384,"column":7}},"259":{"start":{"line":375,"column":8},"end":{"line":382,"column":9}},"260":{"start":{"line":376,"column":10},"end":{"line":376,"column":null}},"261":{"start":{"line":378,"column":28},"end":{"line":378,"column":58}},"262":{"start":{"line":379,"column":10},"end":{"line":381,"column":null}},"263":{"start":{"line":383,"column":8},"end":{"line":383,"column":null}},"264":{"start":{"line":386,"column":6},"end":{"line":389,"column":7}},"265":{"start":{"line":387,"column":8},"end":{"line":387,"column":null}},"266":{"start":{"line":388,"column":8},"end":{"line":388,"column":null}},"267":{"start":{"line":391,"column":6},"end":{"line":396,"column":7}},"268":{"start":{"line":392,"column":8},"end":{"line":394,"column":null}},"269":{"start":{"line":395,"column":8},"end":{"line":395,"column":null}},"270":{"start":{"line":398,"column":6},"end":{"line":404,"column":7}},"271":{"start":{"line":399,"column":25},"end":{"line":399,"column":42}},"272":{"start":{"line":400,"column":8},"end":{"line":402,"column":null}},"273":{"start":{"line":403,"column":8},"end":{"line":403,"column":null}},"274":{"start":{"line":406,"column":6},"end":{"line":416,"column":7}},"275":{"start":{"line":407,"column":8},"end":{"line":407,"column":null}},"276":{"start":{"line":409,"column":8},"end":{"line":409,"column":null}},"277":{"start":{"line":411,"column":8},"end":{"line":415,"column":null}},"278":{"start":{"line":418,"column":6},"end":{"line":418,"column":null}},"279":{"start":{"line":420,"column":6},"end":{"line":420,"column":null}}},"fnMap":{"0":{"name":"registerAdbHandlers","decl":{"start":{"line":11,"column":24},"end":{"line":11,"column":43}},"loc":{"start":{"line":11,"column":60},"end":{"line":423,"column":1}}},"1":{"name":"(anonymous_9)","decl":{"start":{"line":15,"column":30},"end":{"line":15,"column":37}},"loc":{"start":{"line":15,"column":80},"end":{"line":36,"column":null}}},"2":{"name":"(anonymous_10)","decl":{"start":{"line":15,"column":80},"end":{"line":15,"column":null}},"loc":{"start":{"line":15,"column":80},"end":{"line":36,"column":3}}},"3":{"name":"(anonymous_11)","decl":{"start":{"line":25,"column":46},"end":{"line":25,"column":47}},"loc":{"start":{"line":25,"column":53},"end":{"line":25,"column":64}}},"4":{"name":"(anonymous_12)","decl":{"start":{"line":39,"column":36},"end":{"line":39,"column":45}},"loc":{"start":{"line":39,"column":47},"end":{"line":46,"column":4}}},"5":{"name":"(anonymous_13)","decl":{"start":{"line":39,"column":47},"end":{"line":39,"column":null}},"loc":{"start":{"line":39,"column":47},"end":{"line":46,"column":3}}},"6":{"name":"(anonymous_14)","decl":{"start":{"line":49,"column":32},"end":{"line":49,"column":39}},"loc":{"start":{"line":49,"column":58},"end":{"line":72,"column":4}}},"7":{"name":"(anonymous_15)","decl":{"start":{"line":49,"column":58},"end":{"line":49,"column":null}},"loc":{"start":{"line":49,"column":54},"end":{"line":72,"column":3}}},"8":{"name":"(anonymous_16)","decl":{"start":{"line":75,"column":35},"end":{"line":75,"column":44}},"loc":{"start":{"line":75,"column":46},"end":{"line":84,"column":4}}},"9":{"name":"(anonymous_17)","decl":{"start":{"line":75,"column":46},"end":{"line":75,"column":null}},"loc":{"start":{"line":75,"column":46},"end":{"line":84,"column":3}}},"10":{"name":"(anonymous_18)","decl":{"start":{"line":87,"column":35},"end":{"line":87,"column":44}},"loc":{"start":{"line":87,"column":46},"end":{"line":103,"column":4}}},"11":{"name":"(anonymous_19)","decl":{"start":{"line":87,"column":46},"end":{"line":87,"column":null}},"loc":{"start":{"line":87,"column":46},"end":{"line":103,"column":3}}},"12":{"name":"(anonymous_20)","decl":{"start":{"line":89,"column":23},"end":{"line":89,"column":24}},"loc":{"start":{"line":89,"column":35},"end":{"line":102,"column":5}}},"13":{"name":"(anonymous_21)","decl":{"start":{"line":93,"column":8},"end":{"line":93,"column":9}},"loc":{"start":{"line":93,"column":26},"end":{"line":100,"column":9}}},"14":{"name":"(anonymous_22)","decl":{"start":{"line":106,"column":37},"end":{"line":106,"column":44}},"loc":{"start":{"line":106,"column":61},"end":{"line":123,"column":4}}},"15":{"name":"(anonymous_23)","decl":{"start":{"line":106,"column":61},"end":{"line":106,"column":null}},"loc":{"start":{"line":106,"column":57},"end":{"line":123,"column":3}}},"16":{"name":"(anonymous_24)","decl":{"start":{"line":126,"column":34},"end":{"line":126,"column":43}},"loc":{"start":{"line":126,"column":45},"end":{"line":169,"column":4}}},"17":{"name":"(anonymous_25)","decl":{"start":{"line":126,"column":45},"end":{"line":126,"column":null}},"loc":{"start":{"line":126,"column":45},"end":{"line":169,"column":3}}},"18":{"name":"(anonymous_26)","decl":{"start":{"line":172,"column":39},"end":{"line":172,"column":48}},"loc":{"start":{"line":172,"column":50},"end":{"line":184,"column":4}}},"19":{"name":"(anonymous_27)","decl":{"start":{"line":172,"column":50},"end":{"line":172,"column":null}},"loc":{"start":{"line":172,"column":50},"end":{"line":184,"column":3}}},"20":{"name":"(anonymous_28)","decl":{"start":{"line":187,"column":33},"end":{"line":187,"column":40}},"loc":{"start":{"line":187,"column":62},"end":{"line":205,"column":4}}},"21":{"name":"(anonymous_29)","decl":{"start":{"line":187,"column":62},"end":{"line":187,"column":null}},"loc":{"start":{"line":187,"column":58},"end":{"line":205,"column":3}}},"22":{"name":"(anonymous_30)","decl":{"start":{"line":208,"column":34},"end":{"line":208,"column":41}},"loc":{"start":{"line":208,"column":63},"end":{"line":224,"column":4}}},"23":{"name":"(anonymous_31)","decl":{"start":{"line":208,"column":63},"end":{"line":208,"column":null}},"loc":{"start":{"line":208,"column":59},"end":{"line":224,"column":3}}},"24":{"name":"(anonymous_32)","decl":{"start":{"line":227,"column":28},"end":{"line":227,"column":35}},"loc":{"start":{"line":227,"column":64},"end":{"line":249,"column":4}}},"25":{"name":"(anonymous_33)","decl":{"start":{"line":227,"column":64},"end":{"line":227,"column":null}},"loc":{"start":{"line":227,"column":60},"end":{"line":249,"column":3}}},"26":{"name":"(anonymous_34)","decl":{"start":{"line":252,"column":30},"end":{"line":252,"column":37}},"loc":{"start":{"line":252,"column":57},"end":{"line":284,"column":4}}},"27":{"name":"(anonymous_35)","decl":{"start":{"line":252,"column":57},"end":{"line":252,"column":null}},"loc":{"start":{"line":252,"column":53},"end":{"line":284,"column":3}}},"28":{"name":"(anonymous_36)","decl":{"start":{"line":287,"column":42},"end":{"line":287,"column":51}},"loc":{"start":{"line":287,"column":53},"end":{"line":327,"column":4}}},"29":{"name":"(anonymous_37)","decl":{"start":{"line":287,"column":53},"end":{"line":287,"column":null}},"loc":{"start":{"line":287,"column":53},"end":{"line":327,"column":3}}},"30":{"name":"(anonymous_38)","decl":{"start":{"line":330,"column":34},"end":{"line":330,"column":41}},"loc":{"start":{"line":330,"column":94},"end":{"line":339,"column":4}}},"31":{"name":"(anonymous_39)","decl":{"start":{"line":330,"column":94},"end":{"line":330,"column":null}},"loc":{"start":{"line":330,"column":90},"end":{"line":339,"column":3}}},"32":{"name":"(anonymous_40)","decl":{"start":{"line":342,"column":34},"end":{"line":342,"column":41}},"loc":{"start":{"line":342,"column":72},"end":{"line":354,"column":4}}},"33":{"name":"(anonymous_41)","decl":{"start":{"line":342,"column":72},"end":{"line":342,"column":null}},"loc":{"start":{"line":342,"column":68},"end":{"line":354,"column":3}}},"34":{"name":"(anonymous_42)","decl":{"start":{"line":357,"column":40},"end":{"line":357,"column":47}},"loc":{"start":{"line":357,"column":72},"end":{"line":422,"column":4}}},"35":{"name":"(anonymous_43)","decl":{"start":{"line":357,"column":72},"end":{"line":357,"column":null}},"loc":{"start":{"line":357,"column":68},"end":{"line":422,"column":3}}}},"branchMap":{"0":{"loc":{"start":{"line":28,"column":6},"end":{"line":32,"column":7}},"type":"if","locations":[{"start":{"line":28,"column":6},"end":{"line":32,"column":7}},{"start":{"line":30,"column":13},"end":{"line":32,"column":7}}]},"1":{"loc":{"start":{"line":53,"column":6},"end":{"line":67,"column":7}},"type":"if","locations":[{"start":{"line":53,"column":6},"end":{"line":67,"column":7}},{"start":{},"end":{}}]},"2":{"loc":{"start":{"line":54,"column":8},"end":{"line":55,"column":58}},"type":"binary-expr","locations":[{"start":{"line":54,"column":8},"end":{"line":54,"column":53}},{"start":{"line":55,"column":8},"end":{"line":55,"column":58}}]},"3":{"loc":{"start":{"line":63,"column":46},"end":{"line":63,"column":95}},"type":"binary-expr","locations":[{"start":{"line":63,"column":46},"end":{"line":63,"column":75}},{"start":{"line":63,"column":79},"end":{"line":63,"column":95}}]},"4":{"loc":{"start":{"line":76,"column":4},"end":{"line":76,"column":null}},"type":"if","locations":[{"start":{"line":76,"column":4},"end":{"line":76,"column":null}},{"start":{},"end":{}}]},"5":{"loc":{"start":{"line":88,"column":4},"end":{"line":88,"column":null}},"type":"if","locations":[{"start":{"line":88,"column":4},"end":{"line":88,"column":null}},{"start":{},"end":{}}]},"6":{"loc":{"start":{"line":94,"column":10},"end":{"line":99,"column":11}},"type":"if","locations":[{"start":{"line":94,"column":10},"end":{"line":99,"column":11}},{"start":{"line":96,"column":17},"end":{"line":99,"column":11}}]},"7":{"loc":{"start":{"line":107,"column":4},"end":{"line":107,"column":null}},"type":"if","locations":[{"start":{"line":107,"column":4},"end":{"line":107,"column":null}},{"start":{},"end":{}}]},"8":{"loc":{"start":{"line":110,"column":6},"end":{"line":118,"column":7}},"type":"if","locations":[{"start":{"line":110,"column":6},"end":{"line":118,"column":7}},{"start":{"line":112,"column":13},"end":{"line":118,"column":7}}]},"9":{"loc":{"start":{"line":112,"column":13},"end":{"line":118,"column":7}},"type":"if","locations":[{"start":{"line":112,"column":13},"end":{"line":118,"column":7}},{"start":{"line":114,"column":13},"end":{"line":118,"column":7}}]},"10":{"loc":{"start":{"line":114,"column":13},"end":{"line":118,"column":7}},"type":"if","locations":[{"start":{"line":114,"column":13},"end":{"line":118,"column":7}},{"start":{"line":116,"column":13},"end":{"line":118,"column":7}}]},"11":{"loc":{"start":{"line":116,"column":13},"end":{"line":118,"column":7}},"type":"if","locations":[{"start":{"line":116,"column":13},"end":{"line":118,"column":7}},{"start":{},"end":{}}]},"12":{"loc":{"start":{"line":127,"column":4},"end":{"line":127,"column":null}},"type":"if","locations":[{"start":{"line":127,"column":4},"end":{"line":127,"column":null}},{"start":{},"end":{}}]},"13":{"loc":{"start":{"line":134,"column":8},"end":{"line":134,"column":91}},"type":"binary-expr","locations":[{"start":{"line":134,"column":8},"end":{"line":134,"column":47}},{"start":{"line":134,"column":51},"end":{"line":134,"column":91}}]},"14":{"loc":{"start":{"line":136,"column":20},"end":{"line":136,"column":60}},"type":"cond-expr","locations":[{"start":{"line":136,"column":33},"end":{"line":136,"column":56}},{"start":{"line":136,"column":59},"end":{"line":136,"column":60}}]},"15":{"loc":{"start":{"line":137,"column":19},"end":{"line":137,"column":75}},"type":"cond-expr","locations":[{"start":{"line":137,"column":31},"end":{"line":137,"column":71}},{"start":{"line":137,"column":74},"end":{"line":137,"column":75}}]},"16":{"loc":{"start":{"line":145,"column":6},"end":{"line":150,"column":7}},"type":"if","locations":[{"start":{"line":145,"column":6},"end":{"line":150,"column":7}},{"start":{},"end":{}}]},"17":{"loc":{"start":{"line":149,"column":25},"end":{"line":149,"column":65}},"type":"binary-expr","locations":[{"start":{"line":149,"column":25},"end":{"line":149,"column":60}},{"start":{"line":149,"column":64},"end":{"line":149,"column":65}}]},"18":{"loc":{"start":{"line":173,"column":4},"end":{"line":173,"column":null}},"type":"if","locations":[{"start":{"line":173,"column":4},"end":{"line":173,"column":null}},{"start":{},"end":{}}]},"19":{"loc":{"start":{"line":177,"column":20},"end":{"line":177,"column":66}},"type":"binary-expr","locations":[{"start":{"line":177,"column":20},"end":{"line":177,"column":53}},{"start":{"line":177,"column":57},"end":{"line":177,"column":66}}]},"20":{"loc":{"start":{"line":177,"column":20},"end":{"line":177,"column":53}},"type":"cond-expr","locations":[{"start":{"line":177,"column":48},"end":{"line":177,"column":51}},{"start":{"line":177,"column":48},"end":{"line":177,"column":53}}]},"21":{"loc":{"start":{"line":177,"column":20},"end":{"line":177,"column":51}},"type":"binary-expr","locations":[{"start":{"line":177,"column":20},"end":{"line":177,"column":51}},{"start":{"line":177,"column":48},"end":{"line":177,"column":51}}]},"22":{"loc":{"start":{"line":188,"column":4},"end":{"line":188,"column":null}},"type":"if","locations":[{"start":{"line":188,"column":4},"end":{"line":188,"column":null}},{"start":{},"end":{}}]},"23":{"loc":{"start":{"line":193,"column":6},"end":{"line":196,"column":7}},"type":"if","locations":[{"start":{"line":193,"column":6},"end":{"line":196,"column":7}},{"start":{},"end":{}}]},"24":{"loc":{"start":{"line":209,"column":4},"end":{"line":209,"column":null}},"type":"if","locations":[{"start":{"line":209,"column":4},"end":{"line":209,"column":null}},{"start":{},"end":{}}]},"25":{"loc":{"start":{"line":214,"column":6},"end":{"line":217,"column":7}},"type":"if","locations":[{"start":{"line":214,"column":6},"end":{"line":217,"column":7}},{"start":{},"end":{}}]},"26":{"loc":{"start":{"line":228,"column":4},"end":{"line":228,"column":null}},"type":"if","locations":[{"start":{"line":228,"column":4},"end":{"line":228,"column":null}},{"start":{},"end":{}}]},"27":{"loc":{"start":{"line":235,"column":6},"end":{"line":244,"column":7}},"type":"if","locations":[{"start":{"line":235,"column":6},"end":{"line":244,"column":7}},{"start":{},"end":{}}]},"28":{"loc":{"start":{"line":253,"column":4},"end":{"line":253,"column":null}},"type":"if","locations":[{"start":{"line":253,"column":4},"end":{"line":253,"column":null}},{"start":{},"end":{}}]},"29":{"loc":{"start":{"line":259,"column":6},"end":{"line":259,"column":null}},"type":"if","locations":[{"start":{"line":259,"column":6},"end":{"line":259,"column":null}},{"start":{},"end":{}}]},"30":{"loc":{"start":{"line":267,"column":6},"end":{"line":268,"column":null}},"type":"if","locations":[{"start":{"line":267,"column":6},"end":{"line":268,"column":null}},{"start":{},"end":{}}]},"31":{"loc":{"start":{"line":269,"column":6},"end":{"line":270,"column":null}},"type":"if","locations":[{"start":{"line":269,"column":6},"end":{"line":270,"column":null}},{"start":{},"end":{}}]},"32":{"loc":{"start":{"line":271,"column":6},"end":{"line":272,"column":null}},"type":"if","locations":[{"start":{"line":271,"column":6},"end":{"line":272,"column":null}},{"start":{},"end":{}}]},"33":{"loc":{"start":{"line":273,"column":6},"end":{"line":274,"column":null}},"type":"if","locations":[{"start":{"line":273,"column":6},"end":{"line":274,"column":null}},{"start":{},"end":{}}]},"34":{"loc":{"start":{"line":276,"column":6},"end":{"line":279,"column":7}},"type":"if","locations":[{"start":{"line":276,"column":6},"end":{"line":279,"column":7}},{"start":{},"end":{}}]},"35":{"loc":{"start":{"line":288,"column":4},"end":{"line":288,"column":null}},"type":"if","locations":[{"start":{"line":288,"column":4},"end":{"line":288,"column":null}},{"start":{},"end":{}}]},"36":{"loc":{"start":{"line":299,"column":8},"end":{"line":320,"column":9}},"type":"if","locations":[{"start":{"line":299,"column":8},"end":{"line":320,"column":9}},{"start":{"line":302,"column":15},"end":{"line":320,"column":9}}]},"37":{"loc":{"start":{"line":301,"column":10},"end":{"line":301,"column":null}},"type":"if","locations":[{"start":{"line":301,"column":10},"end":{"line":301,"column":null}},{"start":{},"end":{}}]},"38":{"loc":{"start":{"line":301,"column":14},"end":{"line":301,"column":31}},"type":"binary-expr","locations":[{"start":{"line":301,"column":14},"end":{"line":301,"column":19}},{"start":{"line":301,"column":23},"end":{"line":301,"column":31}}]},"39":{"loc":{"start":{"line":302,"column":15},"end":{"line":320,"column":9}},"type":"if","locations":[{"start":{"line":302,"column":15},"end":{"line":320,"column":9}},{"start":{},"end":{}}]},"40":{"loc":{"start":{"line":304,"column":10},"end":{"line":319,"column":11}},"type":"if","locations":[{"start":{"line":304,"column":10},"end":{"line":319,"column":11}},{"start":{},"end":{}}]},"41":{"loc":{"start":{"line":304,"column":14},"end":{"line":304,"column":31}},"type":"binary-expr","locations":[{"start":{"line":304,"column":14},"end":{"line":304,"column":19}},{"start":{"line":304,"column":23},"end":{"line":304,"column":31}}]},"42":{"loc":{"start":{"line":308,"column":14},"end":{"line":310,"column":59}},"type":"binary-expr","locations":[{"start":{"line":308,"column":14},"end":{"line":308,"column":60}},{"start":{"line":309,"column":14},"end":{"line":309,"column":57}},{"start":{"line":310,"column":14},"end":{"line":310,"column":59}}]},"43":{"loc":{"start":{"line":312,"column":12},"end":{"line":318,"column":13}},"type":"if","locations":[{"start":{"line":312,"column":12},"end":{"line":318,"column":13}},{"start":{},"end":{}}]},"44":{"loc":{"start":{"line":312,"column":16},"end":{"line":312,"column":56}},"type":"binary-expr","locations":[{"start":{"line":312,"column":16},"end":{"line":312,"column":28}},{"start":{"line":312,"column":32},"end":{"line":312,"column":43}},{"start":{"line":312,"column":47},"end":{"line":312,"column":56}}]},"45":{"loc":{"start":{"line":314,"column":14},"end":{"line":316,"column":15}},"type":"if","locations":[{"start":{"line":314,"column":14},"end":{"line":316,"column":15}},{"start":{},"end":{}}]},"46":{"loc":{"start":{"line":330,"column":58},"end":{"line":330,"column":88}},"type":"default-arg","locations":[{"start":{"line":330,"column":69},"end":{"line":330,"column":88}}]},"47":{"loc":{"start":{"line":331,"column":4},"end":{"line":331,"column":null}},"type":"if","locations":[{"start":{"line":331,"column":4},"end":{"line":331,"column":null}},{"start":{},"end":{}}]},"48":{"loc":{"start":{"line":343,"column":4},"end":{"line":343,"column":null}},"type":"if","locations":[{"start":{"line":343,"column":4},"end":{"line":343,"column":null}},{"start":{},"end":{}}]},"49":{"loc":{"start":{"line":347,"column":24},"end":{"line":347,"column":71}},"type":"binary-expr","locations":[{"start":{"line":347,"column":24},"end":{"line":347,"column":32}},{"start":{"line":347,"column":36},"end":{"line":347,"column":71}}]},"50":{"loc":{"start":{"line":358,"column":4},"end":{"line":358,"column":null}},"type":"if","locations":[{"start":{"line":358,"column":4},"end":{"line":358,"column":null}},{"start":{},"end":{}}]},"51":{"loc":{"start":{"line":363,"column":21},"end":{"line":363,"column":49}},"type":"cond-expr","locations":[{"start":{"line":363,"column":29},"end":{"line":363,"column":37}},{"start":{"line":363,"column":40},"end":{"line":363,"column":49}}]},"52":{"loc":{"start":{"line":365,"column":6},"end":{"line":372,"column":7}},"type":"if","locations":[{"start":{"line":365,"column":6},"end":{"line":372,"column":7}},{"start":{},"end":{}}]},"53":{"loc":{"start":{"line":365,"column":10},"end":{"line":365,"column":63}},"type":"binary-expr","locations":[{"start":{"line":365,"column":10},"end":{"line":365,"column":38}},{"start":{"line":365,"column":42},"end":{"line":365,"column":63}}]},"54":{"loc":{"start":{"line":374,"column":6},"end":{"line":384,"column":7}},"type":"if","locations":[{"start":{"line":374,"column":6},"end":{"line":384,"column":7}},{"start":{},"end":{}}]},"55":{"loc":{"start":{"line":378,"column":28},"end":{"line":378,"column":58}},"type":"cond-expr","locations":[{"start":{"line":378,"column":36},"end":{"line":378,"column":45}},{"start":{"line":378,"column":48},"end":{"line":378,"column":58}}]},"56":{"loc":{"start":{"line":386,"column":6},"end":{"line":389,"column":7}},"type":"if","locations":[{"start":{"line":386,"column":6},"end":{"line":389,"column":7}},{"start":{},"end":{}}]},"57":{"loc":{"start":{"line":386,"column":10},"end":{"line":386,"column":67}},"type":"binary-expr","locations":[{"start":{"line":386,"column":10},"end":{"line":386,"column":33}},{"start":{"line":386,"column":37},"end":{"line":386,"column":67}}]},"58":{"loc":{"start":{"line":391,"column":6},"end":{"line":396,"column":7}},"type":"if","locations":[{"start":{"line":391,"column":6},"end":{"line":396,"column":7}},{"start":{},"end":{}}]},"59":{"loc":{"start":{"line":391,"column":10},"end":{"line":391,"column":66}},"type":"binary-expr","locations":[{"start":{"line":391,"column":10},"end":{"line":391,"column":37}},{"start":{"line":391,"column":41},"end":{"line":391,"column":66}}]},"60":{"loc":{"start":{"line":398,"column":6},"end":{"line":404,"column":7}},"type":"if","locations":[{"start":{"line":398,"column":6},"end":{"line":404,"column":7}},{"start":{},"end":{}}]},"61":{"loc":{"start":{"line":398,"column":10},"end":{"line":398,"column":63}},"type":"binary-expr","locations":[{"start":{"line":398,"column":10},"end":{"line":398,"column":37}},{"start":{"line":398,"column":41},"end":{"line":398,"column":63}}]},"62":{"loc":{"start":{"line":399,"column":25},"end":{"line":399,"column":42}},"type":"cond-expr","locations":[{"start":{"line":399,"column":33},"end":{"line":399,"column":36}},{"start":{"line":399,"column":39},"end":{"line":399,"column":42}}]},"63":{"loc":{"start":{"line":406,"column":6},"end":{"line":416,"column":7}},"type":"if","locations":[{"start":{"line":406,"column":6},"end":{"line":416,"column":7}},{"start":{},"end":{}}]},"64":{"loc":{"start":{"line":406,"column":10},"end":{"line":406,"column":67}},"type":"binary-expr","locations":[{"start":{"line":406,"column":10},"end":{"line":406,"column":39}},{"start":{"line":406,"column":43},"end":{"line":406,"column":67}}]}},"s":{"0":0,"1":0,"2":0,"3":0,"4":0,"5":0,"6":0,"7":0,"8":0,"9":0,"10":0,"11":0,"12":0,"13":0,"14":0,"15":0,"16":0,"17":0,"18":0,"19":0,"20":0,"21":0,"22":0,"23":0,"24":0,"25":0,"26":0,"27":0,"28":0,"29":0,"30":0,"31":0,"32":0,"33":0,"34":0,"35":0,"36":0,"37":0,"38":0,"39":0,"40":0,"41":0,"42":0,"43":0,"44":0,"45":0,"46":0,"47":0,"48":0,"49":0,"50":0,"51":0,"52":0,"53":0,"54":0,"55":0,"56":0,"57":0,"58":0,"59":0,"60":0,"61":0,"62":0,"63":0,"64":0,"65":0,"66":0,"67":0,"68":0,"69":0,"70":0,"71":0,"72":0,"73":0,"74":0,"75":0,"76":0,"77":0,"78":0,"79":0,"80":0,"81":0,"82":0,"83":0,"84":0,"85":0,"86":0,"87":0,"88":0,"89":0,"90":0,"91":0,"92":0,"93":0,"94":0,"95":0,"96":0,"97":0,"98":0,"99":0,"100":0,"101":0,"102":0,"103":0,"104":0,"105":0,"106":0,"107":0,"108":0,"109":0,"110":0,"111":0,"112":0,"113":0,"114":0,"115":0,"116":0,"117":0,"118":0,"119":0,"120":0,"121":0,"122":0,"123":0,"124":0,"125":0,"126":0,"127":0,"128":0,"129":0,"130":0,"131":0,"132":0,"133":0,"134":0,"135":0,"136":0,"137":0,"138":0,"139":0,"140":0,"141":0,"142":0,"143":0,"144":0,"145":0,"146":0,"147":0,"148":0,"149":0,"150":0,"151":0,"152":0,"153":0,"154":0,"155":0,"156":0,"157":0,"158":0,"159":0,"160":0,"161":0,"162":0,"163":0,"164":0,"165":0,"166":0,"167":0,"168":0,"169":0,"170":0,"171":0,"172":0,"173":0,"174":0,"175":0,"176":0,"177":0,"178":0,"179":0,"180":0,"181":0,"182":0,"183":0,"184":0,"185":0,"186":0,"187":0,"188":0,"189":0,"190":0,"191":0,"192":0,"193":0,"194":0,"195":0,"196":0,"197":0,"198":0,"199":0,"200":0,"201":0,"202":0,"203":0,"204":0,"205":0,"206":0,"207":0,"208":0,"209":0,"210":0,"211":0,"212":0,"213":0,"214":0,"215":0,"216":0,"217":0,"218":0,"219":0,"220":0,"221":0,"222":0,"223":0,"224":0,"225":0,"226":0,"227":0,"228":0,"229":0,"230":0,"231":0,"232":0,"233":0,"234":0,"235":0,"236":0,"237":0,"238":0,"239":0,"240":0,"241":0,"242":0,"243":0,"244":0,"245":0,"246":0,"247":0,"248":0,"249":0,"250":0,"251":0,"252":0,"253":0,"254":0,"255":0,"256":0,"257":0,"258":0,"259":0,"260":0,"261":0,"262":0,"263":0,"264":0,"265":0,"266":0,"267":0,"268":0,"269":0,"270":0,"271":0,"272":0,"273":0,"274":0,"275":0,"276":0,"277":0,"278":0,"279":0},"f":{"0":0,"1":0,"2":0,"3":0,"4":0,"5":0,"6":0,"7":0,"8":0,"9":0,"10":0,"11":0,"12":0,"13":0,"14":0,"15":0,"16":0,"17":0,"18":0,"19":0,"20":0,"21":0,"22":0,"23":0,"24":0,"25":0,"26":0,"27":0,"28":0,"29":0,"30":0,"31":0,"32":0,"33":0,"34":0,"35":0},"b":{"0":[0,0],"1":[0,0],"2":[0,0],"3":[0,0],"4":[0,0],"5":[0,0],"6":[0,0],"7":[0,0],"8":[0,0],"9":[0,0],"10":[0,0],"11":[0,0],"12":[0,0],"13":[0,0],"14":[0,0],"15":[0,0],"16":[0,0],"17":[0,0],"18":[0,0],"19":[0,0],"20":[0,0],"21":[0,0],"22":[0,0],"23":[0,0],"24":[0,0],"25":[0,0],"26":[0,0],"27":[0,0],"28":[0,0],"29":[0,0],"30":[0,0],"31":[0,0],"32":[0,0],"33":[0,0],"34":[0,0],"35":[0,0],"36":[0,0],"37":[0,0],"38":[0,0],"39":[0,0],"40":[0,0],"41":[0,0],"42":[0,0,0],"43":[0,0],"44":[0,0,0],"45":[0,0],"46":[0],"47":[0,0],"48":[0,0],"49":[0,0],"50":[0,0],"51":[0,0],"52":[0,0],"53":[0,0],"54":[0,0],"55":[0,0],"56":[0,0],"57":[0,0],"58":[0,0],"59":[0,0],"60":[0,0],"61":[0,0],"62":[0,0],"63":[0,0],"64":[0,0]}}
,"D:\\Antigravity\\New folder\\IRIS-AI\\src\\main\\logic\\alerts-manager.ts": {"path":"D:\\Antigravity\\New folder\\IRIS-AI\\src\\main\\logic\\alerts-manager.ts","statementMap":{"0":{"start":{"line":5,"column":0},"end":{"line":5,"column":24}},"1":{"start":{"line":1,"column":0},"end":{"line":1,"column":39}},"2":{"start":{"line":2,"column":0},"end":{"line":2,"column":23}},"3":{"start":{"line":3,"column":0},"end":{"line":3,"column":19}},"4":{"start":{"line":6,"column":22},"end":{"line":6,"column":74}},"5":{"start":{"line":8,"column":2},"end":{"line":16,"column":null}},"6":{"start":{"line":8,"column":44},"end":{"line":16,"column":4}},"7":{"start":{"line":9,"column":4},"end":{"line":15,"column":5}},"8":{"start":{"line":10,"column":6},"end":{"line":10,"column":null}},"9":{"start":{"line":11,"column":6},"end":{"line":11,"column":null}},"10":{"start":{"line":13,"column":6},"end":{"line":13,"column":null}},"11":{"start":{"line":14,"column":6},"end":{"line":14,"column":null}},"12":{"start":{"line":18,"column":2},"end":{"line":28,"column":null}},"13":{"start":{"line":18,"column":43},"end":{"line":28,"column":4}},"14":{"start":{"line":19,"column":4},"end":{"line":27,"column":5}},"15":{"start":{"line":20,"column":6},"end":{"line":20,"column":null}},"16":{"start":{"line":20,"column":39},"end":{"line":20,"column":null}},"17":{"start":{"line":22,"column":19},"end":{"line":22,"column":56}},"18":{"start":{"line":23,"column":6},"end":{"line":23,"column":null}},"19":{"start":{"line":25,"column":6},"end":{"line":25,"column":null}},"20":{"start":{"line":26,"column":6},"end":{"line":26,"column":null}}},"fnMap":{"0":{"name":"registerAlertsHandlers","decl":{"start":{"line":5,"column":24},"end":{"line":5,"column":46}},"loc":{"start":{"line":5,"column":63},"end":{"line":29,"column":1}}},"1":{"name":"(anonymous_9)","decl":{"start":{"line":8,"column":33},"end":{"line":8,"column":42}},"loc":{"start":{"line":8,"column":44},"end":{"line":16,"column":4}}},"2":{"name":"(anonymous_10)","decl":{"start":{"line":8,"column":44},"end":{"line":8,"column":null}},"loc":{"start":{"line":8,"column":44},"end":{"line":16,"column":3}}},"3":{"name":"(anonymous_11)","decl":{"start":{"line":18,"column":32},"end":{"line":18,"column":41}},"loc":{"start":{"line":18,"column":43},"end":{"line":28,"column":4}}},"4":{"name":"(anonymous_12)","decl":{"start":{"line":18,"column":43},"end":{"line":18,"column":null}},"loc":{"start":{"line":18,"column":43},"end":{"line":28,"column":3}}}},"branchMap":{"0":{"loc":{"start":{"line":20,"column":6},"end":{"line":20,"column":null}},"type":"if","locations":[{"start":{"line":20,"column":6},"end":{"line":20,"column":null}},{"start":{},"end":{}}]}},"s":{"0":0,"1":0,"2":0,"3":0,"4":0,"5":0,"6":0,"7":0,"8":0,"9":0,"10":0,"11":0,"12":0,"13":0,"14":0,"15":0,"16":0,"17":0,"18":0,"19":0,"20":0},"f":{"0":0,"1":0,"2":0,"3":0,"4":0},"b":{"0":[0,0]}}
,"D:\\Antigravity\\New folder\\IRIS-AI\\src\\main\\logic\\app-launcher.ts": {"path":"D:\\Antigravity\\New folder\\IRIS-AI\\src\\main\\logic\\app-launcher.ts","statementMap":{"0":{"start":{"line":88,"column":0},"end":{"line":88,"column":24}},"1":{"start":{"line":177,"column":0},"end":{"line":177,"column":16}},"2":{"start":{"line":2,"column":0},"end":{"line":2,"column":36}},"3":{"start":{"line":4,"column":28},"end":{"line":16,"column":null}},"4":{"start":{"line":18,"column":44},"end":{"line":56,"column":null}},"5":{"start":{"line":58,"column":46},"end":{"line":86,"column":null}},"6":{"start":{"line":89,"column":2},"end":{"line":89,"column":null}},"7":{"start":{"line":90,"column":2},"end":{"line":101,"column":null}},"8":{"start":{"line":90,"column":63},"end":{"line":101,"column":4}},"9":{"start":{"line":91,"column":4},"end":{"line":100,"column":null}},"10":{"start":{"line":92,"column":24},"end":{"line":92,"column":52}},"11":{"start":{"line":93,"column":20},"end":{"line":93,"column":42}},"12":{"start":{"line":95,"column":6},"end":{"line":99,"column":7}},"13":{"start":{"line":96,"column":8},"end":{"line":96,"column":null}},"14":{"start":{"line":98,"column":8},"end":{"line":98,"column":null}},"15":{"start":{"line":103,"column":2},"end":{"line":103,"column":null}},"16":{"start":{"line":104,"column":2},"end":{"line":131,"column":null}},"17":{"start":{"line":104,"column":64},"end":{"line":131,"column":4}},"18":{"start":{"line":105,"column":4},"end":{"line":130,"column":null}},"19":{"start":{"line":106,"column":24},"end":{"line":106,"column":52}},"20":{"start":{"line":107,"column":24},"end":{"line":107,"column":48}},"21":{"start":{"line":109,"column":6},"end":{"line":111,"column":7}},"22":{"start":{"line":110,"column":8},"end":{"line":110,"column":null}},"23":{"start":{"line":113,"column":6},"end":{"line":119,"column":7}},"24":{"start":{"line":114,"column":8},"end":{"line":117,"column":null}},"25":{"start":{"line":118,"column":8},"end":{"line":118,"column":14}},"26":{"start":{"line":121,"column":18},"end":{"line":121,"column":55}},"27":{"start":{"line":123,"column":6},"end":{"line":129,"column":null}},"28":{"start":{"line":124,"column":8},"end":{"line":128,"column":9}},"29":{"start":{"line":125,"column":10},"end":{"line":125,"column":null}},"30":{"start":{"line":127,"column":10},"end":{"line":127,"column":null}},"31":{"start":{"line":135,"column":2},"end":{"line":141,"column":null}},"32":{"start":{"line":136,"column":4},"end":{"line":140,"column":5}},"33":{"start":{"line":137,"column":6},"end":{"line":137,"column":null}},"34":{"start":{"line":139,"column":6},"end":{"line":139,"column":null}},"35":{"start":{"line":145,"column":20},"end":{"line":145,"column":152}},"36":{"start":{"line":147,"column":2},"end":{"line":174,"column":null}},"37":{"start":{"line":148,"column":4},"end":{"line":154,"column":5}},"38":{"start":{"line":149,"column":6},"end":{"line":152,"column":null}},"39":{"start":{"line":153,"column":6},"end":{"line":153,"column":12}},"40":{"start":{"line":156,"column":18},"end":{"line":156,"column":31}},"41":{"start":{"line":158,"column":4},"end":{"line":173,"column":5}},"42":{"start":{"line":159,"column":24},"end":{"line":159,"column":69}},"43":{"start":{"line":161,"column":6},"end":{"line":167,"column":null}},"44":{"start":{"line":162,"column":8},"end":{"line":166,"column":9}},"45":{"start":{"line":163,"column":10},"end":{"line":163,"column":null}},"46":{"start":{"line":165,"column":10},"end":{"line":165,"column":null}},"47":{"start":{"line":169,"column":6},"end":{"line":172,"column":null}},"48":{"start":{"line":178,"column":2},"end":{"line":187,"column":null}},"49":{"start":{"line":179,"column":22},"end":{"line":179,"column":50}},"50":{"start":{"line":180,"column":18},"end":{"line":180,"column":40}},"51":{"start":{"line":182,"column":4},"end":{"line":186,"column":5}},"52":{"start":{"line":183,"column":6},"end":{"line":183,"column":null}},"53":{"start":{"line":185,"column":6},"end":{"line":185,"column":null}}},"fnMap":{"0":{"name":"registerAppLauncher","decl":{"start":{"line":88,"column":24},"end":{"line":88,"column":43}},"loc":{"start":{"line":88,"column":60},"end":{"line":132,"column":1}}},"1":{"name":"(anonymous_8)","decl":{"start":{"line":90,"column":29},"end":{"line":90,"column":36}},"loc":{"start":{"line":90,"column":63},"end":{"line":101,"column":4}}},"2":{"name":"(anonymous_9)","decl":{"start":{"line":90,"column":63},"end":{"line":90,"column":null}},"loc":{"start":{"line":90,"column":63},"end":{"line":101,"column":3}}},"3":{"name":"(anonymous_10)","decl":{"start":{"line":91,"column":23},"end":{"line":91,"column":24}},"loc":{"start":{"line":91,"column":35},"end":{"line":100,"column":5}}},"4":{"name":"(anonymous_11)","decl":{"start":{"line":104,"column":30},"end":{"line":104,"column":37}},"loc":{"start":{"line":104,"column":64},"end":{"line":131,"column":4}}},"5":{"name":"(anonymous_12)","decl":{"start":{"line":104,"column":64},"end":{"line":104,"column":null}},"loc":{"start":{"line":104,"column":64},"end":{"line":131,"column":3}}},"6":{"name":"(anonymous_13)","decl":{"start":{"line":105,"column":23},"end":{"line":105,"column":24}},"loc":{"start":{"line":105,"column":35},"end":{"line":130,"column":5}}},"7":{"name":"(anonymous_14)","decl":{"start":{"line":123,"column":16},"end":{"line":123,"column":17}},"loc":{"start":{"line":123,"column":26},"end":{"line":129,"column":7}}},"8":{"name":"executeCommand","decl":{"start":{"line":134,"column":9},"end":{"line":134,"column":23}},"loc":{"start":{"line":134,"column":70},"end":{"line":142,"column":1}}},"9":{"name":"(anonymous_16)","decl":{"start":{"line":135,"column":16},"end":{"line":135,"column":17}},"loc":{"start":{"line":135,"column":26},"end":{"line":141,"column":3}}},"10":{"name":"launchViaPowerShell","decl":{"start":{"line":144,"column":9},"end":{"line":144,"column":28}},"loc":{"start":{"line":144,"column":58},"end":{"line":175,"column":1}}},"11":{"name":"(anonymous_18)","decl":{"start":{"line":147,"column":18},"end":{"line":147,"column":19}},"loc":{"start":{"line":147,"column":36},"end":{"line":174,"column":3}}},"12":{"name":"(anonymous_19)","decl":{"start":{"line":161,"column":22},"end":{"line":161,"column":23}},"loc":{"start":{"line":161,"column":36},"end":{"line":167,"column":7}}},"13":{"name":"startApp","decl":{"start":{"line":177,"column":16},"end":{"line":177,"column":24}},"loc":{"start":{"line":177,"column":40},"end":{"line":188,"column":1}}},"14":{"name":"(anonymous_21)","decl":{"start":{"line":178,"column":21},"end":{"line":178,"column":22}},"loc":{"start":{"line":178,"column":33},"end":{"line":187,"column":3}}}},"branchMap":{"0":{"loc":{"start":{"line":95,"column":6},"end":{"line":99,"column":7}},"type":"if","locations":[{"start":{"line":95,"column":6},"end":{"line":99,"column":7}},{"start":{"line":97,"column":13},"end":{"line":99,"column":7}}]},"1":{"loc":{"start":{"line":109,"column":6},"end":{"line":111,"column":7}},"type":"if","locations":[{"start":{"line":109,"column":6},"end":{"line":111,"column":7}},{"start":{},"end":{}}]},"2":{"loc":{"start":{"line":110,"column":22},"end":{"line":110,"column":75}},"type":"cond-expr","locations":[{"start":{"line":110,"column":49},"end":{"line":110,"column":56}},{"start":{"line":110,"column":59},"end":{"line":110,"column":75}}]},"3":{"loc":{"start":{"line":113,"column":6},"end":{"line":119,"column":7}},"type":"if","locations":[{"start":{"line":113,"column":6},"end":{"line":119,"column":7}},{"start":{},"end":{}}]},"4":{"loc":{"start":{"line":124,"column":8},"end":{"line":128,"column":9}},"type":"if","locations":[{"start":{"line":124,"column":8},"end":{"line":128,"column":9}},{"start":{"line":126,"column":15},"end":{"line":128,"column":9}}]},"5":{"loc":{"start":{"line":136,"column":4},"end":{"line":140,"column":5}},"type":"if","locations":[{"start":{"line":136,"column":4},"end":{"line":140,"column":5}},{"start":{"line":138,"column":11},"end":{"line":140,"column":5}}]},"6":{"loc":{"start":{"line":148,"column":4},"end":{"line":154,"column":5}},"type":"if","locations":[{"start":{"line":148,"column":4},"end":{"line":154,"column":5}},{"start":{},"end":{}}]},"7":{"loc":{"start":{"line":158,"column":4},"end":{"line":173,"column":5}},"type":"if","locations":[{"start":{"line":158,"column":4},"end":{"line":173,"column":5}},{"start":{"line":168,"column":11},"end":{"line":173,"column":5}}]},"8":{"loc":{"start":{"line":162,"column":8},"end":{"line":166,"column":9}},"type":"if","locations":[{"start":{"line":162,"column":8},"end":{"line":166,"column":9}},{"start":{"line":164,"column":15},"end":{"line":166,"column":9}}]},"9":{"loc":{"start":{"line":182,"column":4},"end":{"line":186,"column":5}},"type":"if","locations":[{"start":{"line":182,"column":4},"end":{"line":186,"column":5}},{"start":{"line":184,"column":11},"end":{"line":186,"column":5}}]}},"s":{"0":0,"1":0,"2":0,"3":0,"4":0,"5":0,"6":0,"7":0,"8":0,"9":0,"10":0,"11":0,"12":0,"13":0,"14":0,"15":0,"16":0,"17":0,"18":0,"19":0,"20":0,"21":0,"22":0,"23":0,"24":0,"25":0,"26":0,"27":0,"28":0,"29":0,"30":0,"31":0,"32":0,"33":0,"34":0,"35":0,"36":0,"37":0,"38":0,"39":0,"40":0,"41":0,"42":0,"43":0,"44":0,"45":0,"46":0,"47":0,"48":0,"49":0,"50":0,"51":0,"52":0,"53":0},"f":{"0":0,"1":0,"2":0,"3":0,"4":0,"5":0,"6":0,"7":0,"8":0,"9":0,"10":0,"11":0,"12":0,"13":0,"14":0},"b":{"0":[0,0],"1":[0,0],"2":[0,0],"3":[0,0],"4":[0,0],"5":[0,0],"6":[0,0],"7":[0,0],"8":[0,0],"9":[0,0]}}
,"D:\\Antigravity\\New folder\\IRIS-AI\\src\\main\\logic\\apps-manager.ts": {"path":"D:\\Antigravity\\New folder\\IRIS-AI\\src\\main\\logic\\apps-manager.ts","statementMap":{"0":{"start":{"line":3,"column":0},"end":{"line":3,"column":24}},"1":{"start":{"line":4,"column":2},"end":{"line":45,"column":null}},"2":{"start":{"line":4,"column":44},"end":{"line":45,"column":4}},"3":{"start":{"line":5,"column":4},"end":{"line":44,"column":5}},"4":{"start":{"line":7,"column":23},"end":{"line":38,"column":null}},"5":{"start":{"line":40,"column":6},"end":{"line":40,"column":null}},"6":{"start":{"line":42,"column":6},"end":{"line":42,"column":null}},"7":{"start":{"line":43,"column":6},"end":{"line":43,"column":null}}},"fnMap":{"0":{"name":"registerAppsHandlers","decl":{"start":{"line":3,"column":24},"end":{"line":3,"column":44}},"loc":{"start":{"line":3,"column":61},"end":{"line":46,"column":1}}},"1":{"name":"(anonymous_8)","decl":{"start":{"line":4,"column":33},"end":{"line":4,"column":42}},"loc":{"start":{"line":4,"column":44},"end":{"line":45,"column":4}}},"2":{"name":"(anonymous_9)","decl":{"start":{"line":4,"column":44},"end":{"line":4,"column":null}},"loc":{"start":{"line":4,"column":44},"end":{"line":45,"column":3}}}},"branchMap":{},"s":{"0":0,"1":0,"2":0,"3":0,"4":0,"5":0,"6":0,"7":0},"f":{"0":0,"1":0,"2":0},"b":{}}
,"D:\\Antigravity\\New folder\\IRIS-AI\\src\\main\\logic\\biometric-manager.ts": {"path":"D:\\Antigravity\\New folder\\IRIS-AI\\src\\main\\logic\\biometric-manager.ts","statementMap":{"0":{"start":{"line":9,"column":0},"end":{"line":9,"column":24}},"1":{"start":{"line":2,"column":0},"end":{"line":2,"column":null}},"2":{"start":{"line":10,"column":2},"end":{"line":17,"column":null}},"3":{"start":{"line":10,"column":46},"end":{"line":17,"column":4}},"4":{"start":{"line":11,"column":4},"end":{"line":16,"column":5}},"5":{"start":{"line":12,"column":6},"end":{"line":12,"column":null}},"6":{"start":{"line":14,"column":6},"end":{"line":14,"column":null}},"7":{"start":{"line":15,"column":6},"end":{"line":15,"column":null}},"8":{"start":{"line":19,"column":2},"end":{"line":35,"column":null}},"9":{"start":{"line":21,"column":69},"end":{"line":34,"column":null}},"10":{"start":{"line":22,"column":6},"end":{"line":33,"column":7}},"11":{"start":{"line":23,"column":8},"end":{"line":26,"column":9}},"12":{"start":{"line":24,"column":10},"end":{"line":24,"column":null}},"13":{"start":{"line":25,"column":10},"end":{"line":25,"column":null}},"14":{"start":{"line":28,"column":25},"end":{"line":28,"column":44}},"15":{"start":{"line":29,"column":8},"end":{"line":29,"column":null}},"16":{"start":{"line":31,"column":8},"end":{"line":31,"column":null}},"17":{"start":{"line":32,"column":8},"end":{"line":32,"column":null}},"18":{"start":{"line":37,"column":2},"end":{"line":45,"column":null}},"19":{"start":{"line":37,"column":46},"end":{"line":45,"column":4}},"20":{"start":{"line":38,"column":4},"end":{"line":44,"column":5}},"21":{"start":{"line":39,"column":21},"end":{"line":39,"column":43}},"22":{"start":{"line":40,"column":6},"end":{"line":40,"column":null}},"23":{"start":{"line":42,"column":6},"end":{"line":42,"column":null}},"24":{"start":{"line":43,"column":6},"end":{"line":43,"column":null}},"25":{"start":{"line":47,"column":2},"end":{"line":60,"column":null}},"26":{"start":{"line":47,"column":85},"end":{"line":60,"column":4}},"27":{"start":{"line":48,"column":4},"end":{"line":59,"column":5}},"28":{"start":{"line":49,"column":6},"end":{"line":52,"column":7}},"29":{"start":{"line":50,"column":21},"end":{"line":50,"column":59}},"30":{"start":{"line":51,"column":8},"end":{"line":51,"column":null}},"31":{"start":{"line":54,"column":25},"end":{"line":54,"column":44}},"32":{"start":{"line":55,"column":6},"end":{"line":55,"column":null}},"33":{"start":{"line":57,"column":6},"end":{"line":57,"column":null}},"34":{"start":{"line":58,"column":6},"end":{"line":58,"column":null}}},"fnMap":{"0":{"name":"registerBiometricHandlers","decl":{"start":{"line":9,"column":24},"end":{"line":9,"column":49}},"loc":{"start":{"line":9,"column":66},"end":{"line":61,"column":1}}},"1":{"name":"(anonymous_8)","decl":{"start":{"line":10,"column":35},"end":{"line":10,"column":44}},"loc":{"start":{"line":10,"column":46},"end":{"line":17,"column":4}}},"2":{"name":"(anonymous_9)","decl":{"start":{"line":10,"column":46},"end":{"line":10,"column":null}},"loc":{"start":{"line":10,"column":46},"end":{"line":17,"column":3}}},"3":{"name":"(anonymous_10)","decl":{"start":{"line":21,"column":4},"end":{"line":21,"column":11}},"loc":{"start":{"line":21,"column":69},"end":{"line":34,"column":null}}},"4":{"name":"(anonymous_11)","decl":{"start":{"line":21,"column":69},"end":{"line":21,"column":null}},"loc":{"start":{"line":21,"column":69},"end":{"line":34,"column":5}}},"5":{"name":"(anonymous_12)","decl":{"start":{"line":37,"column":35},"end":{"line":37,"column":44}},"loc":{"start":{"line":37,"column":46},"end":{"line":45,"column":4}}},"6":{"name":"(anonymous_13)","decl":{"start":{"line":37,"column":46},"end":{"line":37,"column":null}},"loc":{"start":{"line":37,"column":46},"end":{"line":45,"column":3}}},"7":{"name":"(anonymous_14)","decl":{"start":{"line":47,"column":35},"end":{"line":47,"column":42}},"loc":{"start":{"line":47,"column":85},"end":{"line":60,"column":4}}},"8":{"name":"(anonymous_15)","decl":{"start":{"line":47,"column":85},"end":{"line":47,"column":null}},"loc":{"start":{"line":47,"column":85},"end":{"line":60,"column":3}}}},"branchMap":{"0":{"loc":{"start":{"line":23,"column":8},"end":{"line":26,"column":9}},"type":"if","locations":[{"start":{"line":23,"column":8},"end":{"line":26,"column":9}},{"start":{},"end":{}}]},"1":{"loc":{"start":{"line":23,"column":12},"end":{"line":23,"column":49}},"type":"binary-expr","locations":[{"start":{"line":23,"column":12},"end":{"line":23,"column":30}},{"start":{"line":23,"column":34},"end":{"line":23,"column":47}}]},"2":{"loc":{"start":{"line":23,"column":12},"end":{"line":23,"column":30}},"type":"cond-expr","locations":[{"start":{"line":23,"column":19},"end":{"line":23,"column":21}},{"start":{"line":23,"column":12},"end":{"line":23,"column":30}}]},"3":{"loc":{"start":{"line":23,"column":12},"end":{"line":23,"column":21}},"type":"binary-expr","locations":[{"start":{"line":23,"column":12},"end":{"line":23,"column":21}},{"start":{"line":23,"column":12},"end":{"line":23,"column":21}}]},"4":{"loc":{"start":{"line":23,"column":34},"end":{"line":23,"column":47}},"type":"cond-expr","locations":[{"start":{"line":23,"column":41},"end":{"line":23,"column":43}},{"start":{"line":23,"column":34},"end":{"line":23,"column":47}}]},"5":{"loc":{"start":{"line":23,"column":34},"end":{"line":23,"column":43}},"type":"binary-expr","locations":[{"start":{"line":23,"column":34},"end":{"line":23,"column":43}},{"start":{"line":23,"column":34},"end":{"line":23,"column":43}}]},"6":{"loc":{"start":{"line":49,"column":6},"end":{"line":52,"column":7}},"type":"if","locations":[{"start":{"line":49,"column":6},"end":{"line":52,"column":7}},{"start":{},"end":{}}]},"7":{"loc":{"start":{"line":49,"column":10},"end":{"line":49,"column":28}},"type":"cond-expr","locations":[{"start":{"line":49,"column":17},"end":{"line":49,"column":19}},{"start":{"line":49,"column":10},"end":{"line":49,"column":28}}]},"8":{"loc":{"start":{"line":49,"column":10},"end":{"line":49,"column":19}},"type":"binary-expr","locations":[{"start":{"line":49,"column":10},"end":{"line":49,"column":19}},{"start":{"line":49,"column":10},"end":{"line":49,"column":19}}]}},"s":{"0":0,"1":0,"2":0,"3":0,"4":0,"5":0,"6":0,"7":0,"8":0,"9":0,"10":0,"11":0,"12":0,"13":0,"14":0,"15":0,"16":0,"17":0,"18":0,"19":0,"20":0,"21":0,"22":0,"23":0,"24":0,"25":0,"26":0,"27":0,"28":0,"29":0,"30":0,"31":0,"32":0,"33":0,"34":0},"f":{"0":0,"1":0,"2":0,"3":0,"4":0,"5":0,"6":0,"7":0,"8":0},"b":{"0":[0,0],"1":[0,0],"2":[0,0],"3":[0,0],"4":[0,0],"5":[0,0],"6":[0,0],"7":[0,0],"8":[0,0]}}
,"D:\\Antigravity\\New folder\\IRIS-AI\\src\\main\\logic\\dir-load.ts": {"path":"D:\\Antigravity\\New folder\\IRIS-AI\\src\\main\\logic\\dir-load.ts","statementMap":{"0":{"start":{"line":67,"column":0},"end":{"line":67,"column":24}},"1":{"start":{"line":1,"column":0},"end":{"line":1,"column":39}},"2":{"start":{"line":2,"column":0},"end":{"line":2,"column":28}},"3":{"start":{"line":3,"column":0},"end":{"line":3,"column":23}},"4":{"start":{"line":4,"column":0},"end":{"line":4,"column":19}},"5":{"start":{"line":6,"column":20},"end":{"line":41,"column":1}},"6":{"start":{"line":7,"column":2},"end":{"line":7,"column":null}},"7":{"start":{"line":7,"column":19},"end":{"line":7,"column":null}},"8":{"start":{"line":9,"column":14},"end":{"line":9,"column":46}},"9":{"start":{"line":10,"column":19},"end":{"line":31,"column":null}},"10":{"start":{"line":32,"column":18},"end":{"line":32,"column":76}},"11":{"start":{"line":33,"column":18},"end":{"line":33,"column":59}},"12":{"start":{"line":34,"column":19},"end":{"line":34,"column":66}},"13":{"start":{"line":36,"column":2},"end":{"line":36,"column":null}},"14":{"start":{"line":36,"column":30},"end":{"line":36,"column":null}},"15":{"start":{"line":37,"column":2},"end":{"line":37,"column":null}},"16":{"start":{"line":37,"column":29},"end":{"line":37,"column":null}},"17":{"start":{"line":38,"column":2},"end":{"line":38,"column":null}},"18":{"start":{"line":38,"column":29},"end":{"line":38,"column":null}},"19":{"start":{"line":39,"column":2},"end":{"line":39,"column":null}},"20":{"start":{"line":39,"column":30},"end":{"line":39,"column":null}},"21":{"start":{"line":40,"column":2},"end":{"line":40,"column":null}},"22":{"start":{"line":43,"column":22},"end":{"line":65,"column":1}},"23":{"start":{"line":44,"column":2},"end":{"line":64,"column":3}},"24":{"start":{"line":45,"column":4},"end":{"line":45,"column":null}},"25":{"start":{"line":47,"column":17},"end":{"line":47,"column":29}},"26":{"start":{"line":48,"column":4},"end":{"line":63,"column":5}},"27":{"start":{"line":50,"column":8},"end":{"line":50,"column":null}},"28":{"start":{"line":52,"column":8},"end":{"line":52,"column":null}},"29":{"start":{"line":54,"column":8},"end":{"line":54,"column":null}},"30":{"start":{"line":56,"column":8},"end":{"line":56,"column":null}},"31":{"start":{"line":58,"column":8},"end":{"line":58,"column":null}},"32":{"start":{"line":60,"column":8},"end":{"line":60,"column":null}},"33":{"start":{"line":62,"column":8},"end":{"line":62,"column":null}},"34":{"start":{"line":68,"column":2},"end":{"line":158,"column":null}},"35":{"start":{"line":68,"column":69},"end":{"line":158,"column":4}},"36":{"start":{"line":69,"column":4},"end":{"line":157,"column":5}},"37":{"start":{"line":70,"column":21},"end":{"line":70,"column":35}},"38":{"start":{"line":71,"column":23},"end":{"line":71,"column":31}},"39":{"start":{"line":72,"column":23},"end":{"line":72,"column":36}},"40":{"start":{"line":74,"column":6},"end":{"line":89,"column":7}},"41":{"start":{"line":75,"column":28},"end":{"line":75,"column":60}},"42":{"start":{"line":76,"column":8},"end":{"line":76,"column":null}},"43":{"start":{"line":78,"column":11},"end":{"line":89,"column":7}},"44":{"start":{"line":83,"column":8},"end":{"line":83,"column":null}},"45":{"start":{"line":84,"column":13},"end":{"line":89,"column":7}},"46":{"start":{"line":85,"column":8},"end":{"line":85,"column":null}},"47":{"start":{"line":87,"column":11},"end":{"line":89,"column":7}},"48":{"start":{"line":88,"column":8},"end":{"line":88,"column":null}},"49":{"start":{"line":92,"column":6},"end":{"line":99,"column":7}},"50":{"start":{"line":93,"column":22},"end":{"line":93,"column":47}},"51":{"start":{"line":94,"column":8},"end":{"line":96,"column":9}},"52":{"start":{"line":95,"column":10},"end":{"line":95,"column":null}},"53":{"start":{"line":98,"column":8},"end":{"line":98,"column":null}},"54":{"start":{"line":101,"column":22},"end":{"line":101,"column":75}},"55":{"start":{"line":103,"column":20},"end":{"line":110,"column":11}},"56":{"start":{"line":104,"column":23},"end":{"line":104,"column":46}},"57":{"start":{"line":105,"column":21},"end":{"line":110,"column":10}},"58":{"start":{"line":112,"column":29},"end":{"line":120,"column":null}},"59":{"start":{"line":113,"column":33},"end":{"line":120,"column":10}},"60":{"start":{"line":114,"column":10},"end":{"line":119,"column":11}},"61":{"start":{"line":115,"column":26},"end":{"line":115,"column":50}},"62":{"start":{"line":116,"column":12},"end":{"line":116,"column":70}},"63":{"start":{"line":118,"column":12},"end":{"line":118,"column":49}},"64":{"start":{"line":123,"column":26},"end":{"line":129,"column":22}},"65":{"start":{"line":125,"column":10},"end":{"line":125,"column":null}},"66":{"start":{"line":125,"column":47},"end":{"line":125,"column":null}},"67":{"start":{"line":126,"column":10},"end":{"line":126,"column":null}},"68":{"start":{"line":126,"column":47},"end":{"line":126,"column":null}},"69":{"start":{"line":127,"column":10},"end":{"line":127,"column":null}},"70":{"start":{"line":131,"column":22},"end":{"line":148,"column":8}},"71":{"start":{"line":132,"column":21},"end":{"line":132,"column":61}},"72":{"start":{"line":133,"column":25},"end":{"line":133,"column":27}},"73":{"start":{"line":135,"column":8},"end":{"line":140,"column":9}},"74":{"start":{"line":136,"column":10},"end":{"line":136,"column":null}},"75":{"start":{"line":138,"column":25},"end":{"line":138,"column":61}},"76":{"start":{"line":139,"column":10},"end":{"line":139,"column":null}},"77":{"start":{"line":142,"column":8},"end":{"line":147,"column":null}},"78":{"start":{"line":150,"column":6},"end":{"line":154,"column":null}},"79":{"start":{"line":156,"column":6},"end":{"line":156,"column":null}}},"fnMap":{"0":{"name":"(anonymous_8)","decl":{"start":{"line":6,"column":20},"end":{"line":6,"column":21}},"loc":{"start":{"line":6,"column":59},"end":{"line":41,"column":1}}},"1":{"name":"(anonymous_9)","decl":{"start":{"line":43,"column":22},"end":{"line":43,"column":23}},"loc":{"start":{"line":43,"column":36},"end":{"line":65,"column":1}}},"2":{"name":"registerDirLoader","decl":{"start":{"line":67,"column":24},"end":{"line":67,"column":41}},"loc":{"start":{"line":67,"column":58},"end":{"line":159,"column":1}}},"3":{"name":"(anonymous_11)","decl":{"start":{"line":68,"column":35},"end":{"line":68,"column":42}},"loc":{"start":{"line":68,"column":69},"end":{"line":158,"column":4}}},"4":{"name":"(anonymous_12)","decl":{"start":{"line":68,"column":69},"end":{"line":68,"column":null}},"loc":{"start":{"line":68,"column":69},"end":{"line":158,"column":3}}},"5":{"name":"(anonymous_13)","decl":{"start":{"line":104,"column":16},"end":{"line":104,"column":17}},"loc":{"start":{"line":104,"column":23},"end":{"line":104,"column":46}}},"6":{"name":"(anonymous_14)","decl":{"start":{"line":105,"column":13},"end":{"line":105,"column":14}},"loc":{"start":{"line":105,"column":21},"end":{"line":110,"column":10}}},"7":{"name":"(anonymous_15)","decl":{"start":{"line":113,"column":18},"end":{"line":113,"column":25}},"loc":{"start":{"line":113,"column":33},"end":{"line":120,"column":10}}},"8":{"name":"(anonymous_16)","decl":{"start":{"line":113,"column":33},"end":{"line":113,"column":null}},"loc":{"start":{"line":113,"column":33},"end":{"line":120,"column":9}}},"9":{"name":"(anonymous_17)","decl":{"start":{"line":124,"column":14},"end":{"line":124,"column":15}},"loc":{"start":{"line":124,"column":23},"end":{"line":128,"column":9}}},"10":{"name":"(anonymous_18)","decl":{"start":{"line":131,"column":38},"end":{"line":131,"column":39}},"loc":{"start":{"line":131,"column":47},"end":{"line":148,"column":7}}}},"branchMap":{"0":{"loc":{"start":{"line":7,"column":2},"end":{"line":7,"column":null}},"type":"if","locations":[{"start":{"line":7,"column":2},"end":{"line":7,"column":null}},{"start":{},"end":{}}]},"1":{"loc":{"start":{"line":36,"column":2},"end":{"line":36,"column":null}},"type":"if","locations":[{"start":{"line":36,"column":2},"end":{"line":36,"column":null}},{"start":{},"end":{}}]},"2":{"loc":{"start":{"line":37,"column":2},"end":{"line":37,"column":null}},"type":"if","locations":[{"start":{"line":37,"column":2},"end":{"line":37,"column":null}},{"start":{},"end":{}}]},"3":{"loc":{"start":{"line":38,"column":2},"end":{"line":38,"column":null}},"type":"if","locations":[{"start":{"line":38,"column":2},"end":{"line":38,"column":null}},{"start":{},"end":{}}]},"4":{"loc":{"start":{"line":39,"column":2},"end":{"line":39,"column":null}},"type":"if","locations":[{"start":{"line":39,"column":2},"end":{"line":39,"column":null}},{"start":{},"end":{}}]},"5":{"loc":{"start":{"line":48,"column":4},"end":{"line":63,"column":5}},"type":"switch","locations":[{"start":{"line":49,"column":6},"end":{"line":50,"column":null}},{"start":{"line":51,"column":6},"end":{"line":52,"column":null}},{"start":{"line":53,"column":6},"end":{"line":54,"column":null}},{"start":{"line":55,"column":6},"end":{"line":56,"column":null}},{"start":{"line":57,"column":6},"end":{"line":58,"column":null}},{"start":{"line":59,"column":6},"end":{"line":60,"column":null}},{"start":{"line":61,"column":6},"end":{"line":62,"column":null}}]},"6":{"loc":{"start":{"line":74,"column":6},"end":{"line":89,"column":7}},"type":"if","locations":[{"start":{"line":74,"column":6},"end":{"line":89,"column":7}},{"start":{"line":78,"column":11},"end":{"line":89,"column":7}}]},"7":{"loc":{"start":{"line":74,"column":10},"end":{"line":74,"column":63}},"type":"binary-expr","locations":[{"start":{"line":74,"column":10},"end":{"line":74,"column":30}},{"start":{"line":74,"column":34},"end":{"line":74,"column":63}}]},"8":{"loc":{"start":{"line":78,"column":11},"end":{"line":89,"column":7}},"type":"if","locations":[{"start":{"line":78,"column":11},"end":{"line":89,"column":7}},{"start":{"line":84,"column":13},"end":{"line":89,"column":7}}]},"9":{"loc":{"start":{"line":84,"column":13},"end":{"line":89,"column":7}},"type":"if","locations":[{"start":{"line":84,"column":13},"end":{"line":89,"column":7}},{"start":{"line":87,"column":11},"end":{"line":89,"column":7}}]},"10":{"loc":{"start":{"line":84,"column":17},"end":{"line":84,"column":70}},"type":"binary-expr","locations":[{"start":{"line":84,"column":17},"end":{"line":84,"column":50}},{"start":{"line":84,"column":54},"end":{"line":84,"column":70}}]},"11":{"loc":{"start":{"line":87,"column":11},"end":{"line":89,"column":7}},"type":"if","locations":[{"start":{"line":87,"column":11},"end":{"line":89,"column":7}},{"start":{},"end":{}}]},"12":{"loc":{"start":{"line":94,"column":8},"end":{"line":96,"column":9}},"type":"if","locations":[{"start":{"line":94,"column":8},"end":{"line":96,"column":9}},{"start":{},"end":{}}]},"13":{"loc":{"start":{"line":125,"column":10},"end":{"line":125,"column":null}},"type":"if","locations":[{"start":{"line":125,"column":10},"end":{"line":125,"column":null}},{"start":{},"end":{}}]},"14":{"loc":{"start":{"line":125,"column":14},"end":{"line":125,"column":45}},"type":"binary-expr","locations":[{"start":{"line":125,"column":14},"end":{"line":125,"column":27}},{"start":{"line":125,"column":31},"end":{"line":125,"column":45}}]},"15":{"loc":{"start":{"line":126,"column":10},"end":{"line":126,"column":null}},"type":"if","locations":[{"start":{"line":126,"column":10},"end":{"line":126,"column":null}},{"start":{},"end":{}}]},"16":{"loc":{"start":{"line":126,"column":14},"end":{"line":126,"column":45}},"type":"binary-expr","locations":[{"start":{"line":126,"column":14},"end":{"line":126,"column":28}},{"start":{"line":126,"column":32},"end":{"line":126,"column":45}}]},"17":{"loc":{"start":{"line":135,"column":8},"end":{"line":140,"column":9}},"type":"if","locations":[{"start":{"line":135,"column":8},"end":{"line":140,"column":9}},{"start":{"line":137,"column":15},"end":{"line":140,"column":9}}]}},"s":{"0":0,"1":0,"2":0,"3":0,"4":0,"5":0,"6":0,"7":0,"8":0,"9":0,"10":0,"11":0,"12":0,"13":0,"14":0,"15":0,"16":0,"17":0,"18":0,"19":0,"20":0,"21":0,"22":0,"23":0,"24":0,"25":0,"26":0,"27":0,"28":0,"29":0,"30":0,"31":0,"32":0,"33":0,"34":0,"35":0,"36":0,"37":0,"38":0,"39":0,"40":0,"41":0,"42":0,"43":0,"44":0,"45":0,"46":0,"47":0,"48":0,"49":0,"50":0,"51":0,"52":0,"53":0,"54":0,"55":0,"56":0,"57":0,"58":0,"59":0,"60":0,"61":0,"62":0,"63":0,"64":0,"65":0,"66":0,"67":0,"68":0,"69":0,"70":0,"71":0,"72":0,"73":0,"74":0,"75":0,"76":0,"77":0,"78":0,"79":0},"f":{"0":0,"1":0,"2":0,"3":0,"4":0,"5":0,"6":0,"7":0,"8":0,"9":0,"10":0},"b":{"0":[0,0],"1":[0,0],"2":[0,0],"3":[0,0],"4":[0,0],"5":[0,0,0,0,0,0,0],"6":[0,0],"7":[0,0],"8":[0,0],"9":[0,0],"10":[0,0],"11":[0,0],"12":[0,0],"13":[0,0],"14":[0,0],"15":[0,0],"16":[0,0],"17":[0,0]}}
,"D:\\Antigravity\\New folder\\IRIS-AI\\src\\main\\logic\\file-launcher.ts": {"path":"D:\\Antigravity\\New folder\\IRIS-AI\\src\\main\\logic\\file-launcher.ts","statementMap":{"0":{"start":{"line":13,"column":0},"end":{"line":13,"column":24}},"1":{"start":{"line":2,"column":0},"end":{"line":2,"column":36}},"2":{"start":{"line":3,"column":0},"end":{"line":3,"column":19}},"3":{"start":{"line":5,"column":19},"end":{"line":11,"column":1}},"4":{"start":{"line":6,"column":2},"end":{"line":10,"column":null}},"5":{"start":{"line":7,"column":4},"end":{"line":9,"column":null}},"6":{"start":{"line":8,"column":6},"end":{"line":8,"column":null}},"7":{"start":{"line":15,"column":2},"end":{"line":15,"column":null}},"8":{"start":{"line":17,"column":2},"end":{"line":39,"column":null}},"9":{"start":{"line":17,"column":48},"end":{"line":39,"column":4}},"10":{"start":{"line":18,"column":4},"end":{"line":38,"column":5}},"11":{"start":{"line":19,"column":6},"end":{"line":27,"column":7}},"12":{"start":{"line":20,"column":20},"end":{"line":20,"column":133}},"13":{"start":{"line":21,"column":23},"end":{"line":21,"column":44}},"14":{"start":{"line":22,"column":21},"end":{"line":25,"column":27}},"15":{"start":{"line":24,"column":22},"end":{"line":24,"column":30}},"16":{"start":{"line":25,"column":25},"end":{"line":25,"column":26}},"17":{"start":{"line":26,"column":8},"end":{"line":26,"column":null}},"18":{"start":{"line":29,"column":6},"end":{"line":33,"column":7}},"19":{"start":{"line":30,"column":20},"end":{"line":30,"column":127}},"20":{"start":{"line":31,"column":23},"end":{"line":31,"column":44}},"21":{"start":{"line":32,"column":8},"end":{"line":32,"column":null}},"22":{"start":{"line":32,"column":45},"end":{"line":32,"column":53}},"23":{"start":{"line":35,"column":6},"end":{"line":35,"column":null}},"24":{"start":{"line":37,"column":6},"end":{"line":37,"column":null}}},"fnMap":{"0":{"name":"(anonymous_8)","decl":{"start":{"line":5,"column":19},"end":{"line":5,"column":20}},"loc":{"start":{"line":5,"column":52},"end":{"line":11,"column":1}}},"1":{"name":"(anonymous_9)","decl":{"start":{"line":6,"column":21},"end":{"line":6,"column":22}},"loc":{"start":{"line":6,"column":33},"end":{"line":10,"column":3}}},"2":{"name":"(anonymous_10)","decl":{"start":{"line":7,"column":14},"end":{"line":7,"column":15}},"loc":{"start":{"line":7,"column":30},"end":{"line":9,"column":5}}},"3":{"name":"registerFileScanner","decl":{"start":{"line":13,"column":24},"end":{"line":13,"column":43}},"loc":{"start":{"line":13,"column":60},"end":{"line":40,"column":1}}},"4":{"name":"(anonymous_12)","decl":{"start":{"line":17,"column":37},"end":{"line":17,"column":46}},"loc":{"start":{"line":17,"column":48},"end":{"line":39,"column":4}}},"5":{"name":"(anonymous_13)","decl":{"start":{"line":17,"column":48},"end":{"line":17,"column":null}},"loc":{"start":{"line":17,"column":48},"end":{"line":39,"column":3}}},"6":{"name":"(anonymous_14)","decl":{"start":{"line":24,"column":15},"end":{"line":24,"column":16}},"loc":{"start":{"line":24,"column":22},"end":{"line":24,"column":30}}},"7":{"name":"(anonymous_15)","decl":{"start":{"line":25,"column":18},"end":{"line":25,"column":19}},"loc":{"start":{"line":25,"column":25},"end":{"line":25,"column":26}}},"8":{"name":"(anonymous_16)","decl":{"start":{"line":32,"column":38},"end":{"line":32,"column":39}},"loc":{"start":{"line":32,"column":45},"end":{"line":32,"column":53}}}},"branchMap":{"0":{"loc":{"start":{"line":8,"column":14},"end":{"line":8,"column":38}},"type":"cond-expr","locations":[{"start":{"line":8,"column":20},"end":{"line":8,"column":22
[...]
line":58,"column":19},"end":{"line":74,"column":null}},"18":{"start":{"line":76,"column":4},"end":{"line":81,"column":5}},"19":{"start":{"line":76,"column":30},"end":{"line":76,"column":36}},"20":{"start":{"line":76,"column":30},"end":{"line":76,"column":38}},"21":{"start":{"line":76,"column":26},"end":{"line":76,"column":30}},"22":{"start":{"line":77,"column":22},"end":{"line":77,"column":60}},"23":{"start":{"line":78,"column":6},"end":{"line":80,"column":7}},"24":{"start":{"line":79,"column":8},"end":{"line":79,"column":null}},"25":{"start":{"line":83,"column":4},"end":{"line":83,"column":null}},"26":{"start":{"line":95,"column":2},"end":{"line":97,"column":3}},"27":{"start":{"line":96,"column":4},"end":{"line":96,"column":null}},"28":{"start":{"line":99,"column":2},"end":{"line":125,"column":3}},"29":{"start":{"line":100,"column":19},"end":{"line":100,"column":41}},"30":{"start":{"line":102,"column":21},"end":{"line":120,"column":6}},"31":{"start":{"line":122,"column":4},"end":{"line":122,"column":null}},"32":{"start":{"line":124,"column":4},"end":{"line":124,"column":null}}},"fnMap":{"0":{"name":"chatWithOpenAI","decl":{"start":{"line":8,"column":22},"end":{"line":8,"column":36}},"loc":{"start":{"line":8,"column":36},"end":{"line":41,"column":null}}},"1":{"name":"(anonymous_29)","decl":{"start":{"line":9,"column":2},"end":{"line":9,"column":16}},"loc":{"start":{"line":11,"column":25},"end":{"line":41,"column":1}}},"2":{"name":"streamChatWithOpenAI","decl":{"start":{"line":46,"column":23},"end":{"line":46,"column":43}},"loc":{"start":{"line":46,"column":43},"end":{"line":85,"column":null}}},"3":{"name":"streamChatWithOpenAI_1","decl":{"start":{"line":47,"column":2},"end":{"line":47,"column":16}},"loc":{"start":{"line":49,"column":25},"end":{"line":85,"column":1}}},"4":{"name":"analyzeImageWithOpenAI","decl":{"start":{"line":90,"column":22},"end":{"line":90,"column":44}},"loc":{"start":{"line":93,"column":16},"end":{"line":126,"column":null}}}},"branchMap":{"0":{"loc":{"start":{"line":11,"column":2},"end":{"line":11,"column":25}},"type":"default-arg","locations":[{"start":{"line":11,"column":18},"end":{"line":11,"column":25}}]},"1":{"loc":{"start":{"line":13,"column":2},"end":{"line":15,"column":3}},"type":"if","locations":[{"start":{"line":13,"column":2},"end":{"line":15,"column":3}},{"start":{},"end":{}}]},"2":{"loc":{"start":{"line":37,"column":11},"end":{"line":37,"column":77}},"type":"binary-expr","locations":[{"start":{"line":37,"column":11},"end":{"line":37,"column":48}},{"start":{"line":37,"column":52},"end":{"line":37,"column":77}}]},"3":{"loc":{"start":{"line":37,"column":11},"end":{"line":37,"column":48}},"type":"cond-expr","locations":[{"start":{"line":37,"column":39},"end":{"line":37,"column":41}},{"start":{"line":37,"column":39},"end":{"line":37,"column":48}}]},"4":{"loc":{"start":{"line":37,"column":11},"end":{"line":37,"column":41}},"type":"binary-expr","locations":[{"start":{"line":37,"column":11},"end":{"line":37,"column":41}},{"start":{"line":37,"column":39},"end":{"line":37,"column":41}}]},"5":{"loc":{"start":{"line":37,"column":11},"end":{"line":37,"column":39}},"type":"cond-expr","locations":[{"start":{"line":37,"column":30},"end":{"line":37,"column":32}},{"start":{"line":37,"column":30},"end":{"line":37,"column":39}}]},"6":{"loc":{"start":{"line":37,"column":11},"end":{"line":37,"column":32}},"type":"binary-expr","locations":[{"start":{"line":37,"column":11},"end":{"line":37,"column":32}},{"start":{"line":37,"column":30},"end":{"line":37,"column":32}}]},"7":{"loc":{"start":{"line":49,"column":2},"end":{"line":49,"column":25}},"type":"default-arg","locations":[{"start":{"line":49,"column":18},"end":{"line":49,"column":25}}]},"8":{"loc":{"start":{"line":51,"column":2},"end":{"line":53,"column":3}},"type":"if","locations":[{"start":{"line":51,"column":2},"end":{"line":53,"column":3}},{"start":{},"end":{}}]},"9":{"loc":{"start":{"line":77,"column":22},"end":{"line":77,"column":60}},"type":"binary-expr","locations":[{"start":{"line":77,"column":22},"end":{"line":77,"column":54}},{"start":{"line":77,"column":58},"end":{"line":77,"column":60}}]},"10":{"loc":{"start":{"line":77,"column":22},"end":{"line":77,"column":54}},"type":"cond-expr","locations":[{"start":{"line":77,"column":45},"end":{"line":77,"column":47}},{"start":{"line":77,"column":45},"end":{"line":77,"column":54}}]},"11":{"loc":{"start":{"line":77,"column":22},"end":{"line":77,"column":47}},"type":"binary-expr","locations":[{"start":{"line":77,"column":22},"end":{"line":77,"column":47}},{"start":{"line":77,"column":45},"end":{"line":77,"column":47}}]},"12":{"loc":{"start":{"line":77,"column":22},"end":{"line":77,"column":45}},"type":"cond-expr","locations":[{"start":{"line":77,"column":38},"end":{"line":77,"column":40}},{"start":{"line":77,"column":38},"end":{"line":77,"column":45}}]},"13":{"loc":{"start":{"line":77,"column":22},"end":{"line":77,"column":40}},"type":"binary-expr","locations":[{"start":{"line":77,"column":22},"end":{"line":77,"column":40}},{"start":{"line":77,"column":38},"end":{"line":77,"column":40}}]},"14":{"loc":{"start":{"line":78,"column":6},"end":{"line":80,"column":7}},"type":"if","locations":[{"start":{"line":78,"column":6},"end":{"line":80,"column":7}},{"start":{},"end":{}}]},"15":{"loc":{"start":{"line":95,"column":2},"end":{"line":97,"column":3}},"type":"if","locations":[{"start":{"line":95,"column":2},"end":{"line":97,"column":3}},{"start":{},"end":{}}]},"16":{"loc":{"start":{"line":122,"column":11},"end":{"line":122,"column":78}},"type":"binary-expr","locations":[{"start":{"line":122,"column":11},"end":{"line":122,"column":48}},{"start":{"line":122,"column":52},"end":{"line":122,"column":78}}]},"17":{"loc":{"start":{"line":122,"column":11},"end":{"line":122,"column":48}},"type":"cond-expr","locations":[{"start":{"line":122,"column":39},"end":{"line":122,"column":41}},{"start":{"line":122,"column":39},"end":{"line":122,"column":48}}]},"18":{"loc":{"start":{"line":122,"column":11},"end":{"line":122,"column":41}},"type":"binary-expr","locations":[{"start":{"line":122,"column":11},"end":{"line":122,"column":41}},{"start":{"line":122,"column":39},"end":{"line":122,"column":41}}]},"19":{"loc":{"start":{"line":122,"column":11},"end":{"line":122,"column":39}},"type":"cond-expr","locations":[{"start":{"line":122,"column":30},"end":{"line":122,"column":32}},{"start":{"line":122,"column":30},"end":{"line":122,"column":39}}]},"20":{"loc":{"start":{"line":122,"column":11},"end":{"line":122,"column":32}},"type":"binary-expr","locations":[{"start":{"line":122,"column":11},"end":{"line":122,"column":32}},{"start":{"line":122,"column":30},"end":{"line":122,"column":32}}]}},"s":{"0":0,"1":0,"2":0,"3":0,"4":0,"5":0,"6":0,"7":0,"8":0,"9":0,"10":0,"11":0,"12":0,"13":0,"14":0,"15":0,"16":0,"17":0,"18":0,"19":0,"20":0,"21":0,"22":0,"23":0,"24":0,"25":0,"26":0,"27":0,"28":0,"29":0,"30":0,"31":0,"32":0},"f":{"0":0,"1":0,"2":0,"3":0,"4":0},"b":{"0":[0],"1":[0,0],"2":[0,0],"3":[0,0],"4":[0,0],"5":[0,0],"6":[0,0],"7":[0],"8":[0,0],"9":[0,0],"10":[0,0],"11":[0,0],"12":[0,0],"13":[0,0],"14":[0,0],"15":[0,0],"16":[0,0],"17":[0,0],"18":[0,0],"19":[0,0],"20":[0,0]}}
,"D:\\Antigravity\\New folder\\IRIS-AI\\src\\main\\services\\tavily-handler.ts": {"path":"D:\\Antigravity\\New folder\\IRIS-AI\\src\\main\\services\\tavily-handler.ts","statementMap":{"0":{"start":{"line":3,"column":0},"end":{"line":3,"column":22}},"1":{"start":{"line":33,"column":0},"end":{"line":33,"column":22}},"2":{"start":{"line":1,"column":0},"end":{"line":1,"column":37}},"3":{"start":{"line":4,"column":2},"end":{"line":30,"column":3}},"4":{"start":{"line":5,"column":17},"end":{"line":5,"column":35}},"5":{"start":{"line":8,"column":26},"end":{"line":12,"column":6}},"6":{"start":{"line":15,"column":19},"end":{"line":15,"column":67}},"7":{"start":{"line":17,"column":4},"end":{"line":19,"column":5}},"8":{"start":{"line":18,"column":6},"end":{"line":18,"column":null}},"9":{"start":{"line":21,"column":4},"end":{"line":21,"column":null}},"10":{"start":{"line":22,"column":4},"end":{"line":24,"column":null}},"11":{"start":{"line":23,"column":6},"end":{"line":23,"column":null}},"12":{"start":{"line":26,"column":4},"end":{"line":26,"column":null}},"13":{"start":{"line":28,"column":4},"end":{"line":28,"column":null}},"14":{"start":{"line":29,"column":4},"end":{"line":29,"column":null}},"15":{"start":{"line":38,"column":2},"end":{"line":51,"column":3}},"16":{"start":{"line":40,"column":25},"end":{"line":40,"column":59}},"17":{"start":{"line":41,"column":19},"end":{"line":41,"column":42}},"18":{"start":{"line":43,"column":4},"end":{"line":47,"column":5}},"19":{"start":{"line":44,"column":6},"end":{"line":44,"column":null}},"20":{"start":{"line":46,"column":6},"end":{"line":46,"column":null}},"21":{"start":{"line":46,"column":37},"end":{"line":46,"column":60}},"22":{"start":{"line":49,"column":4},"end":{"line":49,"column":null}},"23":{"start":{"line":50,"column":4},"end":{"line":50,"column":null}}},"fnMap":{"0":{"name":"chatWithTavily","decl":{"start":{"line":3,"column":22},"end":{"line":3,"column":36}},"loc":{"start":{"line":3,"column":65},"end":{"line":31,"column":null}}},"1":{"name":"(anonymous_9)","decl":{"start":{"line":22,"column":34},"end":{"line":22,"column":35}},"loc":{"start":{"line":22,"column":65},"end":{"line":24,"column":5}}},"2":{"name":"streamChatWithTavily","decl":{"start":{"line":33,"column":22},"end":{"line":33,"column":42}},"loc":{"start":{"line":36,"column":34},"end":{"line":52,"column":null}}},"3":{"name":"(anonymous_12)","decl":{"start":{"line":46,"column":24},"end":{"line":46,"column":25}},"loc":{"start":{"line":46,"column":37},"end":{"line":46,"column":60}}}},"branchMap":{"0":{"loc":{"start":{"line":17,"column":4},"end":{"line":19,"column":5}},"type":"if","locations":[{"start":{"line":17,"column":4},"end":{"line":19,"column":5}},{"start":{},"end":{}}]}},"s":{"0":0,"1":0,"2":0,"3":0,"4":0,"5":0,"6":0,"7":0,"8":0,"9":0,"10":0,"11":0,"12":0,"13":0,"14":0,"15":0,"16":0,"17":0,"18":0,"19":0,"20":0,"21":0,"22":0,"23":0},"f":{"0":0,"1":0,"2":0,"3":0},"b":{"0":[0,0]}}
,"D:\\Antigravity\\New folder\\IRIS-AI\\src\\main\\services\\wormhole.ts": {"path":"D:\\Antigravity\\New folder\\IRIS-AI\\src\\main\\services\\wormhole.ts","statementMap":{"0":{"start":{"line":6,"column":0},"end":{"line":6,"column":24}},"1":{"start":{"line":2,"column":0},"end":{"line":2,"column":35}},"2":{"start":{"line":4,"column":24},"end":{"line":4,"column":28}},"3":{"start":{"line":7,"column":2},"end":{"line":29,"column":null}},"4":{"start":{"line":7,"column":65},"end":{"line":29,"column":4}},"5":{"start":{"line":8,"column":4},"end":{"line":28,"column":5}},"6":{"start":{"line":9,"column":6},"end":{"line":12,"column":7}},"7":{"start":{"line":10,"column":8},"end":{"line":10,"column":null}},"8":{"start":{"line":11,"column":8},"end":{"line":11,"column":null}},"9":{"start":{"line":14,"column":6},"end":{"line":17,"column":null}},"10":{"start":{"line":19,"column":24},"end":{"line":19,"column":51}},"11":{"start":{"line":21,"column":6},"end":{"line":25,"column":null}},"12":{"start":{"line":27,"column":6},"end":{"line":27,"column":null}},"13":{"start":{"line":31,"column":2},"end":{"line":37,"column":null}},"14":{"start":{"line":31,"column":46},"end":{"line":37,"column":4}},"15":{"start":{"line":32,"column":4},"end":{"line":35,"column":5}},"16":{"start":{"line":33,"column":6},"end":{"line":33,"column":null}},"17":{"start":{"line":34,"column":6},"end":{"line":34,"column":null}},"18":{"start":{"line":36,"column":4},"end":{"line":36,"column":null}}},"fnMap":{"0":{"name":"registerWormhole","decl":{"start":{"line":6,"column":24},"end":{"line":6,"column":40}},"loc":{"start":{"line":6,"column":74},"end":{"line":38,"column":1}}},"1":{"name":"(anonymous_8)","decl":{"start":{"line":7,"column":34},"end":{"line":7,"column":41}},"loc":{"start":{"line":7,"column":65},"end":{"line":29,"column":4}}},"2":{"name":"(anonymous_9)","decl":{"start":{"line":7,"column":65},"end":{"line":7,"column":null}},"loc":{"start":{"line":7,"column":65},"end":{"line":29,"column":3}}},"3":{"name":"(anonymous_10)","decl":{"start":{"line":31,"column":35},"end":{"line":31,"column":44}},"loc":{"start":{"line":31,"column":46},"end":{"line":37,"column":4}}},"4":{"name":"(anonymous_11)","decl":{"start":{"line":31,"column":46},"end":{"line":31,"column":null}},"loc":{"start":{"line":31,"column":46},"end":{"line":37,"column":3}}}},"branchMap":{"0":{"loc":{"start":{"line":9,"column":6},"end":{"line":12,"column":7}},"type":"if","locations":[{"start":{"line":9,"column":6},"end":{"line":12,"column":7}},{"start":{},"end":{}}]},"1":{"loc":{"start":{"line":32,"column":4},"end":{"line":35,"column":5}},"type":"if","locations":[{"start":{"line":32,"column":4},"end":{"line":35,"column":5}},{"start":{},"end":{}}]}},"s":{"0":0,"1":0,"2":0,"3":0,"4":0,"5":0,"6":0,"7":0,"8":0,"9":0,"10":0,"11":0,"12":0,"13":0,"14":0,"15":0,"16":0,"17":0,"18":0},"f":{"0":0,"1":0,"2":0,"3":0,"4":0},"b":{"0":[0,0],"1":[0,0]}}
,"D:\\Antigravity\\New folder\\IRIS-AI\\src\\main\\services\\providers\\provider-registry.ts": {"path":"D:\\Antigravity\\New folder\\IRIS-AI\\src\\main\\services\\providers\\provider-registry.ts","statementMap":{"0":{"start":{"line":47,"column":0},"end":{"line":47,"column":16}},"1":{"start":{"line":91,"column":0},"end":{"line":91,"column":16}},"2":{"start":{"line":107,"column":0},"end":{"line":107,"column":16}},"3":{"start":{"line":118,"column":0},"end":{"line":118,"column":16}},"4":{"start":{"line":125,"column":0},"end":{"line":125,"column":16}},"5":{"start":{"line":1,"column":0},"end":{"line":1,"column":19}},"6":{"start":{"line":2,"column":0},"end":{"line":2,"column":23}},"7":{"start":{"line":3,"column":0},"end":{"line":3,"column":43}},"8":{"start":{"line":29,"column":22},"end":{"line":29,"column":83}},"9":{"start":{"line":31,"column":41},"end":{"line":45,"column":null}},"10":{"start":{"line":48,"column":2},"end":{"line":48,"column":null}},"11":{"start":{"line":52,"column":14},"end":{"line":52,"column":56}},"12":{"start":{"line":54,"column":2},"end":{"line":66,"column":3}},"13":{"start":{"line":55,"column":18},"end":{"line":55,"column":34}},"14":{"start":{"line":56,"column":4},"end":{"line":56,"column":24}},"15":{"start":{"line":56,"column":16},"end":{"line":56,"column":24}},"16":{"start":{"line":58,"column":4},"end":{"line":58,"column":null}},"17":{"start":{"line":59,"column":4},"end":{"line":65,"column":5}},"18":{"start":{"line":60,"column":6},"end":{"line":64,"column":7}},"19":{"start":{"line":61,"column":8},"end":{"line":61,"column":null}},"20":{"start":{"line":63,"column":8},"end":{"line":63,"column":null}},"21":{"start":{"line":68,"column":2},"end":{"line":68,"column":null}},"22":{"start":{"line":72,"column":14},"end":{"line":72,"column":56}},"23":{"start":{"line":74,"column":2},"end":{"line":86,"column":3}},"24":{"start":{"line":75,"column":18},"end":{"line":75,"column":34}},"25":{"start":{"line":76,"column":4},"end":{"line":76,"column":24}},"26":{"start":{"line":76,"column":16},"end":{"line":76,"column":24}},"27":{"start":{"line":78,"column":4},"end":{"line":78,"column":null}},"28":{"start":{"line":79,"column":4},"end":{"line":85,"column":5}},"29":{"start":{"line":80,"column":6},"end":{"line":84,"column":7}},"30":{"start":{"line":81,"column":8},"end":{"line":81,"column":null}},"31":{"start":{"line":83,"column":8},"end":{"line":83,"column":null}},"32":{"start":{"line":88,"column":2},"end":{"line":88,"column":null}},"33":{"start":{"line":92,"column":2},"end":{"line":104,"column":3}},"34":{"start":{"line":93,"column":4},"end":{"line":96,"column":5}},"35":{"start":{"line":94,"column":6},"end":{"line":94,"column":null}},"36":{"start":{"line":95,"column":6},"end":{"line":95,"column":null}},"37":{"start":{"line":98,"column":16},"end":{"line":98,"column":54}},"38":{"start":{"line":99,"column":17},"end":{"line":99,"column":49}},"39":{"start":{"line":100,"column":4},"end":{"line":100,"column":null}},"40":{"start":{"line":102,"column":4},"end":{"line":102,"column":null}},"41":{"start":{"line":103,"column":4},"end":{"line":103,"column":null}},"42":{"start":{"line":108,"column":2},"end":{"line":115,"column":3}},"43":{"start":{"line":109,"column":22},"end":{"line":109,"column":80}},"44":{"start":{"line":110,"column":4},"end":{"line":110,"column":null}},"45":{"start":{"line":111,"column":4},"end":{"line":111,"column":null}},"46":{"start":{"line":113,"column":4},"end":{"line":113,"column":null}},"47":{"start":{"line":114,"column":4},"end":{"line":114,"column":null}},"48":{"start":{"line":119,"column":2},"end":{"line":121,"column":3}},"49":{"start":{"line":120,"column":4},"end":{"line":120,"column":null}},"50":{"start":{"line":122,"column":2},"end":{"line":122,"column":null}},"51":{"start":{"line":126,"column":2},"end":{"line":128,"column":3}},"52":{"start":{"line":127,"column":4},"end":{"line":127,"column":null}},"53":{"start":{"line":129,"column":2},"end":{"line":129,"column":null}}},"fnMap":{"0":{"name":"getProviderConfigPath","decl":{"start":{"line":47,"column":16},"end":{"line":47,"column":37}},"loc":{"start":{"line":47,"column":37},"end":{"line":49,"column":1}}},"1":{"name":"decryptProviderConfig","decl":{"start":{"line":51,"column":9},"end":{"line":51,"column":30}},"loc":{"start":{"line":51,"column":52},"end":{"line":69,"column":1}}},"2":{"name":"encryptProviderConfig","decl":{"start":{"line":71,"column":9},"end":{"line":71,"column":30}},"loc":{"start":{"line":71,"column":52},"end":{"line":89,"column":1}}},"3":{"name":"loadProviderConfig","decl":{"start":{"line":91,"column":16},"end":{"line":91,"column":34}},"loc":{"start":{"line":91,"column":34},"end":{"line":105,"column":1}}},"4":{"name":"saveProviderConfig","decl":{"start":{"line":107,"column":16},"end":{"line":107,"column":34}},"loc":{"start":{"line":107,"column":56},"end":{"line":116,"column":1}}},"5":{"name":"encryptKey","decl":{"start":{"line":118,"column":16},"end":{"line":118,"column":26}},"loc":{"start":{"line":118,"column":38},"end":{"line":123,"column":1}}},"6":{"name":"decryptKey","decl":{"start":{"line":125,"column":16},"end":{"line":125,"column":26}},"loc":{"start":{"line":125,"column":40},"end":{"line":130,"column":1}}}},"branchMap":{"0":{"loc":{"start":{"line":56,"column":4},"end":{"line":56,"column":24}},"type":"if","locations":[{"start":{"line":56,"column":4},"end":{"line":56,"column":24}},{"start":{},"end":{}}]},"1":{"loc":{"start":{"line":59,"column":4},"end":{"line":65,"column":5}},"type":"if","locations":[{"start":{"line":59,"column":4},"end":{"line":65,"column":5}},{"start":{},"end":{}}]},"2":{"loc":{"start":{"line":76,"column":4},"end":{"line":76,"column":24}},"type":"if","locations":[{"start":{"line":76,"column":4},"end":{"line":76,"column":24}},{"start":{},"end":{}}]},"3":{"loc":{"start":{"line":79,"column":4},"end":{"line":85,"column":5}},"type":"if","locations":[{"start":{"line":79,"column":4},"end":{"line":85,"column":5}},{"start":{},"end":{}}]},"4":{"loc":{"start":{"line":93,"column":4},"end":{"line":96,"column":5}},"type":"if","locations":[{"start":{"line":93,"column":4},"end":{"line":96,"column":5}},{"start":{},"end":{}}]},"5":{"loc":{"start":{"line":119,"column":2},"end":{"line":121,"column":3}},"type":"if","locations":[{"start":{"line":119,"column":2},"end":{"line":121,"column":3}},{"start":{},"end":{}}]},"6":{"loc":{"start":{"line":126,"column":2},"end":{"line":128,"column":3}},"type":"if","locations":[{"start":{"line":126,"column":2},"end":{"line":128,"column":3}},{"start":{},"end":{}}]}},"s":{"0":0,"1":0,"2":0,"3":0,"4":0,"5":0,"6":0,"7":0,"8":0,"9":0,"10":0,"11":0,"12":0,"13":0,"14":0,"15":0,"16":0,"17":0,"18":0,"19":0,"20":0,"21":0,"22":0,"23":0,"24":0,"25":0,"26":0,"27":0,"28":0,"29":0,"30":0,"31":0,"32":0,"33":0,"34":0,"35":0,"36":0,"37":0,"38":0,"39":0,"40":0,"41":0,"42":0,"43":0,"44":0,"45":0,"46":0,"47":0,"48":0,"49":0,"50":0,"51":0,"52":0,"53":0},"f":{"0":0,"1":0,"2":0,"3":0,"4":0,"5":0,"6":0},"b":{"0":[0,0],"1":[0,0],"2":[0,0],"3":[0,0],"4":[0,0],"5":[0,0],"6":[0,0]}}
}
