TN:
SF:src\main\logic\adb-manager.ts
FN:11,registerAdbHandlers
FN:15,(anonymous_9)
FN:15,(anonymous_10)
FN:25,(anonymous_11)
FN:39,(anonymous_12)
FN:39,(anonymous_13)
FN:49,(anonymous_14)
FN:49,(anonymous_15)
FN:75,(anonymous_16)
FN:75,(anonymous_17)
FN:87,(anonymous_18)
FN:87,(anonymous_19)
FN:89,(anonymous_20)
FN:93,(anonymous_21)
FN:106,(anonymous_22)
FN:106,(anonymous_23)
FN:126,(anonymous_24)
FN:126,(anonymous_25)
FN:172,(anonymous_26)
FN:172,(anonymous_27)
FN:187,(anonymous_28)
FN:187,(anonymous_29)
FN:208,(anonymous_30)
FN:208,(anonymous_31)
FN:227,(anonymous_32)
FN:227,(anonymous_33)
FN:252,(anonymous_34)
FN:252,(anonymous_35)
FN:287,(anonymous_36)
FN:287,(anonymous_37)
FN:330,(anonymous_38)
FN:330,(anonymous_39)
FN:342,(anonymous_40)
FN:342,(anonymous_41)
FN:357,(anonymous_42)
FN:357,(anonymous_43)
FNF:36
FNH:0
FNDA:0,registerAdbHandlers
FNDA:0,(anonymous_9)
FNDA:0,(anonymous_10)
FNDA:0,(anonymous_11)
FNDA:0,(anonymous_12)
FNDA:0,(anonymous_13)
FNDA:0,(anonymous_14)
FNDA:0,(anonymous_15)
FNDA:0,(anonymous_16)
FNDA:0,(anonymous_17)
FNDA:0,(anonymous_18)
FNDA:0,(anonymous_19)
FNDA:0,(anonymous_20)
FNDA:0,(anonymous_21)
FNDA:0,(anonymous_22)
FNDA:0,(anonymous_23)
FNDA:0,(anonymous_24)
FNDA:0,(anonymous_25)
FNDA:0,(anonymous_26)
FNDA:0,(anonymous_27)
FNDA:0,(anonymous_28)
FNDA:0,(anonymous_29)
FNDA:0,(anonymous_30)
FNDA:0,(anonymous_31)
FNDA:0,(anonymous_32)
FNDA:0,(anonymous_33)
FNDA:0,(anonymous_34)
FNDA:0,(anonymous_35)
FNDA:0,(anonymous_36)
FNDA:0,(anonymous_37)
FNDA:0,(anonymous_38)
FNDA:0,(anonymous_39)
FNDA:0,(anonymous_40)
FNDA:0,(anonymous_41)
FNDA:0,(anonymous_42)
FNDA:0,(anonymous_43)
DA:1,0
DA:2,0
DA:3,0
DA:4,0
DA:5,0
DA:7,0
DA:9,0
DA:11,0
DA:12,0
DA:13,0
DA:15,0
DA:16,0
DA:17,0
DA:19,0
DA:20,0
DA:21,0
DA:22,0
DA:25,0
DA:26,0
DA:28,0
DA:29,0
DA:31,0
DA:33,0
DA:38,0
DA:39,0
DA:40,0
DA:41,0
DA:42,0
DA:44,0
DA:48,0
DA:49,0
DA:50,0
DA:51,0
DA:53,0
DA:57,0
DA:59,0
DA:60,0
DA:63,0
DA:66,0
DA:68,0
DA:70,0
DA:74,0
DA:75,0
DA:76,0
DA:77,0
DA:78,0
DA:79,0
DA:80,0
DA:82,0
DA:86,0
DA:87,0
DA:88,0
DA:89,0
DA:90,0
DA:94,0
DA:95,0
DA:97,0
DA:98,0
DA:105,0
DA:106,0
DA:107,0
DA:108,0
DA:109,0
DA:110,0
DA:111,0
DA:112,0
DA:113,0
DA:114,0
DA:115,0
DA:116,0
DA:117,0
DA:119,0
DA:121,0
DA:125,0
DA:126,0
DA:127,0
DA:128,0
DA:129,0
DA:130,0
DA:131,0
DA:132,0
DA:134,0
DA:136,0
DA:137,0
DA:139,0
DA:140,0
DA:141,0
DA:142,0
DA:143,0
DA:145,0
DA:146,0
DA:147,0
DA:148,0
DA:149,0
DA:152,0
DA:153,0
DA:157,0
DA:167,0
DA:171,0
DA:172,0
DA:173,0
DA:174,0
DA:175,0
DA:176,0
DA:177,0
DA:178,0
DA:180,0
DA:182,0
DA:186,0
DA:187,0
DA:188,0
DA:190,0
DA:191,0
DA:193,0
DA:194,0
DA:195,0
DA:198,0
DA:201,0
DA:203,0
DA:207,0
DA:208,0
DA:209,0
DA:211,0
DA:212,0
DA:214,0
DA:215,0
DA:216,0
DA:219,0
DA:220,0
DA:222,0
DA:226,0
DA:227,0
DA:228,0
DA:229,0
DA:231,0
DA:232,0
DA:233,0
DA:235,0
DA:236,0
DA:237,0
DA:239,0
DA:240,0
DA:242,0
DA:243,0
DA:245,0
DA:247,0
DA:251,0
DA:252,0
DA:253,0
DA:254,0
DA:256,0
DA:257,0
DA:258,0
DA:259,0
DA:261,0
DA:262,0
DA:263,0
DA:264,0
DA:266,0
DA:267,0
DA:268,0
DA:269,0
DA:270,0
DA:271,0
DA:272,0
DA:273,0
DA:274,0
DA:276,0
DA:277,0
DA:278,0
DA:280,0
DA:282,0
DA:286,0
DA:287,0
DA:288,0
DA:289,0
DA:291,0
DA:292,0
DA:294,0
DA:295,0
DA:296,0
DA:298,0
DA:299,0
DA:300,0
DA:301,0
DA:302,0
DA:303,0
DA:304,0
DA:305,0
DA:308,0
DA:312,0
DA:313,0
DA:314,0
DA:315,0
DA:317,0
DA:323,0
DA:325,0
DA:329,0
DA:330,0
DA:331,0
DA:332,0
DA:333,0
DA:334,0
DA:335,0
DA:337,0
DA:341,0
DA:342,0
DA:343,0
DA:344,0
DA:345,0
DA:347,0
DA:349,0
DA:350,0
DA:352,0
DA:356,0
DA:357,0
DA:358,0
DA:359,0
DA:361,0
DA:362,0
DA:363,0
DA:365,0
DA:366,0
DA:367,0
DA:369,0
DA:371,0
DA:374,0
DA:375,0
DA:376,0
DA:378,0
DA:379,0
DA:383,0
DA:386,0
DA:387,0
DA:388,0
DA:391,0
DA:392,0
DA:395,0
DA:398,0
DA:399,0
DA:400,0
DA:403,0
DA:406,0
DA:407,0
DA:409,0
DA:411,0
DA:418,0
DA:420,0
LF:248
LH:0
BRDA:28,0,0,0
BRDA:28,0,1,0
BRDA:53,1,0,0
BRDA:53,1,1,0
BRDA:54,2,0,0
BRDA:54,2,1,0
BRDA:63,3,0,0
BRDA:63,3,1,0
BRDA:76,4,0,0
BRDA:76,4,1,0
BRDA:88,5,0,0
BRDA:88,5,1,0
BRDA:94,6,0,0
BRDA:94,6,1,0
BRDA:107,7,0,0
BRDA:107,7,1,0
BRDA:110,8,0,0
BRDA:110,8,1,0
BRDA:112,9,0,0
BRDA:112,9,1,0
BRDA:114,10,0,0
BRDA:114,10,1,0
BRDA:116,11,0,0
BRDA:116,11,1,0
BRDA:127,12,0,0
BRDA:127,12,1,0
BRDA:134,13,0,0
BRDA:134,13,1,0
BRDA:136,14,0,0
BRDA:136,14,1,0
BRDA:137,15,0,0
BRDA:137,15,1,0
BRDA:145,16,0,0
BRDA:145,16,1,0
BRDA:149,17,0,0
BRDA:149,17,1,0
BRDA:173,18,0,0
BRDA:173,18,1,0
BRDA:177,19,0,0
BRDA:177,19,1,0
BRDA:177,20,0,0
BRDA:177,20,1,0
BRDA:177,21,0,0
BRDA:177,21,1,0
BRDA:188,22,0,0
BRDA:188,22,1,0
BRDA:193,23,0,0
BRDA:193,23,1,0
BRDA:209,24,0,0
BRDA:209,24,1,0
BRDA:214,25,0,0
BRDA:214,25,1,0
BRDA:228,26,0,0
BRDA:228,26,1,0
BRDA:235,27,0,0
BRDA:235,27,1,0
BRDA:253,28,0,0
BRDA:253,28,1,0
BRDA:259,29,0,0
BRDA:259,29,1,0
BRDA:267,30,0,0
BRDA:267,30,1,0
BRDA:269,31,0,0
BRDA:269,31,1,0
BRDA:271,32,0,0
BRDA:271,32,1,0
BRDA:273,33,0,0
BRDA:273,33,1,0
BRDA:276,34,0,0
BRDA:276,34,1,0
BRDA:288,35,0,0
BRDA:288,35,1,0
BRDA:299,36,0,0
BRDA:299,36,1,0
BRDA:301,37,0,0
BRDA:301,37,1,0
BRDA:301,38,0,0
BRDA:301,38,1,0
BRDA:302,39,0,0
BRDA:302,39,1,0
BRDA:304,40,0,0
BRDA:304,40,1,0
BRDA:304,41,0,0
BRDA:304,41,1,0
BRDA:308,42,0,0
BRDA:308,42,1,0
BRDA:308,42,2,0
BRDA:312,43,0,0
BRDA:312,43,1,0
BRDA:312,44,0,0
BRDA:312,44,1,0
BRDA:312,44,2,0
BRDA:314,45,0,0
BRDA:314,45,1,0
BRDA:330,46,0,0
BRDA:331,47,0,0
BRDA:331,47,1,0
BRDA:343,48,0,0
BRDA:343,48,1,0
BRDA:347,49,0,0
BRDA:347,49,1,0
BRDA:358,50,0,0
BRDA:358,50,1,0
BRDA:363,51,0,0
BRDA:363,51,1,0
BRDA:365,52,0,0
BRDA:365,52,1,0
BRDA:365,53,0,0
BRDA:365,53,1,0
BRDA:374,54,0,0
BRDA:374,54,1,0
BRDA:378,55,0,0
BRDA:378,55,1,0
BRDA:386,56,0,0
BRDA:386,56,1,0
BRDA:386,57,0,0
BRDA:386,57,1,0
BRDA:391,58,0,0
BRDA:391,58,1,0
BRDA:391,59,0,0
BRDA:391,59,1,0
BRDA:398,60,0,0
BRDA:398,60,1,0
BRDA:398,61,0,0
BRDA:398,61,1,0
BRDA:399,62,0,0
BRDA:399,62,1,0
BRDA:406,63,0,0
BRDA:406,63,1,0
BRDA:406,64,0,0
BRDA:406,64,1,0
BRF:131
BRH:0
end_of_record
TN:
SF:src\main\logic\alerts-manager.ts
FN:5,registerAlertsHandlers
FN:8,(anonymous_9)
FN:8,(anonymous_10)
FN:18,(anonymous_11)
FN:18,(anonymous_12)
FNF:5
FNH:0
FNDA:0,registerAlertsHandlers
FNDA:0,(anonymous_9)
FNDA:0,(anonymous_10)
FNDA:0,(anonymous_11)
FNDA:0,(anonymous_12)
DA:1,0
DA:2,0
DA:3,0
DA:5,0
DA:6,0
DA:8,0
DA:9,0
DA:10,0
DA:11,0
DA:13,0
DA:14,0
DA:18,0
DA:19,0
DA:20,0
DA:22,0
DA:23,0
DA:25,0
DA:26,0
LF:18
LH:0
BRDA:20,0,0,0
BRDA:20,0,1,0
BRF:2
BRH:0
end_of_record
TN:
SF:src\main\logic\app-launcher.ts
FN:88,registerAppLauncher
FN:90,(anonymous_8)
FN:90,(anonymous_9)
FN:91,(anonymous_10)
FN:104,(anonymous_11)
FN:104,(anonymous_12)
FN:105,(anonymous_13)
FN:123,(anonymous_14)
FN:134,executeCommand
FN:135,(anonymous_16)
FN:144,launchViaPowerShell
FN:147,(anonymous_18)
FN:161,(anonymous_19)
FN:177,startApp
FN:178,(anonymous_21)
FNF:15
FNH:0
FNDA:0,registerAppLauncher
FNDA:0,(anonymous_8)
FNDA:0,(anonymous_9)
FNDA:0,(anonymous_10)
FNDA:0,(anonymous_11)
FNDA:0,(anonymous_12)
FNDA:0,(anonymous_13)
FNDA:0,(anonymous_14)
FNDA:0,executeCommand
FNDA:0,(anonymous_16)
FNDA:0,launchViaPowerShell
FNDA:0,(anonymous_18)
FNDA:0,(anonymous_19)
FNDA:0,startApp
FNDA:0,(anonymous_21)
DA:2,0
DA:4,0
DA:18,0
DA:58,0
DA:88,0
DA:89,0
DA:90,0
DA:91,0
DA:92,0
DA:93,0
DA:95,0
DA:96,0
DA:98,0
DA:103,0
DA:104,0
DA:105,0
DA:106,0
DA:107,0
DA:109,0
DA:110,0
DA:113,0
DA:114,0
DA:118,0
DA:121,0
DA:123,0
DA:124,0
DA:125,0
DA:127,0
DA:135,0
DA:136,0
DA:137,0
DA:139,0
DA:145,0
DA:147,0
DA:148,0
DA:149,0
DA:153,0
DA:156,0
DA:158,0
DA:159,0
DA:161,0
DA:162,0
DA:163,0
DA:165,0
DA:169,0
DA:177,0
DA:178,0
DA:179,0
DA:180,0
DA:182,0
DA:183,0
DA:185,0
LF:52
LH:0
BRDA:95,0,0,0
BRDA:95,0,1,0
BRDA:109,1,0,0
BRDA:109,1,1,0
BRDA:110,2,0,0
BRDA:110,2,1,0
BRDA:113,3,0,0
BRDA:113,3,1,0
BRDA:124,4,0,0
BRDA:124,4,1,0
BRDA:136,5,0,0
BRDA:136,5,1,0
BRDA:148,6,0,0
BRDA:148,6,1,0
BRDA:158,7,0,0
BRDA:158,7,1,0
BRDA:162,8,0,0
BRDA:162,8,1,0
BRDA:182,9,0,0
BRDA:182,9,1,0
BRF:20
BRH:0
end_of_record
TN:
SF:src\main\logic\apps-manager.ts
FN:3,registerAppsHandlers
FN:4,(anonymous_8)
FN:4,(anonymous_9)
FNF:3
FNH:0
FNDA:0,registerAppsHandlers
FNDA:0,(anonymous_8)
FNDA:0,(anonymous_9)
DA:3,0
DA:4,0
DA:5,0
DA:7,0
DA:40,0
DA:42,0
DA:43,0
LF:7
LH:0
BRF:0
BRH:0
end_of_record
TN:
SF:src\main\logic\biometric-manager.ts
FN:9,registerBiometricHandlers
FN:10,(anonymous_8)
FN:10,(anonymous_9)
FN:21,(anonymous_10)
FN:21,(anonymous_11)
FN:37,(anonymous_12)
FN:37,(anonymous_13)
FN:47,(anonymous_14)
FN:47,(anonymous_15)
FNF:9
FNH:0
FNDA:0,registerBiometricHandlers
FNDA:0,(anonymous_8)
FNDA:0,(anonymous_9)
FNDA:0,(anonymous_10)
FNDA:0,(anonymous_11)
FNDA:0,(anonymous_12)
FNDA:0,(anonymous_13)
FNDA:0,(anonymous_14)
FNDA:0,(anonymous_15)
DA:2,0
DA:9,0
DA:10,0
DA:11,0
DA:12,0
DA:14,0
DA:15,0
DA:19,0
DA:21,0
DA:22,0
DA:23,0
DA:24,0
DA:25,0
DA:28,0
DA:29,0
DA:31,0
DA:32,0
DA:37,0
DA:38,0
DA:39,0
DA:40,0
DA:42,0
DA:43,0
DA:47,0
DA:48,0
DA:49,0
DA:50,0
DA:51,0
DA:54,0
DA:55,0
DA:57,0
DA:58,0
LF:32
LH:0
BRDA:23,0,0,0
BRDA:23,0,1,0
BRDA:23,1,0,0
BRDA:23,1,1,0
BRDA:23,2,0,0
BRDA:23,2,1,0
BRDA:23,3,0,0
BRDA:23,3,1,0
BRDA:23,4,0,0
BRDA:23,4,1,0
BRDA:23,5,0,0
BRDA:23,5,1,0
BRDA:49,6,0,0
BRDA:49,6,1,0
BRDA:49,7,0,0
BRDA:49,7,1,0
BRDA:49,8,0,0
BRDA:49,8,1,0
BRF:18
BRH:0
end_of_record
TN:
SF:src\main\logic\dir-load.ts
FN:6,(anonymous_8)
FN:43,(anonymous_9)
FN:67,registerDirLoader
FN:68,(anonymous_11)
FN:68,(anonymous_12)
FN:104,(anonymous_13)
FN:105,(anonymous_14)
FN:113,(anonymous_15)
FN:113,(anonymous_16)
FN:124,(anonymous_17)
FN:131,(anonymous_18)
FNF:11
FNH:0
FNDA:0,(anonymous_8)
FNDA:0,(anonymous_9)
FNDA:0,registerDirLoader
FNDA:0,(anonymous_11)
FNDA:0,(anonymous_12)
FNDA:0,(anonymous_13)
FNDA:0,(anonymous_14)
FNDA:0,(anonymous_15)
FNDA:0,(anonymous_16)
FNDA:0,(anonymous_17)
FNDA:0,(anonymous_18)
DA:1,0
DA:2,0
DA:3,0
DA:4,0
DA:6,0
DA:7,0
DA:9,0
DA:10,0
DA:32,0
DA:33,0
DA:34,0
DA:36,0
DA:37,0
DA:38,0
DA:39,0
DA:40,0
DA:43,0
DA:44,0
DA:45,0
DA:47,0
DA:48,0
DA:50,0
DA:52,0
DA:54,0
DA:56,0
DA:58,0
DA:60,0
DA:62,0
DA:67,0
DA:68,0
DA:69,0
DA:70,0
DA:71,0
DA:72,0
DA:74,0
DA:75,0
DA:76,0
DA:78,0
DA:83,0
DA:84,0
DA:85,0
DA:87,0
DA:88,0
DA:92,0
DA:93,0
DA:94,0
DA:95,0
DA:98,0
DA:101,0
DA:103,0
DA:104,0
DA:105,0
DA:112,0
DA:113,0
DA:114,0
DA:115,0
DA:116,0
DA:118,0
DA:123,0
DA:125,0
DA:126,0
DA:127,0
DA:131,0
DA:132,0
DA:133,0
DA:135,0
DA:136,0
DA:138,0
DA:139,0
DA:142,0
DA:150,0
DA:156,0
LF:72
LH:0
BRDA:7,0,0,0
BRDA:7,0,1,0
BRDA:36,1,0,0
BRDA:36,1,1,0
BRDA:37,2,0,0
BRDA:37,2,1,0
BRDA:38,3,0,0
BRDA:38,3,1,0
BRDA:39,4,0,0
BRDA:39,4,1,0
BRDA:48,5,0,0
BRDA:48,5,1,0
BRDA:48,5,2,0
BRDA:48,5,3,0
BRDA:48,5,4,0
BRDA:48,5,5,0
BRDA:48,5,6,0
BRDA:74,6,0,0
BRDA:74,6,1,0
BRDA:74,7,0,0
BRDA:74,7,1,0
BRDA:78,8,0,0
BRDA:78,8,1,0
BRDA:84,9,0,0
BRDA:84,9,1,0
BRDA:84,10,0,0
BRDA:84,10,1,0
BRDA:87,11,0,0
BRDA:87,11,1,0
BRDA:94,12,0,0
BRDA:94,12,1,0
BRDA:125,13,0,0
BRDA:125,13,1,0
BRDA:125,14,0,0
BRDA:125,14,1,0
BRDA:126,15,0,0
BRDA:126,15,1,0
BRDA:126,16,0,0
BRDA:126,16,1,0
BRDA:135,17,0,0
BRDA:135,17,1,0
BRF:41
BRH:0
end_of_record
TN:
SF:src\main\logic\file-launcher.ts
FN:5,(anonymous_8)
FN:6,(anonymous_9)
FN:7,(anonymous_10)
FN:13,registerFileScanner
FN:17,(anonymous_12)
FN:17,(anonymous_13)
FN:24,(anonymous_14)
FN:25,(anonymous_15)
FN:32,(anonymous_16)
FNF:9
FNH:0
FNDA:0,(anonymous_8)
FNDA:0,(anonymous_9)
FNDA:0,(anonymous_10)
FNDA:0,registerFileScanner
FNDA:0,(anonymous_12)
FNDA:0,(anonymous_13)
FNDA:0,(anonymous_14)
FNDA:0,(anonymous_15)
FNDA:0,(anonymous_16)
DA:2,0
DA:3,0
DA:5,0
DA:6,0
DA:7,0
DA:8,0
DA:13,0
DA:15,0
DA:17,0
DA:18,0
DA:19,0
DA:20,0
DA:21,0
DA:22,0
DA:24,0
DA:25,0
DA:26,0
DA:29,0
DA:30,0
DA:31,0
DA:32,0
DA:35,0
DA:37,0
LF:23
LH:0
BRDA:8,0,0,0
BRDA:8,0,1,0
BRDA:19,1,0,0
BRDA:19,1,1,0
BRDA:29,2,0,0
BRDA:29,2,1,0
BRF:6
BRH:0
end_of_record
TN:
SF:src\main\logic\file-open.ts
FN:3,registerFileOpen
FN:4,(anonymous_8)
FN:4,(anonymous_9)
FN:19,(anonymous_10)
FN:19,(anonymous_11)
FNF:5
FNH:0
FNDA:0,registerFileOpen
FNDA:0,(anonymous_8)
FNDA:0,(anonymous_9)
FNDA:0,(anonymous_10)
FNDA:0,(anonymous_11)
DA:1,0
DA:3,0
DA:4,0
DA:5,0
DA:7,0
DA:9,0
DA:10,0
DA:13,0
DA:15,0
DA:19,0
DA:20,0
DA:21,0
DA:22,0
DA:24,0
LF:14
LH:0
BRDA:9,0,0,0
BRDA:9,0,1,0
BRF:2
BRH:0
end_of_record
TN:
SF:src\main\logic\file-ops.ts
FN:5,registerFileOps
FN:6,(anonymous_9)
FN:6,(anonymous_10)
FNF:3
FNH:0
FNDA:0,registerFileOps
FNDA:0,(anonymous_9)
FNDA:0,(anonymous_10)
DA:2,0
DA:3,0
DA:5,0
DA:6,0
DA:9,0
DA:10,0
DA:11,0
DA:12,0
DA:15,0
DA:16,0
DA:18,0
DA:19,0
DA:20,0
DA:23,0
DA:24,0
DA:25,0
DA:28,0
DA:29,0
DA:32,0
DA:35,0
LF:20
LH:0
BRDA:11,0,0,0
BRDA:11,0,1,0
BRDA:16,1,0,0
BRDA:16,1,1,0
BRDA:16,1,2,0
BRDA:16,1,3,0
BRDA:18,2,0,0
BRDA:18,2,1,0
BRDA:23,3,0,0
BRDA:23,3,1,0
BRF:10
BRH:0
end_of_record
TN:
SF:src\main\logic\file-read.ts
FN:4,registerFileRead
FN:5,(anonymous_9)
FN:5,(anonymous_10)
FNF:3
FNH:0
FNDA:0,registerFileRead
FNDA:0,(anonymous_9)
FNDA:0,(anonymous_10)
DA:2,0
DA:4,0
DA:5,0
DA:6,0
DA:7,0
DA:8,0
DA:10,0
LF:7
LH:0
BRDA:8,0,0,0
BRDA:8,0,1,0
BRF:2
BRH:0
end_of_record
TN:
SF:src\main\logic\file-search.ts
FN:10,(anonymous_17)
FN:34,getActiveDrives
FN:63,registerFileSearch
FN:64,(anonymous_21)
FN:64,(anonymous_22)
FN:71,(anonymous_23)
FN:72,(anonymous_24)
FN:99,scanForIndexing
FN:173,(anonymous_27)
FN:173,(anonymous_28)
FN:189,(anonymous_29)
FN:189,(anonymous_30)
FN:191,(anonymous_31)
FN:192,(anonymous_32)
FN:205,(anonymous_33)
FN:211,(anonymous_34)
FN:211,(anonymous_35)
FN:244,(anonymous_36)
FN:270,(anonymous_37)
FN:324,(anonymous_38)
FNF:20
FNH:0
FNDA:0,(anonymous_17)
FNDA:0,getActiveDrives
FNDA:0,registerFileSearch
FNDA:0,(anonymous_21)
FNDA:0,(anonymous_22)
FNDA:0,(anonymous_23)
FNDA:0,(anonymous_24)
FNDA:0,scanForIndexing
FNDA:0,(anonymous_27)
FNDA:0,(anonymous_28)
FNDA:0,(anonymous_29)
FNDA:0,(anonymous_30)
FNDA:0,(anonymous_31)
FNDA:0,(anonymous_32)
FNDA:0,(anonymous_33)
FNDA:0,(anonymous_34)
FNDA:0,(anonymous_35)
FNDA:0,(anonymous_36)
FNDA:0,(anonymous_37)
FNDA:0,(anonymous_38)
DA:1,0
DA:2,0
DA:3,0
DA:4,0
DA:5,0
DA:7,0
DA:8,0
DA:10,0
DA:11,0
DA:12,0
DA:14,0
DA:15,0
DA:17,0
DA:19,0
DA:21,0
DA:23,0
DA:25,0
DA:27,0
DA:29,0
DA:35,0
DA:36,0
DA:37,0
DA:38,0
DA:39,0
DA:40,0
DA:41,0
DA:43,0
DA:46,0
DA:48,0
DA:51,0
DA:63,0
DA:64,0
DA:65,0
DA:66,0
DA:71,0
DA:72,0
DA:74,0
DA:75,0
DA:77,0
DA:79,0
DA:85,0
DA:86,0
DA:101,0
DA:102,0
DA:104,0
DA:107,0
DA:108,0
DA:109,0
DA:111,0
DA:112,0
DA:117,0
DA:118,0
DA:119,0
DA:120,0
DA:125,0
DA:127,0
DA:128,0
DA:130,0
DA:131,0
DA:132,0
DA:133,0
DA:135,0
DA:136,0
DA:137,0
DA:143,0
DA:144,0
DA:145,0
DA:154,0
DA:159,0
DA:160,0
DA:161,0
DA:162,0
DA:164,0
DA:167,0
DA:169,0
DA:173,0
DA:174,0
DA:175,0
DA:181,0
DA:182,0
DA:185,0
DA:186,0
DA:187,0
DA:189,0
DA:190,0
DA:191,0
DA:192,0
DA:193,0
DA:194,0
DA:196,0
DA:197,0
DA:198,0
DA:199,0
DA:200,0
DA:202,0
DA:203,0
DA:205,0
DA:211,0
DA:212,0
DA:214,0
DA:224,0
DA:230,0
DA:231,0
DA:234,0
DA:235,0
DA:236,0
DA:237,0
DA:239,0
DA:242,0
DA:244,0
DA:245,0
DA:247,0
DA:253,0
DA:254,0
DA:256,0
DA:257,0
DA:258,0
DA:259,0
DA:260,0
DA:263,0
DA:265,0
DA:268,0
DA:269,0
DA:270,0
DA:271,0
DA:275,0
DA:276,0
DA:282,0
DA:283,0
DA:284,0
DA:286,0
DA:287,0
DA:289,0
DA:290,0
DA:293,0
DA:294,0
DA:296,0
DA:299,0
DA:300,0
DA:302,0
DA:303,0
DA:305,0
DA:306,0
DA:308,0
DA:309,0
DA:310,0
DA:311,0
DA:312,0
DA:314,0
DA:318,0
DA:319,0
DA:320,0
DA:322,0
DA:323,0
DA:324,0
DA:325,0
DA:326,0
DA:332,0
DA:333,0
DA:334,0
DA:339,0
DA:341,0
DA:347,0
DA:349,0
DA:350,0
DA:352,0
DA:355,0
LF:167
LH:0
BRDA:15,0,0,0
BRDA:15,0,1,0
BRDA:15,0,2,0
BRDA:15,0,3,0
BRDA:15,0,4,0
BRDA:15,0,5,0
BRDA:15,0,6,0
BRDA:35,1,0,0
BRDA:35,1,1,0
BRDA:46,2,0,0
BRDA:46,2,1,0
BRDA:71,3,0,0
BRDA:71,3,1,0
BRDA:72,4,0,0
BRDA:72,4,1,0
BRDA:111,5,0,0
BRDA:111,5,1,0
BRDA:112,6,0,0
BRDA:112,6,1,0
BRDA:113,7,0,0
BRDA:113,7,1,0
BRDA:113,7,2,0
BRDA:119,8,0,0
BRDA:119,8,1,0
BRDA:120,9,0,0
BRDA:120,9,1,0
BRDA:133,10,0,0
BRDA:133,10,1,0
BRDA:136,11,0,0
BRDA:136,11,1,0
BRDA:159,12,0,0
BRDA:159,12,1,0
BRDA:181,13,0,0
BRDA:181,13,1,0
BRDA:181,14,0,0
BRDA:181,14,1,0
BRDA:191,15,0,0
BRDA:191,15,1,0
BRDA:192,16,0,0
BRDA:192,16,1,0
BRDA:194,17,0,0
BRDA:194,17,1,0
BRDA:202,18,0,0
BRDA:202,18,1,0
BRDA:232,19,0,0
BRDA:232,19,1,0
BRDA:232,20,0,0
BRDA:232,20,1,0
BRDA:232,21,0,0
BRDA:232,21,1,0
BRDA:232,22,0,0
BRDA:232,22,1,0
BRDA:232,23,0,0
BRDA:232,23,1,0
BRDA:234,24,0,0
BRDA:234,24,1,0
BRDA:235,25,0,0
BRDA:235,25,1,0
BRDA:236,26,0,0
BRDA:236,26,1,0
BRDA:245,27,0,0
BRDA:245,27,1,0
BRDA:256,28,0,0
BRDA:256,28,1,0
BRDA:257,29,0,0
BRDA:257,29,1,0
BRDA:257,30,0,0
BRDA:257,30,1,0
BRDA:257,30,2,0
BRDA:260,31,0,0
BRDA:260,31,1,0
BRDA:271,32,0,0
BRDA:271,32,1,0
BRDA:286,33,0,0
BRDA:286,33,1,0
BRDA:289,34,0,0
BRDA:289,34,1,0
BRDA:289,35,0,0
BRDA:289,35,1,0
BRDA:300,36,0,0
BRDA:300,36,1,0
BRDA:308,37,0,0
BRDA:308,37,1,0
BRDA:318,38,0,0
BRDA:318,38,1,0
BRDA:320,39,0,0
BRDA:320,39,1,0
BRDA:320,40,0,0
BRDA:320,40,1,0
BRDA:320,40,2,0
BRDA:323,41,0,0
BRDA:323,41,1,0
BRDA:325,42,0,0
BRDA:325,42,1,0
BRDA:333,43,0,0
BRDA:333,43,1,0
BRDA:349,44,0,0
BRDA:349,44,1,0
BRF:98
BRH:0
end_of_record
TN:
SF:src\main\logic\file-write.ts
FN:6,registerFileWrite
FN:7,(anonymous_9)
FN:7,(anonymous_10)
FNF:3
FNH:0
FNDA:0,registerFileWrite
FNDA:0,(anonymous_9)
FNDA:0,(anonymous_10)
DA:1,0
DA:2,0
DA:3,0
DA:4,0
DA:6,0
DA:7,0
DA:8,0
DA:9,0
DA:11,0
DA:14,0
DA:15,0
DA:16,0
DA:17,0
DA:20,0
DA:21,0
DA:23,0
LF:16
LH:0
BRDA:9,0,0,0
BRDA:9,0,1,0
BRDA:11,1,0,0
BRDA:11,1,1,0
BRDA:16,2,0,0
BRDA:16,2,1,0
BRF:6
BRH:0
end_of_record
TN:
SF:src\main\logic\gallery-manager.ts
FN:6,registerGalleryHandlers
FN:13,(anonymous_9)
FN:13,(anonymous_10)
FN:19,(anonymous_11)
FN:22,(anonymous_12)
FN:36,(anonymous_13)
FN:42,(anonymous_14)
FN:42,(anonymous_15)
FN:64,(anonymous_16)
FN:64,(anonymous_17)
FN:77,(anonymous_18)
FN:77,(anonymous_19)
FN:81,(anonymous_20)
FN:81,(anonymous_21)
FN:102,(anonymous_22)
FN:102,(anonymous_23)
FN:108,(anonymous_24)
FN:111,(anonymous_25)
FN:124,(anonymous_26)
FNF:19
FNH:0
FNDA:0,registerGalleryHandlers
FNDA:0,(anonymous_9)
FNDA:0,(anonymous_10)
FNDA:0,(anonymous_11)
FNDA:0,(anonymous_12)
FNDA:0,(anonymous_13)
FNDA:0,(anonymous_14)
FNDA:0,(anonymous_15)
FNDA:0,(anonymous_16)
FNDA:0,(anonymous_17)
FNDA:0,(anonymous_18)
FNDA:0,(anonymous_19)
FNDA:0,(anonymous_20)
FNDA:0,(anonymous_21)
FNDA:0,(anonymous_22)
FNDA:0,(anonymous_23)
FNDA:0,(anonymous_24)
FNDA:0,(anonymous_25)
FNDA:0,(anonymous_26)
DA:1,0
DA:2,0
DA:3,0
DA:4,0
DA:6,0
DA:7,0
DA:9,0
DA:10,0
DA:13,0
DA:14,0
DA:15,0
DA:17,0
DA:19,0
DA:21,0
DA:23,0
DA:24,0
DA:26,0
DA:28,0
DA:36,0
DA:38,0
DA:42,0
DA:43,0
DA:44,0
DA:49,0
DA:50,0
DA:51,0
DA:53,0
DA:54,0
DA:56,0
DA:58,0
DA:60,0
DA:64,0
DA:65,0
DA:66,0
DA:67,0
DA:68,0
DA:69,0
DA:71,0
DA:73,0
DA:77,0
DA:78,0
DA:81,0
DA:82,0
DA:83,0
DA:84,0
DA:86,0
DA:92,0
DA:93,0
DA:94,0
DA:96,0
DA:98,0
DA:102,0
DA:103,0
DA:104,0
DA:106,0
DA:108,0
DA:110,0
DA:112,0
DA:113,0
DA:115,0
DA:117,0
DA:124,0
DA:126,0
LF:63
LH:0
BRDA:9,0,0,0
BRDA:9,0,1,0
BRDA:15,1,0,0
BRDA:15,1,1,0
BRDA:44,2,0,0
BRDA:44,2,1,0
BRDA:67,3,0,0
BRDA:67,3,1,0
BRDA:92,4,0,0
BRDA:92,4,1,0
BRDA:104,5,0,0
BRDA:104,5,1,0
BRF:12
BRH:0
end_of_record
TN:
SF:src\main\logic\get-system-info.ts
FN:5,(anonymous_8)
FN:6,(anonymous_9)
FN:7,(anonymous_10)
FN:18,getSystemCpuUsage
FN:36,registerSystemHandlers
FN:39,(anonymous_13)
FN:39,(anonymous_14)
FN:59,(anonymous_15)
FN:60,(anonymous_16)
FN:64,(anonymous_17)
FN:71,(anonymous_18)
FN:71,(anonymous_19)
FN:115,(anonymous_20)
FN:115,(anonymous_21)
FN:127,(anonymous_22)
FN:127,(anonymous_23)
FN:142,(anonymous_24)
FN:142,(anonymous_25)
FN:155,(anonymous_26)
FN:155,(anonymous_27)
FN:168,(anonymous_28)
FN:168,(anonymous_29)
FN:181,(anonymous_30)
FN:181,(anonymous_31)
FNF:24
FNH:0
FNDA:0,(anonymous_8)
FNDA:0,(anonymous_9)
FNDA:0,(anonymous_10)
FNDA:0,getSystemCpuUsage
FNDA:0,registerSystemHandlers
FNDA:0,(anonymous_13)
FNDA:0,(anonymous_14)
FNDA:0,(anonymous_15)
FNDA:0,(anonymous_16)
FNDA:0,(anonymous_17)
FNDA:0,(anonymous_18)
FNDA:0,(anonymous_19)
FNDA:0,(anonymous_20)
FNDA:0,(anonymous_21)
FNDA:0,(anonymous_22)
FNDA:0,(anonymous_23)
FNDA:0,(anonymous_24)
FNDA:0,(anonymous_25)
FNDA:0,(anonymous_26)
FNDA:0,(anonymous_27)
FNDA:0,(anonymous_28)
FNDA:0,(anonymous_29)
FNDA:0,(anonymous_30)
FNDA:0,(anonymous_31)
DA:2,0
DA:3,0
DA:5,0
DA:6,0
DA:7,0
DA:8,0
DA:9,0
DA:11,0
DA:16,0
DA:19,0
DA:20,0
DA:21,0
DA:22,0
DA:23,0
DA:24,0
DA:25,0
DA:26,0
DA:27,0
DA:28,0
DA:29,0
DA:30,0
DA:32,0
DA:33,0
DA:36,0
DA:38,0
DA:39,0
DA:40,0
DA:41,0
DA:43,0
DA:45,0
DA:47,0
DA:50,0
DA:51,0
DA:53,0
DA:56,0
DA:58,0
DA:59,0
DA:60,0
DA:64,0
DA:66,0
DA:70,0
DA:71,0
DA:72,0
DA:73,0
DA:75,0
DA:76,0
DA:77,0
DA:78,0
DA:79,0
DA:81,0
DA:82,0
DA:83,0
DA:90,0
DA:91,0
DA:92,0
DA:93,0
DA:94,0
DA:96,0
DA:99,0
DA:114,0
DA:115,0
DA:116,0
DA:117,0
DA:118,0
DA:119,0
DA:121,0
DA:126,0
DA:127,0
DA:128,0
DA:130,0
DA:131,0
DA:132,0
DA:133,0
DA:134,0
DA:136,0
DA:137,0
DA:141,0
DA:142,0
DA:143,0
DA:145,0
DA:146,0
DA:147,0
DA:149,0
DA:150,0
DA:154,0
DA:155,0
DA:156,0
DA:158,0
DA:159,0
DA:160,0
DA:162,0
DA:163,0
DA:167,0
DA:168,0
DA:169,0
DA:171,0
DA:172,0
DA:173,0
DA:175,0
DA:176,0
DA:180,0
DA:181,0
DA:182,0
DA:183,0
DA:184,0
DA:185,0
DA:187,0
DA:189,0
DA:190,0
DA:191,0
DA:193,0
DA:200,0
DA:201,0
LF:113
LH:0
BRDA:8,0,0,0
BRDA:8,0,1,0
BRDA:11,1,0,0
BRDA:11,1,1,0
BRDA:33,2,0,0
BRDA:33,2,1,0
BRDA:41,3,0,0
BRDA:41,3,1,0
BRDA:47,4,0,0
BRDA:47,4,1,0
BRDA:56,5,0,0
BRDA:56,5,1,0
BRDA:59,6,0,0
BRDA:59,6,1,0
BRDA:59,6,2,0
BRDA:79,7,0,0
BRDA:79,7,1,0
BRDA:82,8,0,0
BRDA:82,8,1,0
BRDA:94,9,0,0
BRDA:94,9,1,0
BRDA:119,10,0,0
BRDA:119,10,1,0
BRDA:132,11,0,0
BRDA:132,11,1,0
BRDA:134,12,0,0
BRDA:134,12,1,0
BRDA:185,13,0,0
BRDA:185,13,1,0
BRDA:191,14,0,0
BRDA:191,14,1,0
BRDA:194,15,0,0
BRDA:194,15,1,0
BRDA:195,16,0,0
BRDA:195,16,1,0
BRDA:197,17,0,0
BRDA:197,17,1,0
BRF:37
BRH:0
end_of_record
TN:
SF:src\main\logic\ghost-control.ts
FN:63,generateHumanPath
FN:89,registerGhostControl
FN:90,(anonymous_10)
FN:90,(anonymous_11)
FN:98,(anonymous_12)
FN:99,(anonymous_13)
FN:107,(anonymous_14)
FN:107,(anonymous_15)
FN:112,(anonymous_16)
FN:116,(anonymous_17)
FN:124,(anonymous_18)
FN:145,(anonymous_19)
FN:145,(anonymous_20)
FN:168,(anonymous_21)
FN:168,(anonymous_22)
FN:179,(anonymous_23)
FN:179,(anonymous_24)
FN:187,(anonymous_25)
FN:187,(anonymous_26)
FN:195,(anonymous_27)
FN:195,(anonymous_28)
FNF:21
FNH:0
FNDA:0,generateHumanPath
FNDA:0,registerGhostControl
FNDA:0,(anonymous_10)
FNDA:0,(anonymous_11)
FNDA:0,(anonymous_12)
FNDA:0,(anonymous_13)
FNDA:0,(anonymous_14)
FNDA:0,(anonymous_15)
FNDA:0,(anonymous_16)
FNDA:0,(anonymous_17)
FNDA:0,(anonymous_18)
FNDA:0,(anonymous_19)
FNDA:0,(anonymous_20)
FNDA:0,(anonymous_21)
FNDA:0,(anonymous_22)
FNDA:0,(anonymous_23)
FNDA:0,(anonymous_24)
FNDA:0,(anonymous_25)
FNDA:0,(anonymous_26)
FNDA:0,(anonymous_27)
FNDA:0,(anonymous_28)
DA:1,0
DA:2,0
DA:3,0
DA:4,0
DA:5,0
DA:6,0
DA:7,0
DA:9,0
DA:11,0
DA:64,0
DA:65,0
DA:67,0
DA:68,0
DA:69,0
DA:71,0
DA:80,0
DA:81,0
DA:82,0
DA:83,0
DA:84,0
DA:86,0
DA:89,0
DA:90,0
DA:91,0
DA:94,0
DA:95,0
DA:96,0
DA:98,0
DA:99,0
DA:100,0
DA:101,0
DA:102,0
DA:107,0
DA:108,0
DA:109,0
DA:110,0
DA:111,0
DA:112,0
DA:113,0
DA:114,0
DA:115,0
DA:116,0
DA:117,0
DA:118,0
DA:119,0
DA:120,0
DA:121,0
DA:122,0
DA:123,0
DA:124,0
DA:126,0
DA:127,0
DA:128,0
DA:129,0
DA:131,0
DA:132,0
DA:135,0
DA:136,0
DA:139,0
DA:141,0
DA:145,0
DA:146,0
DA:147,0
DA:148,0
DA:150,0
DA:151,0
DA:153,0
DA:154,0
DA:156,0
DA:157,0
DA:159,0
DA:160,0
DA:162,0
DA:164,0
DA:168,0
DA:169,0
DA:170,0
DA:171,0
DA:172,0
DA:173,0
DA:175,0
DA:179,0
DA:180,0
DA:181,0
DA:187,0
DA:188,0
DA:189,0
DA:190,0
DA:192,0
DA:195,0
DA:196,0
DA:197,0
DA:198,0
DA:199,0
DA:200,0
DA:201,0
DA:203,0
LF:97
LH:0
BRDA:67,0,0,0
BRDA:67,0,1,0
BRDA:68,1,0,0
BRDA:68,1,1,0
BRDA:74,2,0,0
BRDA:74,2,1,0
BRDA:77,3,0,0
BRDA:77,3,1,0
BRDA:96,4,0,0
BRDA:96,4,1,0
BRDA:100,5,0,0
BRDA:100,5,1,0
BRDA:110,6,0,0
BRDA:110,6,1,0
BRDA:115,7,0,0
BRDA:115,7,1,0
BRDA:116,8,0,0
BRDA:116,8,1,0
BRDA:117,9,0,0
BRDA:117,9,1,0
BRDA:119,10,0,0
BRDA:119,10,1,0
BRDA:121,11,0,0
BRDA:121,11,1,0
BRDA:122,12,0,0
BRDA:122,12,1,0
BRDA:135,13,0,0
BRDA:135,13,1,0
BRDA:159,14,0,0
BRDA:159,14,1,0
BRDA:170,15,0,0
BRDA:170,15,1,0
BRDA:171,16,0,0
BRDA:171,16,1,0
BRF:34
BRH:0
end_of_record
TN:
SF:src\main\logic\gmail-manager.ts
FN:12,registerGmailHandlers
FN:13,loadSavedCredentialsIfExist
FN:23,saveCredentials
FN:36,authorize
FN:57,(anonymous_15)
FN:66,parseMessageParts
FN:92,(anonymous_17)
FN:92,(anonymous_18)
FN:114,(anonymous_19)
FN:115,(anonymous_20)
FN:116,(anonymous_21)
FN:144,(anonymous_22)
FN:144,(anonymous_23)
FN:161,(anonymous_24)
FN:161,(anonymous_25)
FNF:15
FNH:0
FNDA:0,registerGmailHandlers
FNDA:0,loadSavedCredentialsIfExist
FNDA:0,saveCredentials
FNDA:0,authorize
FNDA:0,(anonymous_15)
FNDA:0,parseMessageParts
FNDA:0,(anonymous_17)
FNDA:0,(anonymous_18)
FNDA:0,(anonymous_19)
FNDA:0,(anonymous_20)
FNDA:0,(anonymous_21)
FNDA:0,(anonymous_22)
FNDA:0,(anonymous_23)
FNDA:0,(anonymous_24)
FNDA:0,(anonymous_25)
DA:1,0
DA:2,0
DA:3,0
DA:4,0
DA:5,0
DA:6,0
DA:8,0
DA:9,0
DA:10,0
DA:12,0
DA:14,0
DA:15,0
DA:16,0
DA:17,0
DA:19,0
DA:24,0
DA:25,0
DA:26,0
DA:27,0
DA:33,0
DA:37,0
DA:38,0
DA:40,0
DA:41,0
DA:42,0
DA:45,0
DA:46,0
DA:47,0
DA:48,0
DA:49,0
DA:50,0
DA:51,0
DA:54,0
DA:57,0
DA:58,0
DA:59,0
DA:67,0
DA:69,0
DA:70,0
DA:76,0
DA:77,0
DA:78,0
DA:79,0
DA:83,0
DA:84,0
DA:85,0
DA:88,0
DA:91,0
DA:92,0
DA:93,0
DA:94,0
DA:95,0
DA:97,0
DA:98,0
DA:99,0
DA:101,0
DA:105,0
DA:107,0
DA:108,0
DA:110,0
DA:111,0
DA:112,0
DA:114,0
DA:115,0
DA:116,0
DA:117,0
DA:119,0
DA:121,0
DA:123,0
DA:134,0
DA:139,0
DA:143,0
DA:144,0
DA:145,0
DA:146,0
DA:147,0
DA:148,0
DA:149,0
DA:151,0
DA:153,0
DA:154,0
DA:156,0
DA:160,0
DA:161,0
DA:162,0
DA:163,0
DA:164,0
DA:165,0
DA:166,0
DA:168,0
DA:170,0
DA:171,0
DA:173,0
LF:93
LH:0
BRDA:26,0,0,0
BRDA:26,0,1,0
BRDA:38,1,0,0
BRDA:38,1,1,0
BRDA:41,2,0,0
BRDA:41,2,1,0
BRDA:41,3,0,0
BRDA:41,3,1,0
BRDA:46,4,0,0
BRDA:46,4,1,0
BRDA:47,5,0,0
BRDA:47,5,1,0
BRDA:66,6,0,0
BRDA:67,7,0,0
BRDA:67,7,1,0
BRDA:69,8,0,0
BRDA:69,8,1,0
BRDA:69,9,0,0
BRDA:69,9,1,0
BRDA:73,10,0,0
BRDA:73,10,1,0
BRDA:73,11,0,0
BRDA:73,11,1,0
BRDA:76,12,0,0
BRDA:76,12,1,0
BRDA:76,13,0,0
BRDA:76,13,1,0
BRDA:76,14,0,0
BRDA:76,14,1,0
BRDA:76,15,0,0
BRDA:76,15,1,0
BRDA:78,16,0,0
BRDA:78,16,1,0
BRDA:78,17,0,0
BRDA:78,17,1,0
BRDA:78,18,0,0
BRDA:78,18,1,0
BRDA:78,19,0,0
BRDA:78,19,1,0
BRDA:83,20,0,0
BRDA:83,20,1,0
BRDA:83,21,0,0
BRDA:83,21,1,0
BRDA:92,22,0,0
BRDA:95,23,0,0
BRDA:95,23,1,0
BRDA:99,24,0,0
BRDA:99,24,1,0
BRDA:101,25,0,0
BRDA:101,25,1,0
BRDA:105,26,0,0
BRDA:105,26,1,0
BRDA:112,27,0,0
BRDA:112,27,1,0
BRDA:112,28,0,0
BRDA:112,28,1,0
BRDA:112,29,0,0
BRDA:112,29,1,0
BRDA:114,30,0,0
BRDA:114,30,1,0
BRDA:114,31,0,0
BRDA:114,31,1,0
BRDA:114,32,0,0
BRDA:114,32,1,0
BRDA:115,33,0,0
BRDA:115,33,1,0
BRDA:115,34,0,0
BRDA:115,34,1,0
BRDA:115,35,0,0
BRDA:115,35,1,0
BRDA:116,36,0,0
BRDA:116,36,1,0
BRDA:116,37,0,0
BRDA:116,37,1,0
BRDA:116,38,0,0
BRDA:116,38,1,0
BRDA:129,39,0,0
BRDA:129,39,1,0
BRDA:129,39,2,0
BRDA:147,40,0,0
BRDA:147,40,1,0
BRDA:153,41,0,0
BRDA:153,41,1,0
BRDA:164,42,0,0
BRDA:164,42,1,0
BRDA:170,43,0,0
BRDA:170,43,1,0
BRF:87
BRH:0
end_of_record
TN:
SF:src\main\logic\iris-memory-save.ts
FN:5,registerIpcHandlers
FN:12,(anonymous_9)
FN:12,(anonymous_10)
FN:38,(anonymous_11)
FN:38,(anonymous_12)
FN:43,(anonymous_13)
FN:52,(anonymous_14)
FN:52,(anonymous_15)
FN:63,(anonymous_16)
FN:63,(anonymous_17)
FN:74,(anonymous_18)
FN:74,(anonymous_19)
FNF:12
FNH:0
FNDA:0,registerIpcHandlers
FNDA:0,(anonymous_9)
FNDA:0,(anonymous_10)
FNDA:0,(anonymous_11)
FNDA:0,(anonymous_12)
FNDA:0,(anonymous_13)
FNDA:0,(anonymous_14)
FNDA:0,(anonymous_15)
FNDA:0,(anonymous_16)
FNDA:0,(anonymous_17)
FNDA:0,(anonymous_18)
FNDA:0,(anonymous_19)
DA:1,0
DA:2,0
DA:5,0
DA:6,0
DA:7,0
DA:9,0
DA:10,0
DA:12,0
DA:13,0
DA:14,0
DA:16,0
DA:17,0
DA:18,0
DA:19,0
DA:22,0
DA:27,0
DA:29,0
DA:31,0
DA:32,0
DA:34,0
DA:38,0
DA:39,0
DA:40,0
DA:41,0
DA:42,0
DA:43,0
DA:49,0
DA:52,0
DA:53,0
DA:55,0
DA:56,0
DA:58,0
DA:59,0
DA:63,0
DA:64,0
DA:66,0
DA:67,0
DA:69,0
DA:70,0
DA:74,0
DA:75,0
DA:77,0
DA:78,0
DA:80,0
DA:81,0
LF:45
LH:0
BRDA:14,0,0,0
BRDA:14,0,1,0
BRDA:17,1,0,0
BRDA:17,1,1,0
BRDA:19,2,0,0
BRDA:19,2,1,0
BRDA:29,3,0,0
BRDA:29,3,1,0
BRDA:40,4,0,0
BRDA:40,4,1,0
BRDA:44,5,0,0
BRDA:44,5,1,0
BRF:12
BRH:0
end_of_record
TN:
SF:src\main\logic\live-location.ts
FN:4,registerLocationHandlers
FN:7,(anonymous_8)
FN:8,(anonymous_9)
FN:9,(anonymous_10)
FN:18,(anonymous_11)
FN:18,(anonymous_12)
FNF:6
FNH:0
FNDA:0,registerLocationHandlers
FNDA:0,(anonymous_8)
FNDA:0,(anonymous_9)
FNDA:0,(anonymous_10)
FNDA:0,(anonymous_11)
FNDA:0,(anonymous_12)
DA:2,0
DA:4,0
DA:5,0
DA:7,0
DA:8,0
DA:9,0
DA:10,0
DA:11,0
DA:13,0
DA:18,0
DA:19,0
DA:21,0
DA:23,0
DA:25,0
DA:26,0
DA:28,0
DA:31,0
DA:33,0
DA:46,0
DA:47,0
DA:49,0
DA:50,0
DA:61,0
DA:63,0
LF:24
LH:0
BRDA:10,0,0,0
BRDA:10,0,1,0
BRDA:13,1,0,0
BRDA:13,1,1,0
BRDA:25,2,0,0
BRDA:25,2,1,0
BRDA:25,3,0,0
BRDA:25,3,1,0
BRDA:34,4,0,0
BRDA:34,4,1,0
BRDA:40,5,0,0
BRDA:40,5,1,0
BRDA:49,6,0,0
BRDA:49,6,1,0
BRF:14
BRH:0
end_of_record
TN:
SF:src\main\logic\mj-memory-save.ts
FN:5,registerIpcHandlers
FN:12,(anonymous_9)
FN:12,(anonymous_10)
FN:38,(anonymous_11)
FN:38,(anonymous_12)
FN:43,(anonymous_13)
FN:52,(anonymous_14)
FN:52,(anonymous_15)
FN:63,(anonymous_16)
FN:63,(anonymous_17)
FN:74,(anonymous_18)
FN:74,(anonymous_19)
FNF:12
FNH:0
FNDA:0,registerIpcHandlers
FNDA:0,(anonymous_9)
FNDA:0,(anonymous_10)
FNDA:0,(anonymous_11)
FNDA:0,(anonymous_12)
FNDA:0,(anonymous_13)
FNDA:0,(anonymous_14)
FNDA:0,(anonymous_15)
FNDA:0,(anonymous_16)
FNDA:0,(anonymous_17)
FNDA:0,(anonymous_18)
FNDA:0,(anonymous_19)
DA:1,0
DA:2,0
DA:5,0
DA:6,0
DA:7,0
DA:9,0
DA:10,0
DA:12,0
DA:13,0
DA:14,0
DA:16,0
DA:17,0
DA:18,0
DA:19,0
DA:22,0
DA:27,0
DA:29,0
DA:31,0
DA:32,0
DA:34,0
DA:38,0
DA:39,0
DA:40,0
DA:41,0
DA:42,0
DA:43,0
DA:49,0
DA:52,0
DA:53,0
DA:55,0
DA:56,0
DA:58,0
DA:59,0
DA:63,0
DA:64,0
DA:66,0
DA:67,0
DA:69,0
DA:70,0
DA:74,0
DA:75,0
DA:77,0
DA:78,0
DA:80,0
DA:81,0
LF:45
LH:0
BRDA:14,0,0,0
BRDA:14,0,1,0
BRDA:17,1,0,0
BRDA:17,1,1,0
BRDA:19,2,0,0
BRDA:19,2,1,0
BRDA:29,3,0,0
BRDA:29,3,1,0
BRDA:40,4,0,0
BRDA:40,4,1,0
BRDA:44,5,0,0
BRDA:44,5,1,0
BRF:12
BRH:0
end_of_record
TN:
SF:src\main\logic\notes-manager.ts
FN:5,registerNotesHandlers
FN:12,(anonymous_9)
FN:12,(anonymous_10)
FN:27,(anonymous_11)
FN:27,(anonymous_12)
FN:29,(anonymous_13)
FN:32,(anonymous_14)
FN:45,(anonymous_15)
FN:51,(anonymous_16)
FN:51,(anonymous_17)
FN:64,(anonymous_18)
FN:64,(anonymous_19)
FN:80,(anonymous_20)
FN:80,(anonymous_21)
FN:82,(anonymous_22)
FN:85,(anonymous_23)
FN:97,(anonymous_24)
FNF:17
FNH:0
FNDA:0,registerNotesHandlers
FNDA:0,(anonymous_9)
FNDA:0,(anonymous_10)
FNDA:0,(anonymous_11)
FNDA:0,(anonymous_12)
FNDA:0,(anonymous_13)
FNDA:0,(anonymous_14)
FNDA:0,(anonymous_15)
FNDA:0,(anonymous_16)
FNDA:0,(anonymous_17)
FNDA:0,(anonymous_18)
FNDA:0,(anonymous_19)
FNDA:0,(anonymous_20)
FNDA:0,(anonymous_21)
FNDA:0,(anonymous_22)
FNDA:0,(anonymous_23)
FNDA:0,(anonymous_24)
DA:1,0
DA:2,0
DA:3,0
DA:5,0
DA:6,0
DA:8,0
DA:9,0
DA:12,0
DA:13,0
DA:14,0
DA:15,0
DA:16,0
DA:18,0
DA:20,0
DA:21,0
DA:23,0
DA:27,0
DA:28,0
DA:29,0
DA:31,0
DA:33,0
DA:34,0
DA:35,0
DA:37,0
DA:45,0
DA:47,0
DA:51,0
DA:52,0
DA:53,0
DA:54,0
DA:55,0
DA:56,0
DA:58,0
DA:60,0
DA:64,0
DA:65,0
DA:66,0
DA:67,0
DA:68,0
DA:69,0
DA:71,0
DA:73,0
DA:74,0
DA:76,0
DA:80,0
DA:81,0
DA:82,0
DA:84,0
DA:86,0
DA:87,0
DA:88,0
DA:90,0
DA:97,0
DA:99,0
LF:54
LH:0
BRDA:8,0,0,0
BRDA:8,0,1,0
BRDA:54,1,0,0
BRDA:54,1,1,0
BRF:4
BRH:0
end_of_record
TN:
SF:src\main\logic\permanent-memory.ts
FN:5,registerPermanentMemory
FN:11,(anonymous_9)
FN:11,(anonymous_10)
FN:32,(anonymous_11)
FN:32,(anonymous_12)
FNF:5
FNH:0
FNDA:0,registerPermanentMemory
FNDA:0,(anonymous_9)
FNDA:0,(anonymous_10)
FNDA:0,(anonymous_11)
FNDA:0,(anonymous_12)
DA:1,0
DA:2,0
DA:5,0
DA:6,0
DA:7,0
DA:9,0
DA:11,0
DA:12,0
DA:13,0
DA:15,0
DA:16,0
DA:17,0
DA:20,0
DA:25,0
DA:26,0
DA:28,0
DA:32,0
DA:33,0
DA:34,0
DA:35,0
DA:36,0
DA:38,0
DA:40,0
LF:23
LH:0
BRDA:9,0,0,0
BRDA:9,0,1,0
BRDA:15,1,0,0
BRDA:15,1,1,0
BRDA:17,2,0,0
BRDA:17,2,1,0
BRDA:34,3,0,0
BRDA:34,3,1,0
BRDA:36,4,0,0
BRDA:36,4,1,0
BRF:10
BRH:0
end_of_record
TN:
SF:src\main\logic\privacy-manager.ts
FN:5,registerPrivacyHandlers
FN:8,(anonymous_9)
FN:8,(anonymous_10)
FN:38,(anonymous_11)
FN:38,(anonymous_12)
FNF:5
FNH:0
FNDA:0,registerPrivacyHandlers
FNDA:0,(anonymous_9)
FNDA:0,(anonymous_10)
FNDA:0,(anonymous_11)
FNDA:0,(anonymous_12)
DA:1,0
DA:2,0
DA:3,0
DA:5,0
DA:6,0
DA:8,0
DA:9,0
DA:10,0
DA:16,0
DA:17,0
DA:23,0
DA:24,0
DA:25,0
DA:28,0
DA:29,0
DA:31,0
DA:33,0
DA:34,0
DA:38,0
DA:39,0
DA:40,0
DA:41,0
DA:43,0
DA:44,0
LF:24
LH:0
BRDA:16,0,0,0
BRDA:16,0,1,0
BRDA:23,1,0,0
BRDA:23,1,1,0
BRF:4
BRH:0
end_of_record
TN:
SF:src\main\logic\reality-hacker.ts
FN:5,registerRealityHacker
FN:7,(anonymous_8)
FN:7,(anonymous_9)
FN:29,(anonymous_10)
FNF:4
FNH:0
FNDA:0,registerRealityHacker
FNDA:0,(anonymous_8)
FNDA:0,(anonymous_9)
FNDA:0,(anonymous_10)
DA:1,0
DA:3,0
DA:5,0
DA:6,0
DA:7,0
DA:8,0
DA:9,0
DA:10,0
DA:13,0
DA:26,0
DA:27,0
DA:29,0
DA:31,0
DA:32,0
DA:100,0
DA:103,0
DA:104,0
DA:232,0
DA:235,0
DA:237,0
LF:20
LH:0
BRDA:9,0,0,0
BRDA:9,0,1,0
BRDA:31,1,0,0
BRDA:31,1,1,0
BRDA:31,2,0,0
BRDA:31,2,1,0
BRDA:103,3,0,0
BRDA:103,3,1,0
BRDA:103,4,0,0
BRDA:103,4,1,0
BRDA:103,4,2,0
BRF:11
BRH:0
end_of_record
TN:
SF:src\main\logic\spotify-manager.ts
FN:5,registerSpotifyManager
FN:6,(anonymous_8)
FN:6,(anonymous_9)
FNF:3
FNH:0
FNDA:0,registerSpotifyManager
FNDA:0,(anonymous_8)
FNDA:0,(anonymous_9)
DA:1,0
DA:2,0
DA:5,0
DA:6,0
DA:7,0
DA:9,0
DA:12,0
DA:34,0
DA:36,0
DA:37,0
LF:10
LH:0
BRF:0
BRH:0
end_of_record
TN:
SF:src\main\logic\stocks-manager.ts
FN:5,registerStocksHandlers
FN:8,(anonymous_9)
FN:8,(anonymous_10)
FN:36,(anonymous_11)
FN:36,(anonymous_12)
FNF:5
FNH:0
FNDA:0,registerStocksHandlers
FNDA:0,(anonymous_9)
FNDA:0,(anonymous_10)
FNDA:0,(anonymous_11)
FNDA:0,(anonymous_12)
DA:1,0
DA:2,0
DA:3,0
DA:5,0
DA:6,0
DA:8,0
DA:9,0
DA:10,0
DA:11,0
DA:12,0
DA:13,0
DA:17,0
DA:18,0
DA:20,0
DA:26,0
DA:27,0
DA:29,0
DA:31,0
DA:32,0
DA:36,0
DA:37,0
DA:38,0
DA:40,0
DA:41,0
DA:43,0
DA:44,0
LF:26
LH:0
BRDA:11,0,0,0
BRDA:11,0,1,0
BRDA:38,1,0,0
BRDA:38,1,1,0
BRF:4
BRH:0
end_of_record
TN:
SF:src\main\logic\telekinesis.ts
FN:14,(anonymous_7)
FN:14,(anonymous_8)
FN:15,registerTelekinesis
FN:16,(anonymous_10)
FN:16,(anonymous_11)
FN:27,(anonymous_12)
FNF:6
FNH:0
FNDA:0,(anonymous_7)
FNDA:0,(anonymous_8)
FNDA:0,registerTelekinesis
FNDA:0,(anonymous_10)
FNDA:0,(anonymous_11)
FNDA:0,(anonymous_12)
DA:1,0
DA:14,0
DA:15,0
DA:16,0
DA:17,0
DA:18,0
DA:20,0
DA:21,0
DA:23,0
DA:25,0
DA:26,0
DA:28,0
DA:35,0
DA:37,0
DA:38,0
DA:39,0
DA:41,0
DA:42,0
DA:44,0
DA:46,0
DA:48,0
DA:49,0
DA:51,0
DA:52,0
DA:54,0
DA:55,0
DA:57,0
DA:58,0
DA:60,0
DA:61,0
DA:63,0
DA:64,0
DA:66,0
DA:67,0
DA:70,0
DA:73,0
DA:75,0
LF:37
LH:0
BRDA:28,0,0,0
BRDA:28,0,1,0
BRDA:28,0,2,0
BRDA:28,0,3,0
BRDA:28,0,4,0
BRDA:37,1,0,0
BRDA:37,1,1,0
BRDA:46,2,0,0
BRDA:46,2,1,0
BRDA:46,2,2,0
BRDA:46,2,3,0
BRDA:46,2,4,0
BRDA:46,2,5,0
BRDA:46,2,6,0
BRF:14
BRH:0
end_of_record
TN:
SF:src\main\logic\terminal-control.ts
FN:6,registerSystemControl
FN:8,(anonymous_9)
FN:14,(anonymous_10)
FN:14,(anonymous_11)
FN:23,(anonymous_12)
FN:33,(anonymous_13)
FN:38,(anonymous_14)
FN:43,(anonymous_15)
FN:49,(anonymous_16)
FNF:9
FNH:0
FNDA:0,registerSystemControl
FNDA:0,(anonymous_9)
FNDA:0,(anonymous_10)
FNDA:0,(anonymous_11)
FNDA:0,(anonymous_12)
FNDA:0,(anonymous_13)
FNDA:0,(anonymous_14)
FNDA:0,(anonymous_15)
FNDA:0,(anonymous_16)
DA:1,0
DA:2,0
DA:3,0
DA:4,0
DA:6,0
DA:8,0
DA:9,0
DA:10,0
DA:11,0
DA:14,0
DA:17,0
DA:18,0
DA:19,0
DA:20,0
DA:23,0
DA:24,0
DA:26,0
DA:28,0
DA:33,0
DA:34,0
DA:35,0
DA:38,0
DA:39,0
DA:40,0
DA:43,0
DA:44,0
DA:45,0
DA:46,0
DA:49,0
DA:50,0
DA:51,0
LF:31
LH:0
BRDA:10,0,0,0
BRDA:10,0,1,0
BRDA:19,1,0,0
BRDA:19,1,1,0
BRDA:24,2,0,0
BRDA:24,2,1,0
BRDA:35,3,0,0
BRDA:35,3,1,0
BRDA:40,4,0,0
BRDA:40,4,1,0
BRDA:45,5,0,0
BRDA:45,5,1,0
BRDA:50,6,0,0
BRDA:50,6,1,0
BRF:14
BRH:0
end_of_record
TN:
SF:src\main\logic\web-agent.ts
FN:16,(anonymous_8)
FN:70,registerWebAgent
FN:71,(anonymous_10)
FN:71,(anonymous_11)
FN:112,(anonymous_12)
FN:114,(anonymous_13)
FN:121,(anonymous_14)
FNF:7
FNH:0
FNDA:0,(anonymous_8)
FNDA:0,registerWebAgent
FNDA:0,(anonymous_10)
FNDA:0,(anonymous_11)
FNDA:0,(anonymous_12)
FNDA:0,(anonymous_13)
FNDA:0,(anonymous_14)
DA:1,0
DA:2,0
DA:3,0
DA:4,0
DA:6,0
DA:8,0
DA:16,0
DA:19,0
DA:21,0
DA:22,0
DA:23,0
DA:27,0
DA:28,0
DA:29,0
DA:36,0
DA:37,0
DA:38,0
DA:39,0
DA:46,0
DA:47,0
DA:48,0
DA:55,0
DA:56,0
DA:58,0
DA:59,0
DA:67,0
DA:70,0
DA:71,0
DA:72,0
DA:74,0
DA:75,0
DA:76,0
DA:80,0
DA:82,0
DA:83,0
DA:86,0
DA:91,0
DA:92,0
DA:96,0
DA:100,0
DA:102,0
DA:103,0
DA:104,0
DA:106,0
DA:107,0
DA:108,0
DA:109,0
DA:111,0
DA:112,0
DA:114,0
DA:117,0
DA:119,0
DA:120,0
DA:121,0
DA:124,0
DA:128,0
DA:130,0
DA:131,0
DA:134,0
DA:136,0
DA:137,0
LF:61
LH:0
BRDA:22,0,0,0
BRDA:22,0,1,0
BRDA:27,1,0,0
BRDA:27,1,1,0
BRDA:27,2,0,0
BRDA:27,2,1,0
BRDA:27,2,2,0
BRDA:36,3,0,0
BRDA:36,3,1,0
BRDA:36,4,0,0
BRDA:36,4,1,0
BRDA:38,5,0,0
BRDA:38,5,1,0
BRDA:46,6,0,0
BRDA:46,6,1,0
BRDA:46,7,0,0
BRDA:46,7,1,0
BRDA:55,8,0,0
BRDA:55,8,1,0
BRDA:55,9,0,0
BRDA:55,9,1,0
BRDA:58,10,0,0
BRDA:58,10,1,0
BRDA:58,11,0,0
BRDA:58,11,1,0
BRDA:58,11,2,0
BRDA:76,12,0,0
BRDA:76,12,1,0
BRDA:82,13,0,0
BRDA:82,13,1,0
BRDA:82,14,0,0
BRDA:82,14,1,0
BRDA:96,15,0,0
BRDA:96,15,1,0
BRDA:106,16,0,0
BRDA:106,16,1,0
BRDA:106,17,0,0
BRDA:106,17,1,0
BRDA:106,18,0,0
BRDA:106,18,1,0
BRDA:119,19,0,0
BRDA:119,19,1,0
BRDA:130,20,0,0
BRDA:130,20,1,0
BRDA:130,21,0,0
BRDA:130,21,1,0
BRDA:136,22,0,0
BRDA:136,22,1,0
BRF:48
BRH:0
end_of_record
TN:
SF:src\main\security\Security.ts
FN:8,registerSecurityVault
FN:15,(anonymous_9)
FN:22,(anonymous_10)
FN:26,(anonymous_11)
FN:31,(anonymous_12)
FN:31,(anonymous_13)
FN:38,(anonymous_14)
FN:38,(anonymous_15)
FN:44,(anonymous_16)
FN:51,(anonymous_17)
FNF:10
FNH:0
FNDA:0,registerSecurityVault
FNDA:0,(anonymous_9)
FNDA:0,(anonymous_10)
FNDA:0,(anonymous_11)
FNDA:0,(anonymous_12)
FNDA:0,(anonymous_13)
FNDA:0,(anonymous_14)
FNDA:0,(anonymous_15)
FNDA:0,(anonymous_16)
FNDA:0,(anonymous_17)
DA:1,0
DA:2,0
DA:3,0
DA:5,0
DA:6,0
DA:8,0
DA:9,0
DA:10,0
DA:11,0
DA:12,0
DA:15,0
DA:16,0
DA:17,0
DA:18,0
DA:19,0
DA:22,0
DA:23,0
DA:26,0
DA:27,0
DA:28,0
DA:31,0
DA:32,0
DA:33,0
DA:34,0
DA:35,0
DA:38,0
DA:39,0
DA:40,0
DA:41,0
DA:44,0
DA:45,0
DA:46,0
DA:47,0
DA:48,0
DA:51,0
DA:52,0
DA:53,0
DA:55,0
DA:56,0
DA:57,0
DA:58,0
DA:59,0
DA:61,0
DA:63,0
DA:65,0
LF:45
LH:0
BRDA:5,0,0,0
BRDA:5,0,1,0
BRDA:10,1,0,0
BRDA:10,1,1,0
BRDA:10,2,0,0
BRDA:10,2,1,0
BRDA:18,3,0,0
BRDA:18,3,1,0
BRDA:19,4,0,0
BRDA:19,4,1,0
BRDA:40,5,0,0
BRDA:40,5,1,0
BRDA:45,6,0,0
BRDA:45,6,1,0
BRDA:53,7,0,0
BRDA:53,7,1,0
BRDA:53,8,0,0
BRDA:53,8,1,0
BRDA:56,9,0,0
BRDA:56,9,1,0
BRDA:63,10,0,0
BRDA:63,10,1,0
BRF:22
BRH:0
end_of_record
TN:
SF:src\main\security\SecurityGateway.ts
FN:29,classifyCommand
FN:46,classifyFileOp
FN:72,classifyFileWrite
FN:102,requestApproval
FN:133,approve
FNF:5
FNH:0
FNDA:0,classifyCommand
FNDA:0,classifyFileOp
FNDA:0,classifyFileWrite
FNDA:0,requestApproval
FNDA:0,approve
DA:8,0
DA:9,0
DA:10,0
DA:15,0
DA:29,0
DA:30,0
DA:31,0
DA:32,0
DA:38,0
DA:46,0
DA:47,0
DA:50,0
DA:51,0
DA:52,0
DA:59,0
DA:60,0
DA:66,0
DA:72,0
DA:73,0
DA:75,0
DA:76,0
DA:77,0
DA:85,0
DA:86,0
DA:87,0
DA:93,0
DA:102,0
DA:103,0
DA:105,0
DA:122,0
DA:133,0
DA:138,0
DA:140,0
DA:141,0
DA:144,0
DA:145,0
DA:156,0
DA:158,0
DA:161,0
DA:168,0
DA:172,0
LF:41
LH:0
BRDA:31,0,0,0
BRDA:31,0,1,0
BRDA:51,1,0,0
BRDA:51,1,1,0
BRDA:59,2,0,0
BRDA:59,2,1,0
BRDA:76,3,0,0
BRDA:76,3,1,0
BRDA:86,4,0,0
BRDA:86,4,1,0
BRDA:103,5,0,0
BRDA:103,5,1,0
BRDA:138,6,0,0
BRDA:138,6,1,0
BRDA:140,7,0,0
BRDA:140,7,1,0
BRDA:141,8,0,0
BRDA:141,8,1,0
BRDA:144,9,0,0
BRDA:144,9,1,0
BRDA:156,10,0,0
BRDA:156,10,1,0
BRF:22
BRH:0
end_of_record
TN:
SF:src\main\security\lock-system.ts
FN:3,registerLockSystem
FN:4,(anonymous_1)
FNF:2
FNH:0
FNDA:0,registerLockSystem
FNDA:0,(anonymous_1)
DA:1,0
DA:3,0
DA:4,0
DA:5,0
LF:4
LH:0
BRF:0
BRH:0
end_of_record
TN:
SF:src\main\security\quarantine-manager.ts
FN:32,loadManifest
FN:41,saveManifest
FN:51,quarantineFile
FN:99,listQuarantined
FN:106,restoreFile
FN:108,(anonymous_6)
FN:140,deleteQuarantined
FN:142,(anonymous_8)
FNF:8
FNH:0
FNDA:0,loadManifest
FNDA:0,saveManifest
FNDA:0,quarantineFile
FNDA:0,listQuarantined
FNDA:0,restoreFile
FNDA:0,(anonymous_6)
FNDA:0,deleteQuarantined
FNDA:0,(anonymous_8)
DA:8,0
DA:9,0
DA:10,0
DA:13,0
DA:16,0
DA:17,0
DA:30,0
DA:33,0
DA:34,0
DA:35,0
DA:38,0
DA:42,0
DA:51,0
DA:56,0
DA:58,0
DA:59,0
DA:62,0
DA:63,0
DA:64,0
DA:65,0
DA:67,0
DA:69,0
DA:72,0
DA:73,0
DA:74,0
DA:76,0
DA:80,0
DA:89,0
DA:90,0
DA:91,0
DA:93,0
DA:99,0
DA:100,0
DA:106,0
DA:107,0
DA:108,0
DA:109,0
DA:111,0
DA:113,0
DA:115,0
DA:117,0
DA:118,0
DA:119,0
DA:122,0
DA:124,0
DA:125,0
DA:126,0
DA:128,0
DA:132,0
DA:133,0
DA:134,0
DA:140,0
DA:141,0
DA:142,0
DA:143,0
DA:145,0
DA:147,0
DA:148,0
DA:149,0
DA:153,0
DA:154,0
DA:155,0
LF:62
LH:0
BRDA:16,0,0,0
BRDA:16,0,1,0
BRDA:34,1,0,0
BRDA:34,1,1,0
BRDA:54,2,0,0
BRDA:58,3,0,0
BRDA:58,3,1,0
BRDA:109,4,0,0
BRDA:109,4,1,0
BRDA:113,5,0,0
BRDA:113,5,1,0
BRDA:118,6,0,0
BRDA:118,6,1,0
BRDA:143,7,0,0
BRDA:143,7,1,0
BRDA:148,8,0,0
BRDA:148,8,1,0
BRF:17
BRH:0
end_of_record
TN:
SF:src\main\security\risk-rules.ts
FNF:0
FNH:0
DA:9,0
DA:55,0
DA:65,0
DA:68,0
LF:4
LH:0
BRF:0
BRH:0
end_of_record
TN:
SF:src\main\services\RAG-oracle.ts
FN:8,(anonymous_8)
FN:16,(anonymous_9)
FN:21,(anonymous_10)
FN:21,(anonymous_11)
FN:29,(anonymous_12)
FN:29,(anonymous_13)
FN:43,(anonymous_14)
FN:55,(anonymous_15)
FN:55,(anonymous_16)
FN:57,registerOracle
FN:58,(anonymous_18)
FN:63,(anonymous_19)
FN:63,(anonymous_20)
FN:93,fastScan
FN:123,(anonymous_23)
FN:125,(anonymous_24)
FN:125,(anonymous_25)
FN:127,(anonymous_26)
FN:128,(anonymous_27)
FN:159,(anonymous_28)
FN:169,(anonymous_29)
FN:172,(anonymous_30)
FN:202,(anonymous_31)
FN:202,(anonymous_32)
FN:222,(anonymous_33)
FN:223,(anonymous_34)
FN:226,(anonymous_35)
FN:243,(anonymous_36)
FNF:28
FNH:0
FNDA:0,(anonymous_8)
FNDA:0,(anonymous_9)
FNDA:0,(anonymous_10)
FNDA:0,(anonymous_11)
FNDA:0,(anonymous_12)
FNDA:0,(anonymous_13)
FNDA:0,(anonymous_14)
FNDA:0,(anonymous_15)
FNDA:0,(anonymous_16)
FNDA:0,registerOracle
FNDA:0,(anonymous_18)
FNDA:0,(anonymous_19)
FNDA:0,(anonymous_20)
FNDA:0,fastScan
FNDA:0,(anonymous_23)
FNDA:0,(anonymous_24)
FNDA:0,(anonymous_25)
FNDA:0,(anonymous_26)
FNDA:0,(anonymous_27)
FNDA:0,(anonymous_28)
FNDA:0,(anonymous_29)
FNDA:0,(anonymous_30)
FNDA:0,(anonymous_31)
FNDA:0,(anonymous_32)
FNDA:0,(anonymous_33)
FNDA:0,(anonymous_34)
FNDA:0,(anonymous_35)
FNDA:0,(anonymous_36)
DA:1,0
DA:2,0
DA:3,0
DA:4,0
DA:5,0
DA:6,0
DA:8,0
DA:16,0
DA:17,0
DA:18,0
DA:21,0
DA:22,0
DA:23,0
DA:24,0
DA:29,0
DA:30,0
DA:31,0
DA:32,0
DA:33,0
DA:35,0
DA:39,0
DA:40,0
DA:41,0
DA:43,0
DA:44,0
DA:45,0
DA:46,0
DA:47,0
DA:48,0
DA:49,0
DA:50,0
DA:52,0
DA:55,0
DA:57,0
DA:58,0
DA:59,0
DA:60,0
DA:63,0
DA:64,0
DA:65,0
DA:66,0
DA:69,0
DA:70,0
DA:71,0
DA:73,0
DA:74,0
DA:75,0
DA:76,0
DA:78,0
DA:79,0
DA:82,0
DA:83,0
DA:90,0
DA:91,0
DA:94,0
DA:96,0
DA:97,0
DA:99,0
DA:101,0
DA:102,0
DA:103,0
DA:104,0
DA:105,0
DA:110,0
DA:114,0
DA:119,0
DA:121,0
DA:123,0
DA:124,0
DA:125,0
DA:127,0
DA:128,0
DA:130,0
DA:138,0
DA:139,0
DA:140,0
DA:141,0
DA:144,0
DA:145,0
DA:147,0
DA:155,0
DA:156,0
DA:157,0
DA:158,0
DA:159,0
DA:161,0
DA:162,0
DA:163,0
DA:166,0
DA:167,0
DA:169,0
DA:172,0
DA:173,0
DA:176,0
DA:177,0
DA:183,0
DA:190,0
DA:192,0
DA:196,0
DA:198,0
DA:202,0
DA:203,0
DA:204,0
DA:205,0
DA:207,0
DA:208,0
DA:211,0
DA:212,0
DA:214,0
DA:219,0
DA:221,0
DA:222,0
DA:223,0
DA:226,0
DA:228,0
DA:240,0
DA:243,0
DA:246,0
LF:118
LH:0
BRDA:65,0,0,0
BRDA:65,0,1,0
BRDA:74,1,0,0
BRDA:74,1,1,0
BRDA:94,2,0,0
BRDA:94,2,1,0
BRDA:103,3,0,0
BRDA:103,3,1,0
BRDA:103,4,0,0
BRDA:103,4,1,0
BRDA:105,5,0,0
BRDA:105,5,1,0
BRDA:106,6,0,0
BRDA:106,6,1,0
BRDA:106,6,2,0
BRDA:121,7,0,0
BRDA:121,7,1,0
BRDA:139,8,0,0
BRDA:139,8,1,0
BRDA:156,9,0,0
BRDA:156,9,1,0
BRDA:158,10,0,0
BRDA:158,10,1,0
BRDA:161,11,0,0
BRDA:161,11,1,0
BRDA:204,12,0,0
BRDA:204,12,1,0
BRDA:207,13,0,0
BRDA:207,13,1,0
BRDA:207,14,0,0
BRDA:207,14,1,0
BRF:31
BRH:0
end_of_record
TN:
SF:src\main\services\anthropic-handler.ts
FN:9,chatWithAnthropic
FN:10,(anonymous_29)
FN:34,(anonymous_30)
FN:44,streamChatWithAnthropic
FN:45,streamChatWithAnthropic_1
FN:82,getClaudeModels
FNF:6
FNH:0
FNDA:0,chatWithAnthropic
FNDA:0,(anonymous_29)
FNDA:0,(anonymous_30)
FNDA:0,streamChatWithAnthropic
FNDA:0,streamChatWithAnthropic_1
FNDA:0,getClaudeModels
DA:1,0
DA:9,0
DA:10,0
DA:14,0
DA:15,0
DA:18,0
DA:19,0
DA:21,0
DA:34,0
DA:35,0
DA:37,0
DA:44,0
DA:45,0
DA:49,0
DA:50,0
DA:53,0
DA:54,0
DA:56,0
DA:69,0
DA:70,0
DA:71,0
DA:75,0
DA:82,0
DA:83,0
LF:24
LH:0
BRDA:12,0,0,0
BRDA:14,1,0,0
BRDA:14,1,1,0
BRDA:35,2,0,0
BRDA:35,2,1,0
BRDA:35,3,0,0
BRDA:35,3,1,0
BRDA:47,4,0,0
BRDA:49,5,0,0
BRDA:49,5,1,0
BRDA:70,6,0,0
BRDA:70,6,1,0
BRDA:70,7,0,0
BRDA:70,7,1,0
BRF:14
BRH:0
end_of_record
TN:
SF:src\main\services\biometric-recognition.ts
FN:18,ensureStorage
FN:28,readFaces
FN:38,writeFaces
FN:42,listEnrolledFaces
FN:46,enrollFace
FN:67,recognizeFace
FN:70,(anonymous_28)
FN:73,scanFromCamera
FNF:8
FNH:0
FNDA:0,ensureStorage
FNDA:0,readFaces
FNDA:0,writeFaces
FNDA:0,listEnrolledFaces
FNDA:0,enrollFace
FNDA:0,recognizeFace
FNDA:0,(anonymous_28)
FNDA:0,scanFromCamera
DA:1,0
DA:2,0
DA:3,0
DA:4,0
DA:5,0
DA:15,0
DA:16,0
DA:19,0
DA:20,0
DA:23,0
DA:24,0
DA:29,0
DA:30,0
DA:31,0
DA:32,0
DA:34,0
DA:39,0
DA:42,0
DA:43,0
DA:46,0
DA:47,0
DA:49,0
DA:50,0
DA:51,0
DA:53,0
DA:54,0
DA:62,0
DA:63,0
DA:64,0
DA:67,0
DA:68,0
DA:69,0
DA:70,0
DA:73,0
DA:74,0
LF:35
LH:0
BRDA:19,0,0,0
BRDA:19,0,1,0
BRDA:23,1,0,0
BRDA:23,1,1,0
BRDA:70,2,0,0
BRDA:70,2,1,0
BRDA:70,3,0,0
BRDA:70,3,1,0
BRF:8
BRH:0
end_of_record
TN:
SF:src\main\services\chat-handler.ts
FN:28,parseChatRequest
FN:39,getSecureVaultPath
FN:46,(anonymous_26)
FN:49,registerChatHandler
FN:52,isProviderEnabled
FN:56,getProviderModel
FN:65,getProviderEndpoint
FN:72,loadKeysFromProviderStore
FN:88,loadFallbackKeys
FN:113,(anonymous_33)
FN:113,(anonymous_34)
FN:119,(anonymous_35)
FN:123,(anonymous_36)
FN:127,(anonymous_37)
FN:136,(anonymous_38)
FN:149,(anonymous_39)
FN:170,(anonymous_40)
FN:191,(anonymous_41)
FN:203,(anonymous_42)
FN:232,(anonymous_43)
FN:244,(anonymous_44)
FN:288,(anonymous_45)
FN:288,(anonymous_46)
FN:293,(anonymous_47)
FN:298,(anonymous_48)
FN:302,(anonymous_49)
FN:337,(anonymous_50)
FN:344,(anonymous_51)
FN:349,(anonymous_52)
FNF:29
FNH:0
FNDA:0,parseChatRequest
FNDA:0,getSecureVaultPath
FNDA:0,(anonymous_26)
FNDA:0,registerChatHandler
FNDA:0,isProviderEnabled
FNDA:0,getProviderModel
FNDA:0,getProviderEndpoint
FNDA:0,loadKeysFromProviderStore
FNDA:0,loadFallbackKeys
FNDA:0,(anonymous_33)
FNDA:0,(anonymous_34)
FNDA:0,(anonymous_35)
FNDA:0,(anonymous_36)
FNDA:0,(anonymous_37)
FNDA:0,(anonymous_38)
FNDA:0,(anonymous_39)
FNDA:0,(anonymous_40)
FNDA:0,(anonymous_41)
FNDA:0,(anonymous_42)
FNDA:0,(anonymous_43)
FNDA:0,(anonymous_44)
FNDA:0,(anonymous_45)
FNDA:0,(anonymous_46)
FNDA:0,(anonymous_47)
FNDA:0,(anonymous_48)
FNDA:0,(anonymous_49)
FNDA:0,(anonymous_50)
FNDA:0,(anonymous_51)
FNDA:0,(anonymous_52)
DA:1,0
DA:2,0
DA:3,0
DA:4,0
DA:5,0
DA:6,0
DA:7,0
DA:8,0
DA:13,0
DA:14,0
DA:15,0
DA:16,0
DA:28,0
DA:29,0
DA:37,0
DA:40,0
DA:41,0
DA:46,0
DA:49,0
DA:50,0
DA:53,0
DA:61,0
DA:62,0
DA:69,0
DA:73,0
DA:89,0
DA:90,0
DA:91,0
DA:92,0
DA:94,0
DA:95,0
DA:96,0
DA:97,0
DA:98,0
DA:99,0
DA:101,0
DA:102,0
DA:103,0
DA:104,0
DA:107,0
DA:109,0
DA:113,0
DA:114,0
DA:115,0
DA:116,0
DA:119,0
DA:120,0
DA:123,0
DA:124,0
DA:127,0
DA:128,0
DA:132,0
DA:133,0
DA:134,0
DA:135,0
DA:136,0
DA:141,0
DA:145,0
DA:146,0
DA:147,0
DA:148,0
DA:150,0
DA:159,0
DA:164,0
DA:165,0
DA:166,0
DA:167,0
DA:168,0
DA:169,0
DA:171,0
DA:183,0
DA:187,0
DA:188,0
DA:189,0
DA:190,0
DA:191,0
DA:196,0
DA:200,0
DA:201,0
DA:202,0
DA:203,0
DA:205,0
DA:210,0
DA:211,0
DA:214,0
DA:215,0
DA:216,0
DA:217,0
DA:221,0
DA:223,0
DA:224,0
DA:225,0
DA:229,0
DA:230,0
DA:231,0
DA:232,0
DA:234,0
DA:235,0
DA:236,0
DA:240,0
DA:241,0
DA:242,0
DA:243,0
DA:244,0
DA:249,0
DA:250,0
DA:251,0
DA:256,0
DA:257,0
DA:258,0
DA:259,0
DA:270,0
DA:272,0
DA:273,0
DA:274,0
DA:275,0
DA:279,0
DA:280,0
DA:284,0
DA:288,0
DA:289,0
DA:290,0
DA:291,0
DA:293,0
DA:294,0
DA:297,0
DA:298,0
DA:299,0
DA:302,0
DA:303,0
DA:307,0
DA:308,0
DA:309,0
DA:314,0
DA:316,0
DA:317,0
DA:322,0
DA:324,0
DA:328,0
DA:329,0
DA:330,0
DA:337,0
DA:339,0
DA:340,0
DA:341,0
DA:344,0
DA:347,0
DA:348,0
DA:349,0
DA:350,0
DA:352,0
DA:354,0
DA:359,0
DA:362,0
DA:367,0
DA:368,0
DA:371,0
LF:157
LH:0
BRDA:30,0,0,0
BRDA:30,0,1,0
BRDA:32,1,0,0
BRDA:32,1,1,0
BRDA:32,2,0,0
BRDA:32,2,1,0
BRDA:32,3,0,0
BRDA:32,3,1,0
BRDA:33,4,0,0
BRDA:33,4,1,0
BRDA:46,5,0,0
BRDA:46,5,1,0
BRDA:53,6,0,0
BRDA:53,6,1,0
BRDA:53,7,0,0
BRDA:53,7,1,0
BRDA:61,8,0,0
BRDA:61,8,1,0
BRDA:61,9,0,0
BRDA:61,9,1,0
BRDA:62,10,0,0
BRDA:62,10,1,0
BRDA:62,11,0,0
BRDA:62,11,1,0
BRDA:62,12,0,0
BRDA:62,12,1,0
BRDA:62,13,0,0
BRDA:62,13,1,0
BRDA:62,14,0,0
BRDA:62,14,1,0
BRDA:69,15,0,0
BRDA:69,15,1,0
BRDA:69,16,0,0
BRDA:69,16,1,0
BRDA:69,17,0,0
BRDA:69,17,1,0
BRDA:69,18,0,0
BRDA:69,18,1,0
BRDA:69,19,0,0
BRDA:69,19,1,0
BRDA:74,20,0,0
BRDA:74,20,1,0
BRDA:74,21,0,0
BRDA:74,21,1,0
BRDA:74,22,0,0
BRDA:74,22,1,0
BRDA:75,23,0,0
BRDA:75,23,1,0
BRDA:75,24,0,0
BRDA:75,24,1,0
BRDA:75,25,0,0
BRDA:75,25,1,0
BRDA:76,26,0,0
BRDA:76,26,1,0
BRDA:76,27,0,0
BRDA:76,27,1,0
BRDA:76,28,0,0
BRDA:76,28,1,0
BRDA:77,29,0,0
BRDA:77,29,1,0
BRDA:77,30,0,0
BRDA:77,30,1,0
BRDA:77,31,0,0
BRDA:77,31,1,0
BRDA:78,32,0,0
BRDA:78,32,1,0
BRDA:78,33,0,0
BRDA:78,33,1,0
BRDA:78,34,0,0
BRDA:78,34,1,0
BRDA:79,35,0,0
BRDA:79,35,1,0
BRDA:79,36,0,0
BRDA:79,36,1,0
BRDA:79,37,0,0
BRDA:79,37,1,0
BRDA:80,38,0,0
BRDA:80,38,1,0
BRDA:80,39,0,0
BRDA:80,39,1,0
BRDA:80,40,0,0
BRDA:80,40,1,0
BRDA:81,41,0,0
BRDA:81,41,1,0
BRDA:81,42,0,0
BRDA:81,42,1,0
BRDA:81,43,0,0
BRDA:81,43,1,0
BRDA:82,44,0,0
BRDA:82,44,1,0
BRDA:82,45,0,0
BRDA:82,45,1,0
BRDA:82,46,0,0
BRDA:82,46,1,0
BRDA:83,47,0,0
BRDA:83,47,1,0
BRDA:83,48,0,0
BRDA:83,48,1,0
BRDA:83,49,0,0
BRDA:83,49,1,0
BRDA:84,50,0,0
BRDA:84,50,1,0
BRDA:84,51,0,0
BRDA:84,51,1,0
BRDA:84,52,0,0
BRDA:84,52,1,0
BRDA:91,53,0,0
BRDA:91,53,1,0
BRDA:94,54,0,0
BRDA:94,54,1,0
BRDA:95,55,0,0
BRDA:95,55,1,0
BRDA:96,56,0,0
BRDA:96,56,1,0
BRDA:97,57,0,0
BRDA:97,57,1,0
BRDA:98,58,0,0
BRDA:98,58,1,0
BRDA:101,59,0,0
BRDA:101,59,1,0
BRDA:102,60,0,0
BRDA:102,60,1,0
BRDA:103,61,0,0
BRDA:103,61,1,0
BRDA:104,62,0,0
BRDA:104,62,1,0
BRDA:119,63,0,0
BRDA:119,63,1,0
BRDA:124,64,0,0
BRDA:124,64,1,0
BRDA:124,64,2,0
BRDA:124,65,0,0
BRDA:124,65,1,0
BRDA:124,66,0,0
BRDA:124,66,1,0
BRDA:124,67,0,0
BRDA:124,67,1,0
BRDA:124,68,0,0
BRDA:124,68,1,0
BRDA:124,69,0,0
BRDA:124,69,1,0
BRDA:124,70,0,0
BRDA:124,70,1,0
BRDA:128,71,0,0
BRDA:128,71,1,0
BRDA:128,72,0,0
BRDA:128,72,1,0
BRDA:128,73,0,0
BRDA:128,73,1,0
BRDA:128,74,0,0
BRDA:128,74,1,0
BRDA:128,75,0,0
BRDA:128,75,1,0
BRDA:132,76,0,0
BRDA:132,76,1,0
BRDA:132,77,0,0
BRDA:132,77,1,0
BRDA:145,78,0,0
BRDA:145,78,1,0
BRDA:145,79,0,0
BRDA:145,79,1,0
BRDA:165,80,0,0
BRDA:165,80,1,0
BRDA:165,81,0,0
BRDA:165,81,1,0
BRDA:174,82,0,0
BRDA:174,82,1,0
BRDA:175,83,0,0
BRDA:175,83,1,0
BRDA:187,84,0,0
BRDA:187,84,1,0
BRDA:187,85,0,0
BRDA:187,85,1,0
BRDA:200,86,0,0
BRDA:200,86,1,0
BRDA:200,87,0,0
BRDA:200,87,1,0
BRDA:210,88,0,0
BRDA:210,88,1,0
BRDA:210,89,0,0
BRDA:210,89,1,0
BRDA:214,90,0,0
BRDA:214,90,1,0
BRDA:229,91,0,0
BRDA:229,91,1,0
BRDA:232,92,0,0
BRDA:232,92,1,0
BRDA:240,93,0,0
BRDA:240,93,1,0
BRDA:244,94,0,0
BRDA:244,94,1,0
BRDA:256,95,0,0
BRDA:256,95,1,0
BRDA:270,96,0,0
BRDA:270,96,1,0
BRDA:270,97,0,0
BRDA:270,97,1,0
BRDA:270,98,0,0
BRDA:270,98,1,0
BRDA:270,99,0,0
BRDA:270,99,1,0
BRDA:270,100,0,0
BRDA:270,100,1,0
BRDA:279,101,0,0
BRDA:279,101,1,0
BRDA:293,102,0,0
BRDA:293,102,1,0
BRDA:299,103,0,0
BRDA:299,103,1,0
BRDA:299,103,2,0
BRDA:299,104,0,0
BRDA:299,104,1,0
BRDA:299,105,0,0
BRDA:299,105,1,0
BRDA:299,106,0,0
BRDA:299,106,1,0
BRDA:299,107,0,0
BRDA:299,107,1,0
BRDA:299,108,0,0
BRDA:299,108,1,0
BRDA:299,109,0,0
BRDA:299,109,1,0
BRDA:303,110,0,0
BRDA:303,110,1,0
BRDA:303,111,0,0
BRDA:303,111,1,0
BRDA:303,112,0,0
BRDA:303,112,1,0
BRDA:303,113,0,0
BRDA:303,113,1,0
BRDA:303,114,0,0
BRDA:303,114,1,0
BRDA:308,115,0,0
BRDA:308,115,1,0
BRDA:308,116,0,0
BRDA:308,116,1,0
BRDA:316,117,0,0
BRDA:316,117,1,0
BRDA:316,118,0,0
BRDA:316,118,1,0
BRDA:324,119,0,0
BRDA:324,119,1,0
BRDA:325,120,0,0
BRDA:325,120,1,0
BRDA:333,121,0,0
BRDA:333,121,1,0
BRDA:334,122,0,0
BRDA:334,122,1,0
BRDA:339,123,0,0
BRDA:339,123,1,0
BRDA:339,124,0,0
BRDA:339,124,1,0
BRDA:347,125,0,0
BRDA:347,125,1,0
BRDA:347,126,0,0
BRDA:347,126,1,0
BRDA:352,127,0,0
BRDA:352,127,1,0
BRF:258
BRH:0
end_of_record
TN:
SF:src\main\services\deep-research.ts
FN:5,registerDeepResearch
FN:6,(anonymous_9)
FN:6,(anonymous_10)
FN:25,(anonymous_11)
FN:64,(anonymous_12)
FN:64,(anonymous_13)
FNF:6
FNH:0
FNDA:0,registerDeepResearch
FNDA:0,(anonymous_9)
FNDA:0,(anonymous_10)
FNDA:0,(anonymous_11)
FNDA:0,(anonymous_12)
FNDA:0,(anonymous_13)
DA:2,0
DA:3,0
DA:5,0
DA:6,0
DA:7,0
DA:8,0
DA:9,0
DA:12,0
DA:18,0
DA:19,0
DA:24,0
DA:25,0
DA:28,0
DA:34,0
DA:35,0
DA:41,0
DA:48,0
DA:49,0
DA:50,0
DA:52,0
DA:58,0
DA:60,0
DA:64,0
DA:65,0
DA:68,0
DA:81,0
DA:83,0
DA:84,0
LF:28
LH:0
BRDA:8,0,0,0
BRDA:8,0,1,0
BRDA:8,1,0,0
BRDA:8,1,1,0
BRDA:48,2,0,0
BRDA:48,2,1,0
BRDA:48,3,0,0
BRDA:48,3,1,0
BRDA:48,4,0,0
BRDA:48,4,1,0
BRDA:48,5,0,0
BRDA:48,5,1,0
BRDA:48,6,0,0
BRDA:48,6,1,0
BRDA:50,7,0,0
BRDA:50,7,1,0
BRF:16
BRH:0
end_of_record
TN:
SF:src\main\services\error-utils.ts
FN:1,(anonymous_7)
FN:11,extractErrorMessage
FN:22,classifyErrorKind
FN:58,providerError
FN:65,logError
FN:78,isTransientError
FN:94,(anonymous_13)
FN:97,retryAsync
FN:97,(anonymous_15)
FN:107,(anonymous_16)
FNF:10
FNH:8
FNDA:1,(anonymous_7)
FNDA:44,extractErrorMessage
FNDA:19,classifyErrorKind
FNDA:0,providerError
FNDA:0,logError
FNDA:19,isTransientError
FNDA:128,(anonymous_13)
FNDA:6,retryAsync
FNDA:6,(anonymous_15)
FNDA:3,(anonymous_16)
DA:1,1
DA:2,1
DA:3,1
DA:4,1
DA:5,1
DA:6,1
DA:7,1
DA:8,1
DA:11,1
DA:12,44
DA:13,42
DA:14,10
DA:15,1
DA:16,1
DA:18,0
DA:22,1
DA:23,19
DA:24,19
DA:29,4
DA:31,15
DA:37,4
DA:39,11
DA:40,3
DA:42,8
DA:50,5
DA:52,3
DA:53,2
DA:55,1
DA:58,1
DA:59,0
DA:60,0
DA:61,0
DA:62,0
DA:65,1
DA:70,0
DA:71,0
DA:72,0
DA:74,0
DA:78,1
DA:79,19
DA:80,19
DA:94,128
DA:97,6
DA:99,6
DA:100,8
DA:101,8
DA:103,5
DA:104,5
DA:105,2
DA:107,3
DA:110,2
LF:51
LH:42
BRDA:1,0,0,1
BRDA:1,0,1,1
BRDA:12,1,0,2
BRDA:12,1,1,42
BRDA:13,2,0,32
BRDA:13,2,1,10
BRDA:14,3,0,9
BRDA:14,3,1,1
BRDA:14,4,0,9
BRDA:14,4,1,1
BRDA:24,5,0,4
BRDA:24,5,1,15
BRDA:25,6,0,19
BRDA:25,6,1,17
BRDA:25,6,2,16
BRDA:31,7,0,4
BRDA:31,7,1,11
BRDA:32,8,0,15
BRDA:32,8,1,13
BRDA:32,8,2,12
BRDA:32,8,3,11
BRDA:39,9,0,3
BRDA:39,9,1,8
BRDA:39,10,0,11
BRDA:39,10,1,9
BRDA:42,11,0,5
BRDA:42,11,1,3
BRDA:43,12,0,8
BRDA:43,12,1,6
BRDA:43,12,2,6
BRDA:43,12,3,5
BRDA:43,12,4,5
BRDA:43,12,5,4
BRDA:52,13,0,2
BRDA:52,13,1,1
BRDA:52,14,0,3
BRDA:52,14,1,2
BRDA:68,15,0,0
BRDA:71,16,0,0
BRDA:71,16,1,0
BRDA:97,17,0,0
BRDA:97,18,0,0
BRDA:104,19,0,2
BRDA:104,19,1,3
BRDA:104,20,0,5
BRDA:104,20,1,4
BRF:46
BRH:41
end_of_record
TN:
SF:src\main\services\huggingface-handler.ts
FN:3,chatWithHuggingFace
FN:41,streamChatWithHuggingFace
FN:55,(anonymous_11)
FNF:3
FNH:0
FNDA:0,chatWithHuggingFace
FNDA:0,streamChatWithHuggingFace
FNDA:0,(anonymous_11)
DA:1,0
DA:3,0
DA:8,0
DA:9,0
DA:12,0
DA:24,0
DA:25,0
DA:26,0
DA:27,0
DA:28,0
DA:29,0
DA:30,0
DA:34,0
DA:36,0
DA:37,0
DA:41,0
DA:47,0
DA:49,0
DA:50,0
DA:52,0
DA:53,0
DA:55,0
DA:58,0
DA:59,0
LF:24
LH:0
BRDA:13,0,0,0
BRDA:13,0,1,0
BRDA:24,1,0,0
BRDA:24,1,1,0
BRDA:26,2,0,0
BRDA:26,2,1,0
BRDA:26,3,0,0
BRDA:26,3,1,0
BRDA:27,4,0,0
BRDA:27,4,1,0
BRDA:29,5,0,0
BRDA:29,5,1,0
BRDA:29,6,0,0
BRDA:29,6,1,0
BRDA:29,6,2,0
BRDA:49,7,0,0
BRDA:49,7,1,0
BRF:17
BRH:0
end_of_record
TN:
SF:src\main\services\mj-coder.ts
FN:7,registerIrisCoder
FN:11,(anonymous_16)
FN:11,(anonymous_17)
FN:44,(anonymous_18)
FN:44,(anonymous_19)
FNF:5
FNH:0
FNDA:0,registerIrisCoder
FNDA:0,(anonymous_16)
FNDA:0,(anonymous_17)
FNDA:0,(anonymous_18)
FNDA:0,(anonymous_19)
DA:1,0
DA:2,0
DA:4,0
DA:5,0
DA:7,0
DA:8,0
DA:9,0
DA:11,0
DA:12,0
DA:13,0
DA:15,0
DA:17,0
DA:18,0
DA:21,0
DA:23,0
DA:28,0
DA:29,0
DA:30,0
DA:31,0
DA:32,0
DA:36,0
DA:37,0
DA:39,0
DA:40,0
DA:44,0
DA:45,0
DA:46,0
DA:47,0
DA:49,0
LF:29
LH:0
BRDA:9,0,0,0
BRDA:9,0,1,0
BRDA:17,1,0,0
BRDA:17,1,1,0
BRDA:17,2,0,0
BRDA:17,2,1,0
BRDA:30,3,0,0
BRDA:30,3,1,0
BRF:8
BRH:0
end_of_record
TN:
SF:src\main\services\openai-compatible-handler.ts
FN:9,chatWithOpenAICompatible
FN:34,streamChatWithOpenAICompatible
FNF:2
FNH:0
FNDA:0,chatWithOpenAICompatible
FNDA:0,streamChatWithOpenAICompatible
DA:1,0
DA:9,0
DA:13,0
DA:19,0
DA:20,0
DA:27,0
DA:29,0
DA:30,0
DA:34,0
DA:39,0
DA:45,0
DA:46,0
DA:54,0
DA:55,0
DA:56,0
DA:57,0
DA:61,0
DA:62,0
DA:67,0
LF:19
LH:0
BRDA:27,0,0,0
BRDA:27,0,1,0
BRDA:27,1,0,0
BRDA:27,1,1,0
BRDA:27,2,0,0
BRDA:27,2,1,0
BRDA:27,3,0,0
BRDA:27,3,1,0
BRDA:27,4,0,0
BRDA:27,4,1,0
BRDA:55,5,0,0
BRDA:55,5,1,0
BRDA:55,6,0,0
BRDA:55,6,1,0
BRDA:55,7,0,0
BRDA:55,7,1,0
BRDA:55,8,0,0
BRDA:55,8,1,0
BRDA:56,9,0,0
BRDA:56,9,1,0
BRF:20
BRH:0
end_of_record
TN:
SF:src\main\services\openai-handler.ts
FN:8,chatWithOpenAI
FN:9,(anonymous_29)
FN:46,streamChatWithOpenAI
FN:47,streamChatWithOpenAI_1
FN:90,analyzeImageWithOpenAI
FNF:5
FNH:0
FNDA:0,chatWithOpenAI
FNDA:0,(anonymous_29)
FNDA:0,streamChatWithOpenAI
FNDA:0,streamChatWithOpenAI_1
FNDA:0,analyzeImageWithOpenAI
DA:1,0
DA:8,0
DA:9,0
DA:13,0
DA:14,0
DA:17,0
DA:18,0
DA:20,0
DA:37,0
DA:39,0
DA:46,0
DA:47,0
DA:51,0
DA:52,0
DA:55,0
DA:56,0
DA:58,0
DA:76,0
DA:77,0
DA:78,0
DA:79,0
DA:83,0
DA:90,0
DA:95,0
DA:96,0
DA:99,0
DA:100,0
DA:102,0
DA:122,0
DA:124,0
LF:30
LH:0
BRDA:11,0,0,0
BRDA:13,1,0,0
BRDA:13,1,1,0
BRDA:37,2,0,0
BRDA:37,2,1,0
BRDA:37,3,0,0
BRDA:37,3,1,0
BRDA:37,4,0,0
BRDA:37,4,1,0
BRDA:37,5,0,0
BRDA:37,5,1,0
BRDA:37,6,0,0
BRDA:37,6,1,0
BRDA:49,7,0,0
BRDA:51,8,0,0
BRDA:51,8,1,0
BRDA:77,9,0,0
BRDA:77,9,1,0
BRDA:77,10,0,0
BRDA:77,10,1,0
BRDA:77,11,0,0
BRDA:77,11,1,0
BRDA:77,12,0,0
BRDA:77,12,1,0
BRDA:77,13,0,0
BRDA:77,13,1,0
BRDA:78,14,0,0
BRDA:78,14,1,0
BRDA:95,15,0,0
BRDA:95,15,1,0
BRDA:122,16,0,0
BRDA:122,16,1,0
BRDA:122,17,0,0
BRDA:122,17,1,0
BRDA:122,18,0,0
BRDA:122,18,1,0
BRDA:122,19,0,0
BRDA:122,19,1,0
BRDA:122,20,0,0
BRDA:122,20,1,0
BRF:40
BRH:0
end_of_record
TN:
SF:src\main\services\tavily-handler.ts
FN:3,chatWithTavily
FN:22,(anonymous_9)
FN:33,streamChatWithTavily
FN:46,(anonymous_12)
FNF:4
FNH:0
FNDA:0,chatWithTavily
FNDA:0,(anonymous_9)
FNDA:0,streamChatWithTavily
FNDA:0,(anonymous_12)
DA:1,0
DA:3,0
DA:4,0
DA:5,0
DA:8,0
DA:15,0
DA:17,0
DA:18,0
DA:21,0
DA:22,0
DA:23,0
DA:26,0
DA:28,0
DA:29,0
DA:33,0
DA:38,0
DA:40,0
DA:41,0
DA:43,0
DA:44,0
DA:46,0
DA:49,0
DA:50,0
LF:23
LH:0
BRDA:17,0,0,0
BRDA:17,0,1,0
BRF:2
BRH:0
end_of_record
TN:
SF:src\main\services\wormhole.ts
FN:6,registerWormhole
FN:7,(anonymous_8)
FN:7,(anonymous_9)
FN:31,(anonymous_10)
FN:31,(anonymous_11)
FNF:5
FNH:0
FNDA:0,registerWormhole
FNDA:0,(anonymous_8)
FNDA:0,(anonymous_9)
FNDA:0,(anonymous_10)
FNDA:0,(anonymous_11)
DA:2,0
DA:4,0
DA:6,0
DA:7,0
DA:8,0
DA:9,0
DA:10,0
DA:11,0
DA:14,0
DA:19,0
DA:21,0
DA:27,0
DA:31,0
DA:32,0
DA:33,0
DA:34,0
DA:36,0
LF:17
LH:0
BRDA:9,0,0,0
BRDA:9,0,1,0
BRDA:32,1,0,0
BRDA:32,1,1,0
BRF:4
BRH:0
end_of_record
TN:
SF:src\main\services\providers\provider-registry.ts
FN:47,getProviderConfigPath
FN:51,decryptProviderConfig
FN:71,encryptProviderConfig
FN:91,loadProviderConfig
FN:107,saveProviderConfig
FN:118,encryptKey
FN:125,decryptKey
FNF:7
FNH:0
FNDA:0,getProviderConfigPath
FNDA:0,decryptProviderConfig
FNDA:0,encryptProviderConfig
FNDA:0,loadProviderConfig
FNDA:0,saveProviderConfig
FNDA:0,encryptKey
FNDA:0,decryptKey
DA:1,0
DA:2,0
DA:3,0
DA:29,0
DA:31,0
DA:47,0
DA:48,0
DA:52,0
DA:54,0
DA:55,0
DA:56,0
DA:58,0
DA:59,0
DA:60,0
DA:61,0
DA:63,0
DA:68,0
DA:72,0
DA:74,0
DA:75,0
DA:76,0
DA:78,0
DA:79,0
DA:80,0
DA:81,0
DA:83,0
DA:88,0
DA:91,0
DA:92,0
DA:93,0
DA:94,0
DA:95,0
DA:98,0
DA:99,0
DA:100,0
DA:102,0
DA:103,0
DA:107,0
DA:108,0
DA:109,0
DA:110,0
DA:111,0
DA:113,0
DA:114,0
DA:118,0
DA:119,0
DA:120,0
DA:122,0
DA:125,0
DA:126,0
DA:127,0
DA:129,0
LF:52
LH:0
BRDA:56,0,0,0
BRDA:56,0,1,0
BRDA:59,1,0,0
BRDA:59,1,1,0
BRDA:76,2,0,0
BRDA:76,2,1,0
BRDA:79,3,0,0
BRDA:79,3,1,0
BRDA:93,4,0,0
BRDA:93,4,1,0
BRDA:119,5,0,0
BRDA:119,5,1,0
BRDA:126,6,0,0
BRDA:126,6,1,0
BRF:14
BRH:0
end_of_record
